This file contains any messages produced by compilers while
running configure, to aid debugging if configure makes a mistake.

It was created by package-unused configure version-unused, which was
generated by GNU Autoconf 2.69.  Invocation command line was

  $ /home/luyaohan1001/Projects/hack_linux_v5.15/buildroot-2022.02.8/output/build/host-gcc-initial-10.4.0/libbacktrace/configure --srcdir=../../libbacktrace --cache-file=./config.cache --prefix=/home/luyaohan1001/Projects/hack_linux_v5.15/buildroot-2022.02.8/output/host --sysconfdir=/home/luyaohan1001/Projects/hack_linux_v5.15/buildroot-2022.02.8/output/host/etc --localstatedir=/home/luyaohan1001/Projects/hack_linux_v5.15/buildroot-2022.02.8/output/host/var --enable-shared --disable-static --disable-gtk-doc --disable-gtk-doc-html --disable-doc --disable-docs --disable-documentation --disable-debug --with-xmlto=no --with-fop=no --disable-nls --disable-dependency-tracking --with-sysroot=/home/luyaohan1001/Projects/hack_linux_v5.15/buildroot-2022.02.8/output/host/x86_64-buildroot-linux-gnu/sysroot --enable-__cxa_atexit --with-gnu-ld --disable-libssp --disable-multilib --disable-decimal-float --with-gmp=/home/luyaohan1001/Projects/hack_linux_v5.15/buildroot-2022.02.8/output/host --with-mpc=/home/luyaohan1001/Projects/hack_linux_v5.15/buildroot-2022.02.8/output/host --with-mpfr=/home/luyaohan1001/Projects/hack_linux_v5.15/buildroot-2022.02.8/output/host --with-pkgversion=Buildroot -gb01e18a7d-dirty --with-bugurl=http://bugs.buildroot.net/ --without-zstd --enable-libquadmath --enable-tls --enable-threads --without-isl --without-cloog --with-arch=x86-64 --disable-shared --without-headers --disable-threads --with-newlib --disable-largefile --enable-languages=c,lto --program-transform-name=s&^&x86_64-buildroot-linux-gnu-& --disable-option-checking --build=x86_64-pc-linux-gnu --host=x86_64-pc-linux-gnu --target=x86_64-buildroot-linux-gnu

## --------- ##
## Platform. ##
## --------- ##

hostname = lyc
uname -m = x86_64
uname -r = 5.15.0-57-generic
uname -s = Linux
uname -v = #63-Ubuntu SMP Thu Nov 24 13:43:17 UTC 2022

/usr/bin/uname -p = x86_64
/bin/uname -X     = unknown

/bin/arch              = x86_64
/usr/bin/arch -k       = unknown
/usr/convex/getsysinfo = unknown
/usr/bin/hostinfo      = unknown
/bin/machine           = unknown
/usr/bin/oslevel       = unknown
/bin/universe          = unknown

PATH: /home/luyaohan1001/Projects/hack_linux_v5.15/buildroot-2022.02.8/output/host/bin
PATH: /home/luyaohan1001/Projects/hack_linux_v5.15/buildroot-2022.02.8/output/host/sbin
PATH: /home/luyaohan1001/bin
PATH: /home/luyaohan1001/.local/bin
PATH: /home/luyaohan1001/bin
PATH: /usr/local/sbin
PATH: /usr/local/bin
PATH: /usr/sbin
PATH: /usr/bin
PATH: /sbin
PATH: /bin
PATH: /usr/games
PATH: /usr/local/games
PATH: /snap/bin
PATH: /snap/bin


## ----------- ##
## Core tests. ##
## ----------- ##

configure:2447: creating cache ./config.cache
configure:2600: checking build system type
configure:2614: result: x86_64-pc-linux-gnu
configure:2634: checking host system type
configure:2647: result: x86_64-pc-linux-gnu
configure:2667: checking target system type
configure:2680: result: x86_64-buildroot-linux-gnu
configure:2720: checking for x86_64-pc-linux-gnu-gcc
configure:2747: result: /usr/bin/gcc
configure:3016: checking for C compiler version
configure:3025: /usr/bin/gcc --version >&5
gcc (Ubuntu 11.3.0-1ubuntu1~22.04) 11.3.0
Copyright (C) 2021 Free Software Foundation, Inc.
This is free software; see the source for copying conditions.  There is NO
warranty; not even for MERCHANTABILITY or FITNESS FOR A PARTICULAR PURPOSE.

configure:3036: $? = 0
configure:3025: /usr/bin/gcc -v >&5
Using built-in specs.
COLLECT_GCC=/usr/bin/gcc
COLLECT_LTO_WRAPPER=/usr/lib/gcc/x86_64-linux-gnu/11/lto-wrapper
OFFLOAD_TARGET_NAMES=nvptx-none:amdgcn-amdhsa
OFFLOAD_TARGET_DEFAULT=1
Target: x86_64-linux-gnu
Configured with: ../src/configure -v --with-pkgversion='Ubuntu 11.3.0-1ubuntu1~22.04' --with-bugurl=file:///usr/share/doc/gcc-11/README.Bugs --enable-languages=c,ada,c++,go,brig,d,fortran,objc,obj-c++,m2 --prefix=/usr --with-gcc-major-version-only --program-suffix=-11 --program-prefix=x86_64-linux-gnu- --enable-shared --enable-linker-build-id --libexecdir=/usr/lib --without-included-gettext --enable-threads=posix --libdir=/usr/lib --enable-nls --enable-bootstrap --enable-clocale=gnu --enable-libstdcxx-debug --enable-libstdcxx-time=yes --with-default-libstdcxx-abi=new --enable-gnu-unique-object --disable-vtable-verify --enable-plugin --enable-default-pie --with-system-zlib --enable-libphobos-checking=release --with-target-system-zlib=auto --enable-objc-gc=auto --enable-multiarch --disable-werror --enable-cet --with-arch-32=i686 --with-abi=m64 --with-multilib-list=m32,m64,mx32 --enable-multilib --with-tune=generic --enable-offload-targets=nvptx-none=/build/gcc-11-xKiWfi/gcc-11-11.3.0/debian/tmp-nvptx/usr,amdgcn-amdhsa=/build/gcc-11-xKiWfi/gcc-11-11.3.0/debian/tmp-gcn/usr --without-cuda-driver --enable-checking=release --build=x86_64-linux-gnu --host=x86_64-linux-gnu --target=x86_64-linux-gnu --with-build-config=bootstrap-lto-lean --enable-link-serialization=2
Thread model: posix
Supported LTO compression algorithms: zlib zstd
gcc version 11.3.0 (Ubuntu 11.3.0-1ubuntu1~22.04) 
... rest of stderr output deleted ...
configure:3036: $? = 0
configure:3025: /usr/bin/gcc -V >&5
gcc: error: unrecognized command-line option '-V'
gcc: fatal error: no input files
compilation terminated.
configure:3036: $? = 1
configure:3025: /usr/bin/gcc -qversion >&5
gcc: error: unrecognized command-line option '-qversion'; did you mean '--version'?
gcc: fatal error: no input files
compilation terminated.
configure:3036: $? = 1
configure:3056: checking whether the C compiler works
configure:3078: /usr/bin/gcc -O2 -I/home/luyaohan1001/Projects/hack_linux_v5.15/buildroot-2022.02.8/output/host/include  -static-libstdc++ -static-libgcc -L/home/luyaohan1001/Projects/hack_linux_v5.15/buildroot-2022.02.8/output/host/lib -Wl,-rpath,/home/luyaohan1001/Projects/hack_linux_v5.15/buildroot-2022.02.8/output/host/lib conftest.c  >&5
configure:3082: $? = 0
configure:3130: result: yes
configure:3133: checking for C compiler default output file name
configure:3135: result: a.out
configure:3141: checking for suffix of executables
configure:3148: /usr/bin/gcc -o conftest -O2 -I/home/luyaohan1001/Projects/hack_linux_v5.15/buildroot-2022.02.8/output/host/include  -static-libstdc++ -static-libgcc -L/home/luyaohan1001/Projects/hack_linux_v5.15/buildroot-2022.02.8/output/host/lib -Wl,-rpath,/home/luyaohan1001/Projects/hack_linux_v5.15/buildroot-2022.02.8/output/host/lib conftest.c  >&5
configure:3152: $? = 0
configure:3174: result: 
configure:3196: checking whether we are cross compiling
configure:3204: /usr/bin/gcc -o conftest -O2 -I/home/luyaohan1001/Projects/hack_linux_v5.15/buildroot-2022.02.8/output/host/include  -static-libstdc++ -static-libgcc -L/home/luyaohan1001/Projects/hack_linux_v5.15/buildroot-2022.02.8/output/host/lib -Wl,-rpath,/home/luyaohan1001/Projects/hack_linux_v5.15/buildroot-2022.02.8/output/host/lib conftest.c  >&5
configure:3208: $? = 0
configure:3215: ./conftest
configure:3219: $? = 0
configure:3234: result: no
configure:3239: checking for suffix of object files
configure:3261: /usr/bin/gcc -c -O2 -I/home/luyaohan1001/Projects/hack_linux_v5.15/buildroot-2022.02.8/output/host/include  conftest.c >&5
configure:3265: $? = 0
configure:3286: result: o
configure:3290: checking whether we are using the GNU C compiler
configure:3309: /usr/bin/gcc -c -O2 -I/home/luyaohan1001/Projects/hack_linux_v5.15/buildroot-2022.02.8/output/host/include  conftest.c >&5
configure:3309: $? = 0
configure:3318: result: yes
configure:3327: checking whether /usr/bin/gcc accepts -g
configure:3347: /usr/bin/gcc -c -g  conftest.c >&5
configure:3347: $? = 0
configure:3388: result: yes
configure:3405: checking for /usr/bin/gcc option to accept ISO C89
configure:3468: /usr/bin/gcc  -c -O2 -I/home/luyaohan1001/Projects/hack_linux_v5.15/buildroot-2022.02.8/output/host/include  conftest.c >&5
configure:3468: $? = 0
configure:3481: result: none needed
configure:3506: checking whether /usr/bin/gcc understands -c and -o together
configure:3528: /usr/bin/gcc -c conftest.c -o conftest2.o
configure:3531: $? = 0
configure:3528: /usr/bin/gcc -c conftest.c -o conftest2.o
configure:3531: $? = 0
configure:3543: result: yes
configure:3566: checking how to run the C preprocessor
configure:3597: /usr/bin/gcc -E  conftest.c
configure:3597: $? = 0
configure:3611: /usr/bin/gcc -E  conftest.c
conftest.c:9:10: fatal error: ac_nonexistent.h: No such file or directory
    9 | #include <ac_nonexistent.h>
      |          ^~~~~~~~~~~~~~~~~~
compilation terminated.
configure:3611: $? = 1
configure: failed program was:
| /* confdefs.h */
| #define PACKAGE_NAME "package-unused"
| #define PACKAGE_TARNAME "libbacktrace"
| #define PACKAGE_VERSION "version-unused"
| #define PACKAGE_STRING "package-unused version-unused"
| #define PACKAGE_BUGREPORT ""
| #define PACKAGE_URL ""
| /* end confdefs.h.  */
| #include <ac_nonexistent.h>
configure:3636: result: /usr/bin/gcc -E
configure:3656: /usr/bin/gcc -E  conftest.c
configure:3656: $? = 0
configure:3670: /usr/bin/gcc -E  conftest.c
conftest.c:9:10: fatal error: ac_nonexistent.h: No such file or directory
    9 | #include <ac_nonexistent.h>
      |          ^~~~~~~~~~~~~~~~~~
compilation terminated.
configure:3670: $? = 1
configure: failed program was:
| /* confdefs.h */
| #define PACKAGE_NAME "package-unused"
| #define PACKAGE_TARNAME "libbacktrace"
| #define PACKAGE_VERSION "version-unused"
| #define PACKAGE_STRING "package-unused version-unused"
| #define PACKAGE_BUGREPORT ""
| #define PACKAGE_URL ""
| /* end confdefs.h.  */
| #include <ac_nonexistent.h>
configure:3699: checking for grep that handles long lines and -e
configure:3757: result: /usr/bin/grep
configure:3762: checking for egrep
configure:3824: result: /usr/bin/grep -E
configure:3829: checking for ANSI C header files
configure:3849: /usr/bin/gcc -c -O2 -I/home/luyaohan1001/Projects/hack_linux_v5.15/buildroot-2022.02.8/output/host/include  conftest.c >&5
configure:3849: $? = 0
configure:3922: /usr/bin/gcc -o conftest -O2 -I/home/luyaohan1001/Projects/hack_linux_v5.15/buildroot-2022.02.8/output/host/include  -static-libstdc++ -static-libgcc -L/home/luyaohan1001/Projects/hack_linux_v5.15/buildroot-2022.02.8/output/host/lib -Wl,-rpath,/home/luyaohan1001/Projects/hack_linux_v5.15/buildroot-2022.02.8/output/host/lib conftest.c  >&5
configure:3922: $? = 0
configure:3922: ./conftest
configure:3922: $? = 0
configure:3933: result: yes
configure:3946: checking for sys/types.h
configure:3946: /usr/bin/gcc -c -O2 -I/home/luyaohan1001/Projects/hack_linux_v5.15/buildroot-2022.02.8/output/host/include  conftest.c >&5
configure:3946: $? = 0
configure:3946: result: yes
configure:3946: checking for sys/stat.h
configure:3946: /usr/bin/gcc -c -O2 -I/home/luyaohan1001/Projects/hack_linux_v5.15/buildroot-2022.02.8/output/host/include  conftest.c >&5
configure:3946: $? = 0
configure:3946: result: yes
configure:3946: checking for stdlib.h
configure:3946: /usr/bin/gcc -c -O2 -I/home/luyaohan1001/Projects/hack_linux_v5.15/buildroot-2022.02.8/output/host/include  conftest.c >&5
configure:3946: $? = 0
configure:3946: result: yes
configure:3946: checking for string.h
configure:3946: /usr/bin/gcc -c -O2 -I/home/luyaohan1001/Projects/hack_linux_v5.15/buildroot-2022.02.8/output/host/include  conftest.c >&5
configure:3946: $? = 0
configure:3946: result: yes
configure:3946: checking for memory.h
configure:3946: /usr/bin/gcc -c -O2 -I/home/luyaohan1001/Projects/hack_linux_v5.15/buildroot-2022.02.8/output/host/include  conftest.c >&5
configure:3946: $? = 0
configure:3946: result: yes
configure:3946: checking for strings.h
configure:3946: /usr/bin/gcc -c -O2 -I/home/luyaohan1001/Projects/hack_linux_v5.15/buildroot-2022.02.8/output/host/include  conftest.c >&5
configure:3946: $? = 0
configure:3946: result: yes
configure:3946: checking for inttypes.h
configure:3946: /usr/bin/gcc -c -O2 -I/home/luyaohan1001/Projects/hack_linux_v5.15/buildroot-2022.02.8/output/host/include  conftest.c >&5
configure:3946: $? = 0
configure:3946: result: yes
configure:3946: checking for stdint.h
configure:3946: /usr/bin/gcc -c -O2 -I/home/luyaohan1001/Projects/hack_linux_v5.15/buildroot-2022.02.8/output/host/include  conftest.c >&5
configure:3946: $? = 0
configure:3946: result: yes
configure:3946: checking for unistd.h
configure:3946: /usr/bin/gcc -c -O2 -I/home/luyaohan1001/Projects/hack_linux_v5.15/buildroot-2022.02.8/output/host/include  conftest.c >&5
configure:3946: $? = 0
configure:3946: result: yes
configure:3959: checking minix/config.h usability
configure:3959: /usr/bin/gcc -c -O2 -I/home/luyaohan1001/Projects/hack_linux_v5.15/buildroot-2022.02.8/output/host/include  conftest.c >&5
conftest.c:52:10: fatal error: minix/config.h: No such file or directory
   52 | #include <minix/config.h>
      |          ^~~~~~~~~~~~~~~~
compilation terminated.
configure:3959: $? = 1
configure: failed program was:
| /* confdefs.h */
| #define PACKAGE_NAME "package-unused"
| #define PACKAGE_TARNAME "libbacktrace"
| #define PACKAGE_VERSION "version-unused"
| #define PACKAGE_STRING "package-unused version-unused"
| #define PACKAGE_BUGREPORT ""
| #define PACKAGE_URL ""
| #define STDC_HEADERS 1
| #define HAVE_SYS_TYPES_H 1
| #define HAVE_SYS_STAT_H 1
| #define HAVE_STDLIB_H 1
| #define HAVE_STRING_H 1
| #define HAVE_MEMORY_H 1
| #define HAVE_STRINGS_H 1
| #define HAVE_INTTYPES_H 1
| #define HAVE_STDINT_H 1
| #define HAVE_UNISTD_H 1
| /* end confdefs.h.  */
| #include <stdio.h>
| #ifdef HAVE_SYS_TYPES_H
| # include <sys/types.h>
| #endif
| #ifdef HAVE_SYS_STAT_H
| # include <sys/stat.h>
| #endif
| #ifdef STDC_HEADERS
| # include <stdlib.h>
| # include <stddef.h>
| #else
| # ifdef HAVE_STDLIB_H
| #  include <stdlib.h>
| # endif
| #endif
| #ifdef HAVE_STRING_H
| # if !defined STDC_HEADERS && defined HAVE_MEMORY_H
| #  include <memory.h>
| # endif
| # include <string.h>
| #endif
| #ifdef HAVE_STRINGS_H
| # include <strings.h>
| #endif
| #ifdef HAVE_INTTYPES_H
| # include <inttypes.h>
| #endif
| #ifdef HAVE_STDINT_H
| # include <stdint.h>
| #endif
| #ifdef HAVE_UNISTD_H
| # include <unistd.h>
| #endif
| #include <minix/config.h>
configure:3959: result: no
configure:3959: checking minix/config.h presence
configure:3959: /usr/bin/gcc -E  conftest.c
conftest.c:19:10: fatal error: minix/config.h: No such file or directory
   19 | #include <minix/config.h>
      |          ^~~~~~~~~~~~~~~~
compilation terminated.
configure:3959: $? = 1
configure: failed program was:
| /* confdefs.h */
| #define PACKAGE_NAME "package-unused"
| #define PACKAGE_TARNAME "libbacktrace"
| #define PACKAGE_VERSION "version-unused"
| #define PACKAGE_STRING "package-unused version-unused"
| #define PACKAGE_BUGREPORT ""
| #define PACKAGE_URL ""
| #define STDC_HEADERS 1
| #define HAVE_SYS_TYPES_H 1
| #define HAVE_SYS_STAT_H 1
| #define HAVE_STDLIB_H 1
| #define HAVE_STRING_H 1
| #define HAVE_MEMORY_H 1
| #define HAVE_STRINGS_H 1
| #define HAVE_INTTYPES_H 1
| #define HAVE_STDINT_H 1
| #define HAVE_UNISTD_H 1
| /* end confdefs.h.  */
| #include <minix/config.h>
configure:3959: result: no
configure:3959: checking for minix/config.h
configure:3959: result: no
configure:3980: checking whether it is safe to define __EXTENSIONS__
configure:3998: /usr/bin/gcc -c -O2 -I/home/luyaohan1001/Projects/hack_linux_v5.15/buildroot-2022.02.8/output/host/include  conftest.c >&5
configure:3998: $? = 0
configure:4005: result: yes
configure:4048: checking for a BSD-compatible install
configure:4116: result: /usr/bin/install -c
configure:4127: checking whether build environment is sane
configure:4182: result: yes
configure:4330: checking for a thread-safe mkdir -p
configure:4369: result: /usr/bin/mkdir -p
configure:4376: checking for gawk
configure:4403: result: gawk
configure:4414: checking whether make sets $(MAKE)
configure:4436: result: yes
configure:4465: checking whether make supports nested variables
configure:4482: result: yes
configure:4601: checking whether to enable maintainer-specific portions of Makefiles
configure:4610: result: no
configure:4644: checking for x86_64-pc-linux-gnu-gcc
configure:4671: result: /usr/bin/gcc
configure:4940: checking for C compiler version
configure:4949: /usr/bin/gcc --version >&5
gcc (Ubuntu 11.3.0-1ubuntu1~22.04) 11.3.0
Copyright (C) 2021 Free Software Foundation, Inc.
This is free software; see the source for copying conditions.  There is NO
warranty; not even for MERCHANTABILITY or FITNESS FOR A PARTICULAR PURPOSE.

configure:4960: $? = 0
configure:4949: /usr/bin/gcc -v >&5
Using built-in specs.
COLLECT_GCC=/usr/bin/gcc
COLLECT_LTO_WRAPPER=/usr/lib/gcc/x86_64-linux-gnu/11/lto-wrapper
OFFLOAD_TARGET_NAMES=nvptx-none:amdgcn-amdhsa
OFFLOAD_TARGET_DEFAULT=1
Target: x86_64-linux-gnu
Configured with: ../src/configure -v --with-pkgversion='Ubuntu 11.3.0-1ubuntu1~22.04' --with-bugurl=file:///usr/share/doc/gcc-11/README.Bugs --enable-languages=c,ada,c++,go,brig,d,fortran,objc,obj-c++,m2 --prefix=/usr --with-gcc-major-version-only --program-suffix=-11 --program-prefix=x86_64-linux-gnu- --enable-shared --enable-linker-build-id --libexecdir=/usr/lib --without-included-gettext --enable-threads=posix --libdir=/usr/lib --enable-nls --enable-bootstrap --enable-clocale=gnu --enable-libstdcxx-debug --enable-libstdcxx-time=yes --with-default-libstdcxx-abi=new --enable-gnu-unique-object --disable-vtable-verify --enable-plugin --enable-default-pie --with-system-zlib --enable-libphobos-checking=release --with-target-system-zlib=auto --enable-objc-gc=auto --enable-multiarch --disable-werror --enable-cet --with-arch-32=i686 --with-abi=m64 --with-multilib-list=m32,m64,mx32 --enable-multilib --with-tune=generic --enable-offload-targets=nvptx-none=/build/gcc-11-xKiWfi/gcc-11-11.3.0/debian/tmp-nvptx/usr,amdgcn-amdhsa=/build/gcc-11-xKiWfi/gcc-11-11.3.0/debian/tmp-gcn/usr --without-cuda-driver --enable-checking=release --build=x86_64-linux-gnu --host=x86_64-linux-gnu --target=x86_64-linux-gnu --with-build-config=bootstrap-lto-lean --enable-link-serialization=2
Thread model: posix
Supported LTO compression algorithms: zlib zstd
gcc version 11.3.0 (Ubuntu 11.3.0-1ubuntu1~22.04) 
... rest of stderr output deleted ...
configure:4960: $? = 0
configure:4949: /usr/bin/gcc -V >&5
gcc: error: unrecognized command-line option '-V'
gcc: fatal error: no input files
compilation terminated.
configure:4960: $? = 1
configure:4949: /usr/bin/gcc -qversion >&5
gcc: error: unrecognized command-line option '-qversion'; did you mean '--version'?
gcc: fatal error: no input files
compilation terminated.
configure:4960: $? = 1
configure:4964: checking whether we are using the GNU C compiler
configure:4992: result: yes
configure:5001: checking whether /usr/bin/gcc accepts -g
configure:5062: result: yes
configure:5079: checking for /usr/bin/gcc option to accept ISO C89
configure:5155: result: none needed
configure:5180: checking whether /usr/bin/gcc understands -c and -o together
configure:5217: result: yes
configure:5241: checking for x86_64-pc-linux-gnu-ranlib
configure:5268: result: /usr/bin/ranlib
configure:5335: checking for gawk
configure:5362: result: gawk
configure:5379: checking for dwz
configure:5409: result: no
configure:5469: checking how to print strings
configure:5496: result: printf
configure:5517: checking for a sed that does not truncate output
configure:5581: result: /usr/bin/sed
configure:5599: checking for fgrep
configure:5661: result: /usr/bin/grep -F
configure:5696: checking for ld used by /usr/bin/gcc
configure:5763: result: /usr/bin/ld
configure:5770: checking if the linker (/usr/bin/ld) is GNU ld
configure:5785: result: yes
configure:5797: checking for BSD- or MS-compatible name lister (nm)
configure:5846: result: /usr/bin/nm
configure:5976: checking the name lister (/usr/bin/nm) interface
configure:5983: /usr/bin/gcc -c -O2 -I/home/luyaohan1001/Projects/hack_linux_v5.15/buildroot-2022.02.8/output/host/include  conftest.c >&5
configure:5986: /usr/bin/nm "conftest.o"
configure:5989: output
0000000000000000 B some_variable
configure:5996: result: BSD nm
configure:5999: checking whether ln -s works
configure:6003: result: yes
configure:6011: checking the maximum length of command line arguments
configure:6136: result: 1572864
configure:6153: checking whether the shell understands some XSI constructs
configure:6163: result: yes
configure:6167: checking whether the shell understands "+="
configure:6173: result: yes
configure:6208: checking for /usr/bin/ld option to reload object files
configure:6215: result: -r
configure:6244: checking for x86_64-pc-linux-gnu-objdump
configure:6271: result: objdump
configure:6343: checking how to recognize dependent libraries
configure:6544: result: pass_all
configure:6564: checking for x86_64-pc-linux-gnu-ar
configure:6591: result: /usr/bin/ar
configure:6669: checking for x86_64-pc-linux-gnu-strip
configure:6699: result: no
configure:6709: checking for strip
configure:6725: found /usr/bin/strip
configure:6736: result: strip
configure:6768: checking for x86_64-pc-linux-gnu-ranlib
configure:6795: result: /usr/bin/ranlib
configure:6937: checking command to parse /usr/bin/nm output from /usr/bin/gcc object
configure:7055: /usr/bin/gcc -c -O2 -I/home/luyaohan1001/Projects/hack_linux_v5.15/buildroot-2022.02.8/output/host/include  conftest.c >&5
configure:7058: $? = 0
configure:7062: /usr/bin/nm conftest.o \| sed -n -e 's/^.*[ ]\([ABCDGIRSTW][ABCDGIRSTW]*\)[ ][ ]*\([_A-Za-z][_A-Za-z0-9]*\)$/\1 \2 \2/p' \> conftest.nm
configure:7065: $? = 0
configure:7119: /usr/bin/gcc -o conftest -O2 -I/home/luyaohan1001/Projects/hack_linux_v5.15/buildroot-2022.02.8/output/host/include  -static-libstdc++ -static-libgcc -L/home/luyaohan1001/Projects/hack_linux_v5.15/buildroot-2022.02.8/output/host/lib -Wl,-rpath,/home/luyaohan1001/Projects/hack_linux_v5.15/buildroot-2022.02.8/output/host/lib conftest.c conftstm.o >&5
configure:7122: $? = 0
configure:7160: result: ok
configure:7255: /usr/bin/gcc -c -O2 -I/home/luyaohan1001/Projects/hack_linux_v5.15/buildroot-2022.02.8/output/host/include  conftest.c >&5
configure:7258: $? = 0
configure:8010: checking for dlfcn.h
configure:8010: /usr/bin/gcc -c -O2 -I/home/luyaohan1001/Projects/hack_linux_v5.15/buildroot-2022.02.8/output/host/include  conftest.c >&5
configure:8010: $? = 0
configure:8010: result: yes
configure:8197: checking for objdir
configure:8212: result: .libs
configure:8483: checking if /usr/bin/gcc supports -fno-rtti -fno-exceptions
configure:8501: /usr/bin/gcc -c -O2 -I/home/luyaohan1001/Projects/hack_linux_v5.15/buildroot-2022.02.8/output/host/include  -fno-rtti -fno-exceptions conftest.c >&5
cc1: warning: command-line option '-fno-rtti' is valid for C++/D/ObjC++ but not for C
configure:8505: $? = 0
configure:8518: result: no
configure:8538: checking for /usr/bin/gcc option to produce PIC
configure:8824: result: -fPIC -DPIC
configure:8836: checking if /usr/bin/gcc PIC flag -fPIC -DPIC works
configure:8854: /usr/bin/gcc -c -O2 -I/home/luyaohan1001/Projects/hack_linux_v5.15/buildroot-2022.02.8/output/host/include  -fPIC -DPIC -DPIC conftest.c >&5
configure:8858: $? = 0
configure:8871: result: yes
configure:8895: checking if /usr/bin/gcc static flag -static works
configure:8923: result: yes
configure:8938: checking if /usr/bin/gcc supports -c -o file.o
configure:8959: /usr/bin/gcc -c -O2 -I/home/luyaohan1001/Projects/hack_linux_v5.15/buildroot-2022.02.8/output/host/include  -o out/conftest2.o conftest.c >&5
configure:8963: $? = 0
configure:8985: result: yes
configure:8993: checking if /usr/bin/gcc supports -c -o file.o
configure:9040: result: yes
configure:9073: checking whether the /usr/bin/gcc linker (/usr/bin/ld -m elf_x86_64) supports shared libraries
configure:10144: result: yes
configure:10389: checking dynamic linker characteristics
configure:10845: /usr/bin/gcc -o conftest -O2 -I/home/luyaohan1001/Projects/hack_linux_v5.15/buildroot-2022.02.8/output/host/include  -static-libstdc++ -static-libgcc -L/home/luyaohan1001/Projects/hack_linux_v5.15/buildroot-2022.02.8/output/host/lib -Wl,-rpath,/home/luyaohan1001/Projects/hack_linux_v5.15/buildroot-2022.02.8/output/host/lib -Wl,-rpath -Wl,/foo conftest.c  >&5
configure:10845: $? = 0
configure:11067: result: GNU/Linux ld.so
configure:11174: checking how to hardcode library paths into programs
configure:11199: result: immediate
configure:11739: checking whether stripping libraries is possible
configure:11744: result: yes
configure:11779: checking if libtool supports shared libraries
configure:11781: result: yes
configure:11784: checking whether to build shared libraries
configure:11805: result: no
configure:11808: checking whether to build static libraries
configure:11812: result: yes
configure:12057: checking unwind.h usability
configure:12057: /usr/bin/gcc -c -O2 -I/home/luyaohan1001/Projects/hack_linux_v5.15/buildroot-2022.02.8/output/host/include  conftest.c >&5
configure:12057: $? = 0
configure:12057: result: yes
configure:12057: checking unwind.h presence
configure:12057: /usr/bin/gcc -E  conftest.c
configure:12057: $? = 0
configure:12057: result: yes
configure:12057: checking for unwind.h
configure:12057: result: yes
configure:12059: checking for _Unwind_Backtrace
configure:12059: /usr/bin/gcc -o conftest -O2 -I/home/luyaohan1001/Projects/hack_linux_v5.15/buildroot-2022.02.8/output/host/include  -static-libstdc++ -static-libgcc -L/home/luyaohan1001/Projects/hack_linux_v5.15/buildroot-2022.02.8/output/host/lib -Wl,-rpath,/home/luyaohan1001/Projects/hack_linux_v5.15/buildroot-2022.02.8/output/host/lib conftest.c  >&5
configure:12059: $? = 0
configure:12059: result: yes
configure:12080: checking for -funwind-tables option
configure:12098: /usr/bin/gcc -c -O2 -I/home/luyaohan1001/Projects/hack_linux_v5.15/buildroot-2022.02.8/output/host/include -funwind-tables  conftest.c >&5
configure:12098: $? = 0
configure:12106: result: yes
configure:12111: checking for -frandom-seed=string option
configure:12129: /usr/bin/gcc -c -O2 -I/home/luyaohan1001/Projects/hack_linux_v5.15/buildroot-2022.02.8/output/host/include -frandom-seed=conftest.lo  conftest.c >&5
configure:12129: $? = 0
configure:12137: result: yes
configure:12250: checking whether /usr/bin/gcc supports -W
configure:12267: /usr/bin/gcc -c -W  conftest.c >&5
configure:12267: $? = 0
configure:12276: result: yes
configure:12250: checking whether /usr/bin/gcc supports -Wall
configure:12267: /usr/bin/gcc -c -Wall  conftest.c >&5
configure:12267: $? = 0
configure:12276: result: yes
configure:12250: checking whether /usr/bin/gcc supports -Wwrite-strings
configure:12267: /usr/bin/gcc -c -Wwrite-strings  conftest.c >&5
configure:12267: $? = 0
configure:12276: result: yes
configure:12250: checking whether /usr/bin/gcc supports -Wstrict-prototypes
configure:12267: /usr/bin/gcc -c -Wstrict-prototypes  conftest.c >&5
conftest.c:28:1: warning: function declaration isn't a prototype [-Wstrict-prototypes]
   28 | main ()
      | ^~~~
configure:12267: $? = 0
configure:12276: result: yes
configure:12250: checking whether /usr/bin/gcc supports -Wmissing-prototypes
configure:12267: /usr/bin/gcc -c -Wmissing-prototypes  conftest.c >&5
configure:12267: $? = 0
configure:12276: result: yes
configure:12250: checking whether /usr/bin/gcc supports -Wold-style-definition
configure:12267: /usr/bin/gcc -c -Wold-style-definition  conftest.c >&5
conftest.c: In function 'main':
conftest.c:28:1: warning: old-style function definition [-Wold-style-definition]
   28 | main ()
      | ^~~~
configure:12267: $? = 0
configure:12276: result: yes
configure:12250: checking whether /usr/bin/gcc supports -Wmissing-format-attribute
configure:12267: /usr/bin/gcc -c -Wmissing-format-attribute  conftest.c >&5
configure:12267: $? = 0
configure:12276: result: yes
configure:12250: checking whether /usr/bin/gcc supports -Wcast-qual
configure:12267: /usr/bin/gcc -c -Wcast-qual  conftest.c >&5
configure:12267: $? = 0
configure:12276: result: yes
configure:12337: checking for _Unwind_GetIPInfo
configure:12352: /usr/bin/gcc -o conftest -O2 -I/home/luyaohan1001/Projects/hack_linux_v5.15/buildroot-2022.02.8/output/host/include -Werror-implicit-function-declaration  -static-libstdc++ -static-libgcc -L/home/luyaohan1001/Projects/hack_linux_v5.15/buildroot-2022.02.8/output/host/lib -Wl,-rpath,/home/luyaohan1001/Projects/hack_linux_v5.15/buildroot-2022.02.8/output/host/lib conftest.c  >&5
configure:12352: $? = 0
configure:12360: result: yes
configure:12380: checking __sync extensions
configure:12404: /usr/bin/gcc -o conftest -O2 -I/home/luyaohan1001/Projects/hack_linux_v5.15/buildroot-2022.02.8/output/host/include  -static-libstdc++ -static-libgcc -L/home/luyaohan1001/Projects/hack_linux_v5.15/buildroot-2022.02.8/output/host/lib -Wl,-rpath,/home/luyaohan1001/Projects/hack_linux_v5.15/buildroot-2022.02.8/output/host/lib conftest.c  >&5
configure:12404: $? = 0
configure:12413: result: yes
configure:12425: checking __atomic extensions
configure:12445: /usr/bin/gcc -o conftest -O2 -I/home/luyaohan1001/Projects/hack_linux_v5.15/buildroot-2022.02.8/output/host/include  -static-libstdc++ -static-libgcc -L/home/luyaohan1001/Projects/hack_linux_v5.15/buildroot-2022.02.8/output/host/lib -Wl,-rpath,/home/luyaohan1001/Projects/hack_linux_v5.15/buildroot-2022.02.8/output/host/lib conftest.c  >&5
configure:12445: $? = 0
configure:12454: result: yes
configure:12465: checking output filetype
configure:12482: /usr/bin/gcc -c -O2 -I/home/luyaohan1001/Projects/hack_linux_v5.15/buildroot-2022.02.8/output/host/include  conftest.c >&5
configure:12482: $? = 0
configure:12493: result: elf64
configure:12574: checking for uintmax_t
configure:12574: /usr/bin/gcc -c -O2 -I/home/luyaohan1001/Projects/hack_linux_v5.15/buildroot-2022.02.8/output/host/include  conftest.c >&5
configure:12574: $? = 0
configure:12574: /usr/bin/gcc -c -O2 -I/home/luyaohan1001/Projects/hack_linux_v5.15/buildroot-2022.02.8/output/host/include  conftest.c >&5
conftest.c: In function 'main':
conftest.c:37:24: error: expected expression before ')' token
   37 | if (sizeof ((uintmax_t)))
      |                        ^
configure:12574: $? = 1
configure: failed program was:
| /* confdefs.h */
| #define PACKAGE_NAME "package-unused"
| #define PACKAGE_TARNAME "libbacktrace"
| #define PACKAGE_VERSION "version-unused"
| #define PACKAGE_STRING "package-unused version-unused"
| #define PACKAGE_BUGREPORT ""
| #define PACKAGE_URL ""
| #define STDC_HEADERS 1
| #define HAVE_SYS_TYPES_H 1
| #define HAVE_SYS_STAT_H 1
| #define HAVE_STDLIB_H 1
| #define HAVE_STRING_H 1
| #define HAVE_MEMORY_H 1
| #define HAVE_STRINGS_H 1
| #define HAVE_INTTYPES_H 1
| #define HAVE_STDINT_H 1
| #define HAVE_UNISTD_H 1
| #define __EXTENSIONS__ 1
| #define _ALL_SOURCE 1
| #define _GNU_SOURCE 1
| #define _POSIX_PTHREAD_SEMANTICS 1
| #define _TANDEM_SOURCE 1
| #define HAVE_DLFCN_H 1
| #define LT_OBJDIR ".libs/"
| #define HAVE_GETIPINFO 1
| #define HAVE_SYNC_FUNCTIONS 1
| #define HAVE_ATOMIC_FUNCTIONS 1
| #define BACKTRACE_ELF_SIZE 64
| #define BACKTRACE_XCOFF_SIZE unused
| /* end confdefs.h.  */
| #include <sys/types.h>
| #include <stdint.h>
| 
| int
| main ()
| {
| if (sizeof ((uintmax_t)))
| 	    return 0;
|   ;
|   return 0;
| }
configure:12574: result: yes
configure:12583: checking for uintptr_t
configure:12583: /usr/bin/gcc -c -O2 -I/home/luyaohan1001/Projects/hack_linux_v5.15/buildroot-2022.02.8/output/host/include  conftest.c >&5
configure:12583: $? = 0
configure:12583: /usr/bin/gcc -c -O2 -I/home/luyaohan1001/Projects/hack_linux_v5.15/buildroot-2022.02.8/output/host/include  conftest.c >&5
conftest.c: In function 'main':
conftest.c:37:24: error: expected expression before ')' token
   37 | if (sizeof ((uintptr_t)))
      |                        ^
configure:12583: $? = 1
configure: failed program was:
| /* confdefs.h */
| #define PACKAGE_NAME "package-unused"
| #define PACKAGE_TARNAME "libbacktrace"
| #define PACKAGE_VERSION "version-unused"
| #define PACKAGE_STRING "package-unused version-unused"
| #define PACKAGE_BUGREPORT ""
| #define PACKAGE_URL ""
| #define STDC_HEADERS 1
| #define HAVE_SYS_TYPES_H 1
| #define HAVE_SYS_STAT_H 1
| #define HAVE_STDLIB_H 1
| #define HAVE_STRING_H 1
| #define HAVE_MEMORY_H 1
| #define HAVE_STRINGS_H 1
| #define HAVE_INTTYPES_H 1
| #define HAVE_STDINT_H 1
| #define HAVE_UNISTD_H 1
| #define __EXTENSIONS__ 1
| #define _ALL_SOURCE 1
| #define _GNU_SOURCE 1
| #define _POSIX_PTHREAD_SEMANTICS 1
| #define _TANDEM_SOURCE 1
| #define HAVE_DLFCN_H 1
| #define LT_OBJDIR ".libs/"
| #define HAVE_GETIPINFO 1
| #define HAVE_SYNC_FUNCTIONS 1
| #define HAVE_ATOMIC_FUNCTIONS 1
| #define BACKTRACE_ELF_SIZE 64
| #define BACKTRACE_XCOFF_SIZE unused
| /* end confdefs.h.  */
| #include <sys/types.h>
| #include <stdint.h>
| 
| int
| main ()
| {
| if (sizeof ((uintptr_t)))
| 	    return 0;
|   ;
|   return 0;
| }
configure:12583: result: yes
configure:12592: checking for int_least32_t
configure:12592: /usr/bin/gcc -c -O2 -I/home/luyaohan1001/Projects/hack_linux_v5.15/buildroot-2022.02.8/output/host/include  conftest.c >&5
configure:12592: $? = 0
configure:12592: /usr/bin/gcc -c -O2 -I/home/luyaohan1001/Projects/hack_linux_v5.15/buildroot-2022.02.8/output/host/include  conftest.c >&5
conftest.c: In function 'main':
conftest.c:37:28: error: expected expression before ')' token
   37 | if (sizeof ((int_least32_t)))
      |                            ^
configure:12592: $? = 1
configure: failed program was:
| /* confdefs.h */
| #define PACKAGE_NAME "package-unused"
| #define PACKAGE_TARNAME "libbacktrace"
| #define PACKAGE_VERSION "version-unused"
| #define PACKAGE_STRING "package-unused version-unused"
| #define PACKAGE_BUGREPORT ""
| #define PACKAGE_URL ""
| #define STDC_HEADERS 1
| #define HAVE_SYS_TYPES_H 1
| #define HAVE_SYS_STAT_H 1
| #define HAVE_STDLIB_H 1
| #define HAVE_STRING_H 1
| #define HAVE_MEMORY_H 1
| #define HAVE_STRINGS_H 1
| #define HAVE_INTTYPES_H 1
| #define HAVE_STDINT_H 1
| #define HAVE_UNISTD_H 1
| #define __EXTENSIONS__ 1
| #define _ALL_SOURCE 1
| #define _GNU_SOURCE 1
| #define _POSIX_PTHREAD_SEMANTICS 1
| #define _TANDEM_SOURCE 1
| #define HAVE_DLFCN_H 1
| #define LT_OBJDIR ".libs/"
| #define HAVE_GETIPINFO 1
| #define HAVE_SYNC_FUNCTIONS 1
| #define HAVE_ATOMIC_FUNCTIONS 1
| #define BACKTRACE_ELF_SIZE 64
| #define BACKTRACE_XCOFF_SIZE unused
| /* end confdefs.h.  */
| #include <sys/types.h>
| #include <stdint.h>
| 
| int
| main ()
| {
| if (sizeof ((int_least32_t)))
| 	    return 0;
|   ;
|   return 0;
| }
configure:12592: result: yes
configure:12601: checking for int_fast32_t
configure:12601: /usr/bin/gcc -c -O2 -I/home/luyaohan1001/Projects/hack_linux_v5.15/buildroot-2022.02.8/output/host/include  conftest.c >&5
configure:12601: $? = 0
configure:12601: /usr/bin/gcc -c -O2 -I/home/luyaohan1001/Projects/hack_linux_v5.15/buildroot-2022.02.8/output/host/include  conftest.c >&5
conftest.c: In function 'main':
conftest.c:37:27: error: expected expression before ')' token
   37 | if (sizeof ((int_fast32_t)))
      |                           ^
configure:12601: $? = 1
configure: failed program was:
| /* confdefs.h */
| #define PACKAGE_NAME "package-unused"
| #define PACKAGE_TARNAME "libbacktrace"
| #define PACKAGE_VERSION "version-unused"
| #define PACKAGE_STRING "package-unused version-unused"
| #define PACKAGE_BUGREPORT ""
| #define PACKAGE_URL ""
| #define STDC_HEADERS 1
| #define HAVE_SYS_TYPES_H 1
| #define HAVE_SYS_STAT_H 1
| #define HAVE_STDLIB_H 1
| #define HAVE_STRING_H 1
| #define HAVE_MEMORY_H 1
| #define HAVE_STRINGS_H 1
| #define HAVE_INTTYPES_H 1
| #define HAVE_STDINT_H 1
| #define HAVE_UNISTD_H 1
| #define __EXTENSIONS__ 1
| #define _ALL_SOURCE 1
| #define _GNU_SOURCE 1
| #define _POSIX_PTHREAD_SEMANTICS 1
| #define _TANDEM_SOURCE 1
| #define HAVE_DLFCN_H 1
| #define LT_OBJDIR ".libs/"
| #define HAVE_GETIPINFO 1
| #define HAVE_SYNC_FUNCTIONS 1
| #define HAVE_ATOMIC_FUNCTIONS 1
| #define BACKTRACE_ELF_SIZE 64
| #define BACKTRACE_XCOFF_SIZE unused
| /* end confdefs.h.  */
| #include <sys/types.h>
| #include <stdint.h>
| 
| int
| main ()
| {
| if (sizeof ((int_fast32_t)))
| 	    return 0;
|   ;
|   return 0;
| }
configure:12601: result: yes
configure:12610: checking for uint64_t
configure:12610: /usr/bin/gcc -c -O2 -I/home/luyaohan1001/Projects/hack_linux_v5.15/buildroot-2022.02.8/output/host/include  conftest.c >&5
configure:12610: $? = 0
configure:12610: /usr/bin/gcc -c -O2 -I/home/luyaohan1001/Projects/hack_linux_v5.15/buildroot-2022.02.8/output/host/include  conftest.c >&5
conftest.c: In function 'main':
conftest.c:37:23: error: expected expression before ')' token
   37 | if (sizeof ((uint64_t)))
      |                       ^
configure:12610: $? = 1
configure: failed program was:
| /* confdefs.h */
| #define PACKAGE_NAME "package-unused"
| #define PACKAGE_TARNAME "libbacktrace"
| #define PACKAGE_VERSION "version-unused"
| #define PACKAGE_STRING "package-unused version-unused"
| #define PACKAGE_BUGREPORT ""
| #define PACKAGE_URL ""
| #define STDC_HEADERS 1
| #define HAVE_SYS_TYPES_H 1
| #define HAVE_SYS_STAT_H 1
| #define HAVE_STDLIB_H 1
| #define HAVE_STRING_H 1
| #define HAVE_MEMORY_H 1
| #define HAVE_STRINGS_H 1
| #define HAVE_INTTYPES_H 1
| #define HAVE_STDINT_H 1
| #define HAVE_UNISTD_H 1
| #define __EXTENSIONS__ 1
| #define _ALL_SOURCE 1
| #define _GNU_SOURCE 1
| #define _POSIX_PTHREAD_SEMANTICS 1
| #define _TANDEM_SOURCE 1
| #define HAVE_DLFCN_H 1
| #define LT_OBJDIR ".libs/"
| #define HAVE_GETIPINFO 1
| #define HAVE_SYNC_FUNCTIONS 1
| #define HAVE_ATOMIC_FUNCTIONS 1
| #define BACKTRACE_ELF_SIZE 64
| #define BACKTRACE_XCOFF_SIZE unused
| /* end confdefs.h.  */
| #include <sys/types.h>
| #include <stdint.h>
| 
| int
| main ()
| {
| if (sizeof ((uint64_t)))
| 	    return 0;
|   ;
|   return 0;
| }
configure:12610: result: yes
configure:12691: checking what to include in gstdint.h
configure:12719: result: stdint.h (already complete)
configure:12965: checking sys/mman.h usability
configure:12965: /usr/bin/gcc -c -O2 -I/home/luyaohan1001/Projects/hack_linux_v5.15/buildroot-2022.02.8/output/host/include  conftest.c >&5
configure:12965: $? = 0
configure:12965: result: yes
configure:12965: checking sys/mman.h presence
configure:12965: /usr/bin/gcc -E  conftest.c
configure:12965: $? = 0
configure:12965: result: yes
configure:12965: checking for sys/mman.h
configure:12965: result: yes
configure:12988: checking for mmap
configure:12988: /usr/bin/gcc -o conftest -O2 -I/home/luyaohan1001/Projects/hack_linux_v5.15/buildroot-2022.02.8/output/host/include  -static-libstdc++ -static-libgcc -L/home/luyaohan1001/Projects/hack_linux_v5.15/buildroot-2022.02.8/output/host/lib -Wl,-rpath,/home/luyaohan1001/Projects/hack_linux_v5.15/buildroot-2022.02.8/output/host/lib conftest.c  >&5
configure:12988: $? = 0
configure:12988: result: yes
configure:13011: /usr/bin/gcc -E  conftest.c
configure:13011: $? = 0
configure:13030: checking link.h usability
configure:13030: /usr/bin/gcc -c -O2 -I/home/luyaohan1001/Projects/hack_linux_v5.15/buildroot-2022.02.8/output/host/include  conftest.c >&5
configure:13030: $? = 0
configure:13030: result: yes
configure:13030: checking link.h presence
configure:13030: /usr/bin/gcc -E  conftest.c
configure:13030: $? = 0
configure:13030: result: yes
configure:13030: checking for link.h
configure:13030: result: yes
configure:13059: checking for dl_iterate_phdr
configure:13059: /usr/bin/gcc -o conftest -O2 -I/home/luyaohan1001/Projects/hack_linux_v5.15/buildroot-2022.02.8/output/host/include  -static-libstdc++ -static-libgcc -L/home/luyaohan1001/Projects/hack_linux_v5.15/buildroot-2022.02.8/output/host/lib -Wl,-rpath,/home/luyaohan1001/Projects/hack_linux_v5.15/buildroot-2022.02.8/output/host/lib conftest.c  >&5
configure:13059: $? = 0
configure:13059: result: yes
configure:13077: checking sys/ldr.h usability
configure:13077: /usr/bin/gcc -c -O2 -I/home/luyaohan1001/Projects/hack_linux_v5.15/buildroot-2022.02.8/output/host/include  conftest.c >&5
conftest.c:67:10: fatal error: sys/ldr.h: No such file or directory
   67 | #include <sys/ldr.h>
      |          ^~~~~~~~~~~
compilation terminated.
configure:13077: $? = 1
configure: failed program was:
| /* confdefs.h */
| #define PACKAGE_NAME "package-unused"
| #define PACKAGE_TARNAME "libbacktrace"
| #define PACKAGE_VERSION "version-unused"
| #define PACKAGE_STRING "package-unused version-unused"
| #define PACKAGE_BUGREPORT ""
| #define PACKAGE_URL ""
| #define STDC_HEADERS 1
| #define HAVE_SYS_TYPES_H 1
| #define HAVE_SYS_STAT_H 1
| #define HAVE_STDLIB_H 1
| #define HAVE_STRING_H 1
| #define HAVE_MEMORY_H 1
| #define HAVE_STRINGS_H 1
| #define HAVE_INTTYPES_H 1
| #define HAVE_STDINT_H 1
| #define HAVE_UNISTD_H 1
| #define __EXTENSIONS__ 1
| #define _ALL_SOURCE 1
| #define _GNU_SOURCE 1
| #define _POSIX_PTHREAD_SEMANTICS 1
| #define _TANDEM_SOURCE 1
| #define HAVE_DLFCN_H 1
| #define LT_OBJDIR ".libs/"
| #define HAVE_GETIPINFO 1
| #define HAVE_SYNC_FUNCTIONS 1
| #define HAVE_ATOMIC_FUNCTIONS 1
| #define BACKTRACE_ELF_SIZE 64
| #define BACKTRACE_XCOFF_SIZE unused
| #define HAVE_SYS_MMAN_H 1
| #define HAVE_LINK_H 1
| #define HAVE_DL_ITERATE_PHDR 1
| /* end confdefs.h.  */
| #include <stdio.h>
| #ifdef HAVE_SYS_TYPES_H
| # include <sys/types.h>
| #endif
| #ifdef HAVE_SYS_STAT_H
| # include <sys/stat.h>
| #endif
| #ifdef STDC_HEADERS
| # include <stdlib.h>
| # include <stddef.h>
| #else
| # ifdef HAVE_STDLIB_H
| #  include <stdlib.h>
| # endif
| #endif
| #ifdef HAVE_STRING_H
| # if !defined STDC_HEADERS && defined HAVE_MEMORY_H
| #  include <memory.h>
| # endif
| # include <string.h>
| #endif
| #ifdef HAVE_STRINGS_H
| # include <strings.h>
| #endif
| #ifdef HAVE_INTTYPES_H
| # include <inttypes.h>
| #endif
| #ifdef HAVE_STDINT_H
| # include <stdint.h>
| #endif
| #ifdef HAVE_UNISTD_H
| # include <unistd.h>
| #endif
| #include <sys/ldr.h>
configure:13077: result: no
configure:13077: checking sys/ldr.h presence
configure:13077: /usr/bin/gcc -E  conftest.c
conftest.c:34:10: fatal error: sys/ldr.h: No such file or directory
   34 | #include <sys/ldr.h>
      |          ^~~~~~~~~~~
compilation terminated.
configure:13077: $? = 1
configure: failed program was:
| /* confdefs.h */
| #define PACKAGE_NAME "package-unused"
| #define PACKAGE_TARNAME "libbacktrace"
| #define PACKAGE_VERSION "version-unused"
| #define PACKAGE_STRING "package-unused version-unused"
| #define PACKAGE_BUGREPORT ""
| #define PACKAGE_URL ""
| #define STDC_HEADERS 1
| #define HAVE_SYS_TYPES_H 1
| #define HAVE_SYS_STAT_H 1
| #define HAVE_STDLIB_H 1
| #define HAVE_STRING_H 1
| #define HAVE_MEMORY_H 1
| #define HAVE_STRINGS_H 1
| #define HAVE_INTTYPES_H 1
| #define HAVE_STDINT_H 1
| #define HAVE_UNISTD_H 1
| #define __EXTENSIONS__ 1
| #define _ALL_SOURCE 1
| #define _GNU_SOURCE 1
| #define _POSIX_PTHREAD_SEMANTICS 1
| #define _TANDEM_SOURCE 1
| #define HAVE_DLFCN_H 1
| #define LT_OBJDIR ".libs/"
| #define HAVE_GETIPINFO 1
| #define HAVE_SYNC_FUNCTIONS 1
| #define HAVE_ATOMIC_FUNCTIONS 1
| #define BACKTRACE_ELF_SIZE 64
| #define BACKTRACE_XCOFF_SIZE unused
| #define HAVE_SYS_MMAN_H 1
| #define HAVE_LINK_H 1
| #define HAVE_DL_ITERATE_PHDR 1
| /* end confdefs.h.  */
| #include <sys/ldr.h>
configure:13077: result: no
configure:13077: checking for sys/ldr.h
configure:13077: result: no
configure:13128: checking for fcntl
configure:13128: /usr/bin/gcc -o conftest -O2 -I/home/luyaohan1001/Projects/hack_linux_v5.15/buildroot-2022.02.8/output/host/include  -static-libstdc++ -static-libgcc -L/home/luyaohan1001/Projects/hack_linux_v5.15/buildroot-2022.02.8/output/host/lib -Wl,-rpath,/home/luyaohan1001/Projects/hack_linux_v5.15/buildroot-2022.02.8/output/host/lib conftest.c  >&5
configure:13128: $? = 0
configure:13128: result: yes
configure:13142: checking whether strnlen is declared
configure:13142: /usr/bin/gcc -c -O2 -I/home/luyaohan1001/Projects/hack_linux_v5.15/buildroot-2022.02.8/output/host/include  conftest.c >&5
configure:13142: $? = 0
configure:13142: result: yes
configure:13156: checking for lstat
configure:13156: /usr/bin/gcc -o conftest -O2 -I/home/luyaohan1001/Projects/hack_linux_v5.15/buildroot-2022.02.8/output/host/include  -static-libstdc++ -static-libgcc -L/home/luyaohan1001/Projects/hack_linux_v5.15/buildroot-2022.02.8/output/host/lib -Wl,-rpath,/home/luyaohan1001/Projects/hack_linux_v5.15/buildroot-2022.02.8/output/host/lib conftest.c  >&5
configure:13156: $? = 0
configure:13156: result: yes
configure:13156: checking for readlink
configure:13156: /usr/bin/gcc -o conftest -O2 -I/home/luyaohan1001/Projects/hack_linux_v5.15/buildroot-2022.02.8/output/host/include  -static-libstdc++ -static-libgcc -L/home/luyaohan1001/Projects/hack_linux_v5.15/buildroot-2022.02.8/output/host/lib -Wl,-rpath,/home/luyaohan1001/Projects/hack_linux_v5.15/buildroot-2022.02.8/output/host/lib conftest.c  >&5
configure:13156: $? = 0
configure:13156: result: yes
configure:13173: checking for getexecname
configure:13173: /usr/bin/gcc -o conftest -O2 -I/home/luyaohan1001/Projects/hack_linux_v5.15/buildroot-2022.02.8/output/host/include  -static-libstdc++ -static-libgcc -L/home/luyaohan1001/Projects/hack_linux_v5.15/buildroot-2022.02.8/output/host/lib -Wl,-rpath,/home/luyaohan1001/Projects/hack_linux_v5.15/buildroot-2022.02.8/output/host/lib conftest.c  >&5
/usr/bin/ld: /tmp/ccxyP9j5.o: in function `main':
conftest.c:(.text.startup+0xb): undefined reference to `getexecname'
collect2: error: ld returned 1 exit status
configure:13173: $? = 1
configure: failed program was:
| /* confdefs.h */
| #define PACKAGE_NAME "package-unused"
| #define PACKAGE_TARNAME "libbacktrace"
| #define PACKAGE_VERSION "version-unused"
| #define PACKAGE_STRING "package-unused version-unused"
| #define PACKAGE_BUGREPORT ""
| #define PACKAGE_URL ""
| #define STDC_HEADERS 1
| #define HAVE_SYS_TYPES_H 1
| #define HAVE_SYS_STAT_H 1
| #define HAVE_STDLIB_H 1
| #define HAVE_STRING_H 1
| #define HAVE_MEMORY_H 1
| #define HAVE_STRINGS_H 1
| #define HAVE_INTTYPES_H 1
| #define HAVE_STDINT_H 1
| #define HAVE_UNISTD_H 1
| #define __EXTENSIONS__ 1
| #define _ALL_SOURCE 1
| #define _GNU_SOURCE 1
| #define _POSIX_PTHREAD_SEMANTICS 1
| #define _TANDEM_SOURCE 1
| #define HAVE_DLFCN_H 1
| #define LT_OBJDIR ".libs/"
| #define HAVE_GETIPINFO 1
| #define HAVE_SYNC_FUNCTIONS 1
| #define HAVE_ATOMIC_FUNCTIONS 1
| #define BACKTRACE_ELF_SIZE 64
| #define BACKTRACE_XCOFF_SIZE unused
| #define HAVE_SYS_MMAN_H 1
| #define HAVE_LINK_H 1
| #define HAVE_DL_ITERATE_PHDR 1
| #define HAVE_FCNTL 1
| #define HAVE_DECL_STRNLEN 1
| #define HAVE_LSTAT 1
| #define HAVE_READLINK 1
| /* end confdefs.h.  */
| /* Define getexecname to an innocuous variant, in case <limits.h> declares getexecname.
|    For example, HP-UX 11i <limits.h> declares gettimeofday.  */
| #define getexecname innocuous_getexecname
| 
| /* System header to define __stub macros and hopefully few prototypes,
|     which can conflict with char getexecname (); below.
|     Prefer <limits.h> to <assert.h> if __STDC__ is defined, since
|     <limits.h> exists even on freestanding compilers.  */
| 
| #ifdef __STDC__
| # include <limits.h>
| #else
| # include <assert.h>
| #endif
| 
| #undef getexecname
| 
| /* Override any GCC internal prototype to avoid an error.
|    Use char because int might match the return type of a GCC
|    builtin and then its argument prototype would still apply.  */
| #ifdef __cplusplus
| extern "C"
| #endif
| char getexecname ();
| /* The GNU C library defines this for functions which it implements
|     to always fail with ENOSYS.  Some functions are actually named
|     something starting with __ and the normal name is an alias.  */
| #if defined __stub_getexecname || defined __stub___getexecname
| choke me
| #endif
| 
| int
| main ()
| {
| return getexecname ();
|   ;
|   return 0;
| }
configure:13173: result: no
configure:13190: checking for clock_gettime
configure:13190: /usr/bin/gcc -o conftest -O2 -I/home/luyaohan1001/Projects/hack_linux_v5.15/buildroot-2022.02.8/output/host/include  -static-libstdc++ -static-libgcc -L/home/luyaohan1001/Projects/hack_linux_v5.15/buildroot-2022.02.8/output/host/lib -Wl,-rpath,/home/luyaohan1001/Projects/hack_linux_v5.15/buildroot-2022.02.8/output/host/lib conftest.c  >&5
configure:13190: $? = 0
configure:13190: result: yes
configure:13251: checking whether -pthread is supported
configure:13262: /usr/bin/gcc -c -O2 -I/home/luyaohan1001/Projects/hack_linux_v5.15/buildroot-2022.02.8/output/host/include -pthread  conftest.c >&5
configure:13262: $? = 0
configure:13270: result: yes
configure:13287: checking whether -gdwarf-5 is supported
configure:13305: /usr/bin/gcc -o conftest -O2 -I/home/luyaohan1001/Projects/hack_linux_v5.15/buildroot-2022.02.8/output/host/include -gdwarf-5  -static-libstdc++ -static-libgcc -L/home/luyaohan1001/Projects/hack_linux_v5.15/buildroot-2022.02.8/output/host/lib -Wl,-rpath,/home/luyaohan1001/Projects/hack_linux_v5.15/buildroot-2022.02.8/output/host/lib conftest.c  >&5
configure:13305: $? = 0
configure:13314: result: yes
configure:13325: checking for compress in -lz
configure:13350: /usr/bin/gcc -o conftest -O2 -I/home/luyaohan1001/Projects/hack_linux_v5.15/buildroot-2022.02.8/output/host/include  -static-libstdc++ -static-libgcc -L/home/luyaohan1001/Projects/hack_linux_v5.15/buildroot-2022.02.8/output/host/lib -Wl,-rpath,/home/luyaohan1001/Projects/hack_linux_v5.15/buildroot-2022.02.8/output/host/lib conftest.c -lz   >&5
configure:13350: $? = 0
configure:13359: result: yes
configure:13376: checking whether --compress-debug-sections is supported
configure:13394: /usr/bin/gcc -o conftest -O2 -I/home/luyaohan1001/Projects/hack_linux_v5.15/buildroot-2022.02.8/output/host/include  -static-libstdc++ -static-libgcc -L/home/luyaohan1001/Projects/hack_linux_v5.15/buildroot-2022.02.8/output/host/lib -Wl,-rpath,/home/luyaohan1001/Projects/hack_linux_v5.15/buildroot-2022.02.8/output/host/lib -Wl,--compress-debug-sections=zlib-gnu conftest.c  >&5
configure:13394: $? = 0
configure:13403: result: yes
configure:13417: checking for objcopy
configure:13433: found /usr/bin/objcopy
configure:13444: result: objcopy
configure:13454: checking for readelf
configure:13481: result: readelf
configure:13489: checking whether objcopy supports debuglink
configure:13503: result: yes
configure:13514: checking whether tests can run
configure:13533: /usr/bin/gcc -o conftest -O2 -I/home/luyaohan1001/Projects/hack_linux_v5.15/buildroot-2022.02.8/output/host/include  -static-libstdc++ -static-libgcc -L/home/luyaohan1001/Projects/hack_linux_v5.15/buildroot-2022.02.8/output/host/lib -Wl,-rpath,/home/luyaohan1001/Projects/hack_linux_v5.15/buildroot-2022.02.8/output/host/lib conftest.c  >&5
configure:13533: $? = 0
configure:13533: ./conftest
configure:13533: $? = 0
configure:13543: result: yes
configure:13626: updating cache ./config.cache
configure:13670: checking that generated files are newer than configure
configure:13676: result: done
configure:13727: creating ./config.status

## ---------------------- ##
## Running config.status. ##
## ---------------------- ##

This file was extended by package-unused config.status version-unused, which was
generated by GNU Autoconf 2.69.  Invocation command line was

  CONFIG_FILES    = 
  CONFIG_HEADERS  = 
  CONFIG_LINKS    = 
  CONFIG_COMMANDS = 
  $ ./config.status 

on lyc

config.status:1156: creating Makefile
config.status:1156: creating backtrace-supported.h
config.status:1156: creating install-debuginfo-for-buildid.sh
config.status:1156: creating config.h
config.status:1370: executing libtool commands
config.status:1370: executing gstdint.h commands
config.status:1370: executing default commands

## ---------------- ##
## Cache variables. ##
## ---------------- ##

ac_cv_build=x86_64-pc-linux-gnu
ac_cv_c_compiler_gnu=yes
ac_cv_env_CC_set=set
ac_cv_env_CC_value=/usr/bin/gcc
ac_cv_env_CFLAGS_set=set
ac_cv_env_CFLAGS_value='-O2 -I/home/luyaohan1001/Projects/hack_linux_v5.15/buildroot-2022.02.8/output/host/include'
ac_cv_env_CPPFLAGS_set=
ac_cv_env_CPPFLAGS_value=
ac_cv_env_CPP_set=
ac_cv_env_CPP_value=
ac_cv_env_LDFLAGS_set=set
ac_cv_env_LDFLAGS_value='-static-libstdc++ -static-libgcc -L/home/luyaohan1001/Projects/hack_linux_v5.15/buildroot-2022.02.8/output/host/lib -Wl,-rpath,/home/luyaohan1001/Projects/hack_linux_v5.15/buildroot-2022.02.8/output/host/lib'
ac_cv_env_LIBS_set=
ac_cv_env_LIBS_value=
ac_cv_env_OBJCOPY_set=set
ac_cv_env_OBJCOPY_value=
ac_cv_env_build_alias_set=set
ac_cv_env_build_alias_value=x86_64-pc-linux-gnu
ac_cv_env_host_alias_set=set
ac_cv_env_host_alias_value=x86_64-pc-linux-gnu
ac_cv_env_target_alias_set=set
ac_cv_env_target_alias_value=x86_64-buildroot-linux-gnu
ac_cv_func__Unwind_Backtrace=yes
ac_cv_func_clock_gettime=yes
ac_cv_func_dl_iterate_phdr=yes
ac_cv_func_fcntl=yes
ac_cv_func_getexecname=no
ac_cv_func_lstat=yes
ac_cv_func_mmap=yes
ac_cv_func_readlink=yes
ac_cv_have_decl_strnlen=yes
ac_cv_header_dlfcn_h=yes
ac_cv_header_inttypes_h=yes
ac_cv_header_link_h=yes
ac_cv_header_memory_h=yes
ac_cv_header_minix_config_h=no
ac_cv_header_stdc=yes
ac_cv_header_stdint_h=yes
ac_cv_header_stdlib_h=yes
ac_cv_header_string_h=yes
ac_cv_header_strings_h=yes
ac_cv_header_sys_ldr_h=no
ac_cv_header_sys_mman_h=yes
ac_cv_header_sys_stat_h=yes
ac_cv_header_sys_types_h=yes
ac_cv_header_unistd_h=yes
ac_cv_header_unwind_h=yes
ac_cv_host=x86_64-pc-linux-gnu
ac_cv_lib_z_compress=yes
ac_cv_objext=o
ac_cv_path_EGREP='/usr/bin/grep -E'
ac_cv_path_FGREP='/usr/bin/grep -F'
ac_cv_path_GREP=/usr/bin/grep
ac_cv_path_SED=/usr/bin/sed
ac_cv_path_install='/usr/bin/install -c'
ac_cv_path_mkdir=/usr/bin/mkdir
ac_cv_prog_AR=/usr/bin/ar
ac_cv_prog_AWK=gawk
ac_cv_prog_CC=/usr/bin/gcc
ac_cv_prog_CPP='/usr/bin/gcc -E'
ac_cv_prog_OBJCOPY=objcopy
ac_cv_prog_OBJDUMP=objdump
ac_cv_prog_RANLIB=/usr/bin/ranlib
ac_cv_prog_READELF=readelf
ac_cv_prog_ac_ct_STRIP=strip
ac_cv_prog_cc_c89=
ac_cv_prog_cc_g=yes
ac_cv_prog_make_make_set=yes
ac_cv_safe_to_define___extensions__=yes
ac_cv_target=x86_64-buildroot-linux-gnu
ac_cv_type_int_fast32_t=yes
ac_cv_type_int_least32_t=yes
ac_cv_type_u_int64_t=no
ac_cv_type_uint64_t=yes
ac_cv_type_uintmax_t=yes
ac_cv_type_uintptr_t=yes
acx_cv_header_stdint=stdint.h
acx_cv_header_stdint_kind='(already complete)'
acx_cv_prog_cc_warning__W=yes
acx_cv_prog_cc_warning__Wall=yes
acx_cv_prog_cc_warning__Wcast_qual=yes
acx_cv_prog_cc_warning__Wmissing_format_attribute=yes
acx_cv_prog_cc_warning__Wmissing_prototypes=yes
acx_cv_prog_cc_warning__Wold_style_definition=yes
acx_cv_prog_cc_warning__Wstrict_prototypes=yes
acx_cv_prog_cc_warning__Wwrite_strings=yes
am_cv_make_support_nested_variables=yes
am_cv_prog_cc_c_o=yes
gcc_cv_libc_provides_ssp=yes
libbacktrace_cv_c_random_seed_string=yes
libbacktrace_cv_c_unwind_tables=yes
libbacktrace_cv_lib_dwarf5=yes
libbacktrace_cv_objcopy_debuglink=yes
libbacktrace_cv_sys_atomic=yes
libbacktrace_cv_sys_filetype=elf64
libbacktrace_cv_sys_native=yes
libbacktrace_cv_sys_sync=yes
libgo_cv_ld_compress=yes
libgo_cv_lib_pthread=yes
lt_cv_deplibs_check_method=pass_all
lt_cv_file_magic_cmd='$MAGIC_CMD'
lt_cv_file_magic_test_file=
lt_cv_ld_reload_flag=-r
lt_cv_nm_interface='BSD nm'
lt_cv_objdir=.libs
lt_cv_path_LD=/usr/bin/ld
lt_cv_path_NM=/usr/bin/nm
lt_cv_prog_compiler_c_o=yes
lt_cv_prog_compiler_pic_works=yes
lt_cv_prog_compiler_rtti_exceptions=no
lt_cv_prog_compiler_static_works=yes
lt_cv_prog_gnu_ld=yes
lt_cv_shlibpath_overrides_runpath=yes
lt_cv_sys_global_symbol_pipe='sed -n -e '\''s/^.*[	 ]\([ABCDGIRSTW][ABCDGIRSTW]*\)[	 ][	 ]*\([_A-Za-z][_A-Za-z0-9]*\)$/\1 \2 \2/p'\'''
lt_cv_sys_global_symbol_to_c_name_address='sed -n -e '\''s/^: \([^ ]*\) $/  {\"\1\", (void *) 0},/p'\'' -e '\''s/^[ABCDGIRSTW]* \([^ ]*\) \([^ ]*\)$/  {"\2", (void *) \&\2},/p'\'''
lt_cv_sys_global_symbol_to_c_name_address_lib_prefix='sed -n -e '\''s/^: \([^ ]*\) $/  {\"\1\", (void *) 0},/p'\'' -e '\''s/^[ABCDGIRSTW]* \([^ ]*\) \(lib[^ ]*\)$/  {"\2", (void *) \&\2},/p'\'' -e '\''s/^[ABCDGIRSTW]* \([^ ]*\) \([^ ]*\)$/  {"lib\2", (void *) \&\2},/p'\'''
lt_cv_sys_global_symbol_to_cdecl='sed -n -e '\''s/^T .* \(.*\)$/extern int \1();/p'\'' -e '\''s/^[ABCDGIRSTW]* .* \(.*\)$/extern char \1;/p'\'''
lt_cv_sys_max_cmd_len=1572864

## ----------------- ##
## Output variables. ##
## ----------------- ##

ACLOCAL='${SHELL} /home/luyaohan1001/Projects/hack_linux_v5.15/buildroot-2022.02.8/output/build/host-gcc-initial-10.4.0/missing aclocal-1.15'
ALLOC_FILE='mmap.lo'
AMTAR='$${TAR-tar}'
AM_BACKSLASH='\'
AM_DEFAULT_V='$(AM_DEFAULT_VERBOSITY)'
AM_DEFAULT_VERBOSITY='1'
AM_V='$(V)'
AR='/usr/bin/ar'
AUTOCONF='${SHELL} /home/luyaohan1001/Projects/hack_linux_v5.15/buildroot-2022.02.8/output/build/host-gcc-initial-10.4.0/missing autoconf'
AUTOHEADER='${SHELL} /home/luyaohan1001/Projects/hack_linux_v5.15/buildroot-2022.02.8/output/build/host-gcc-initial-10.4.0/missing autoheader'
AUTOMAKE='${SHELL} /home/luyaohan1001/Projects/hack_linux_v5.15/buildroot-2022.02.8/output/build/host-gcc-initial-10.4.0/missing automake-1.15'
AWK='gawk'
BACKTRACE_FILE='backtrace.lo simple.lo'
BACKTRACE_SUPPORTED='1'
BACKTRACE_SUPPORTS_DATA='1'
BACKTRACE_SUPPORTS_THREADS='1'
BACKTRACE_USES_MALLOC='0'
CC='/usr/bin/gcc'
CFLAGS='-O2 -I/home/luyaohan1001/Projects/hack_linux_v5.15/buildroot-2022.02.8/output/host/include'
CLOCK_GETTIME_LINK=''
CPP='/usr/bin/gcc -E'
CPPFLAGS=''
CYGPATH_W='echo'
DEFS='-DHAVE_CONFIG_H'
DSYMUTIL='dsymutil'
DUMPBIN=''
DWZ=''
ECHO_C=''
ECHO_N='-n'
ECHO_T=''
EGREP='/usr/bin/grep -E'
EXEEXT=''
EXTRA_FLAGS='-funwind-tables -frandom-seed=$@'
FGREP='/usr/bin/grep -F'
FORMAT_FILE='elf.lo'
GREP='/usr/bin/grep'
HAVE_COMPRESSED_DEBUG_FALSE='#'
HAVE_COMPRESSED_DEBUG_TRUE=''
HAVE_DWARF5_FALSE='#'
HAVE_DWARF5_TRUE=''
HAVE_DWZ_FALSE=''
HAVE_DWZ_TRUE='#'
HAVE_ELF_FALSE='#'
HAVE_ELF_TRUE=''
HAVE_OBJCOPY_DEBUGLINK_FALSE='#'
HAVE_OBJCOPY_DEBUGLINK_TRUE=''
HAVE_PTHREAD_FALSE='#'
HAVE_PTHREAD_TRUE=''
HAVE_ZLIB_FALSE='#'
HAVE_ZLIB_TRUE=''
INSTALL_DATA='${INSTALL} -m 644'
INSTALL_PROGRAM='${INSTALL}'
INSTALL_SCRIPT='${INSTALL}'
INSTALL_STRIP_PROGRAM='$(install_sh) -c -s'
LD='/usr/bin/ld -m elf_x86_64'
LDFLAGS='-static-libstdc++ -static-libgcc -L/home/luyaohan1001/Projects/hack_linux_v5.15/buildroot-2022.02.8/output/host/lib -Wl,-rpath,/home/luyaohan1001/Projects/hack_linux_v5.15/buildroot-2022.02.8/output/host/lib'
LIBOBJS=''
LIBS=''
LIBTOOL='$(SHELL) $(top_builddir)/libtool'
LIPO=''
LN_S='ln -s'
LTLIBOBJS=''
MAINT='#'
MAINTAINER_MODE_FALSE=''
MAINTAINER_MODE_TRUE='#'
MAKEINFO='/home/luyaohan1001/Projects/hack_linux_v5.15/buildroot-2022.02.8/output/build/host-gcc-initial-10.4.0/missing makeinfo'
MKDIR_P='/usr/bin/mkdir -p'
NATIVE_FALSE='#'
NATIVE_TRUE=''
NM='/usr/bin/nm'
NMEDIT=''
OBJCOPY='objcopy'
OBJDUMP='objdump'
OBJEXT='o'
OTOOL64=''
OTOOL='otool'
PACKAGE='libbacktrace'
PACKAGE_BUGREPORT=''
PACKAGE_NAME='package-unused'
PACKAGE_STRING='package-unused version-unused'
PACKAGE_TARNAME='libbacktrace'
PACKAGE_URL=''
PACKAGE_VERSION='version-unused'
PATH_SEPARATOR=':'
PIC_FLAG=''
PTHREAD_CFLAGS='-pthread'
RANLIB='/usr/bin/ranlib'
READELF='readelf'
SED='/usr/bin/sed'
SET_MAKE=''
SHELL='/bin/bash'
STRIP='strip'
VERSION='version-unused'
VIEW_FILE='mmapio.lo'
WARN_FLAGS='-W -Wall -Wwrite-strings -Wstrict-prototypes -Wmissing-prototypes -Wold-style-definition -Wmissing-format-attribute -Wcast-qual'
ac_ct_CC=''
ac_ct_DUMPBIN=''
am__EXEEXT_FALSE=''
am__EXEEXT_TRUE='#'
am__isrc=' -I$(srcdir)'
am__leading_dot='.'
am__tar='$${TAR-tar} chof - "$$tardir"'
am__untar='$${TAR-tar} xf -'
bindir='${exec_prefix}/bin'
build='x86_64-pc-linux-gnu'
build_alias='x86_64-pc-linux-gnu'
build_cpu='x86_64'
build_os='linux-gnu'
build_vendor='pc'
datadir='${datarootdir}'
datarootdir='${prefix}/share'
docdir='${datarootdir}/doc/${PACKAGE_TARNAME}'
dvidir='${docdir}'
exec_prefix='${prefix}'
host='x86_64-pc-linux-gnu'
host_alias='x86_64-pc-linux-gnu'
host_cpu='x86_64'
host_os='linux-gnu'
host_vendor='pc'
htmldir='${docdir}'
includedir='${prefix}/include'
infodir='${datarootdir}/info'
install_sh='${SHELL} /home/luyaohan1001/Projects/hack_linux_v5.15/buildroot-2022.02.8/output/build/host-gcc-initial-10.4.0/install-sh'
libdir='${exec_prefix}/lib'
libexecdir='${exec_prefix}/libexec'
libtool_VERSION='1:0:0'
localedir='${datarootdir}/locale'
localstatedir='/home/luyaohan1001/Projects/hack_linux_v5.15/buildroot-2022.02.8/output/host/var'
mandir='${datarootdir}/man'
mkdir_p='$(MKDIR_P)'
multi_basedir=''
oldincludedir='/usr/include'
pdfdir='${docdir}'
prefix='/home/luyaohan1001/Projects/hack_linux_v5.15/buildroot-2022.02.8/output/host'
program_transform_name='s&^&x86_64-buildroot-linux-gnu-&'
psdir='${docdir}'
sbindir='${exec_prefix}/sbin'
sharedstatedir='${prefix}/com'
sysconfdir='/home/luyaohan1001/Projects/hack_linux_v5.15/buildroot-2022.02.8/output/host/etc'
target='x86_64-buildroot-linux-gnu'
target_alias='x86_64-buildroot-linux-gnu'
target_cpu='x86_64'
target_os='linux-gnu'
target_vendor='buildroot'

## ----------- ##
## confdefs.h. ##
## ----------- ##

/* confdefs.h */
#define PACKAGE_NAME "package-unused"
#define PACKAGE_TARNAME "libbacktrace"
#define PACKAGE_VERSION "version-unused"
#define PACKAGE_STRING "package-unused version-unused"
#define PACKAGE_BUGREPORT ""
#define PACKAGE_URL ""
#define STDC_HEADERS 1
#define HAVE_SYS_TYPES_H 1
#define HAVE_SYS_STAT_H 1
#define HAVE_STDLIB_H 1
#define HAVE_STRING_H 1
#define HAVE_MEMORY_H 1
#define HAVE_STRINGS_H 1
#define HAVE_INTTYPES_H 1
#define HAVE_STDINT_H 1
#define HAVE_UNISTD_H 1
#define __EXTENSIONS__ 1
#define _ALL_SOURCE 1
#define _GNU_SOURCE 1
#define _POSIX_PTHREAD_SEMANTICS 1
#define _TANDEM_SOURCE 1
#define HAVE_DLFCN_H 1
#define LT_OBJDIR ".libs/"
#define HAVE_GETIPINFO 1
#define HAVE_SYNC_FUNCTIONS 1
#define HAVE_ATOMIC_FUNCTIONS 1
#define BACKTRACE_ELF_SIZE 64
#define BACKTRACE_XCOFF_SIZE unused
#define HAVE_SYS_MMAN_H 1
#define HAVE_LINK_H 1
#define HAVE_DL_ITERATE_PHDR 1
#define HAVE_FCNTL 1
#define HAVE_DECL_STRNLEN 1
#define HAVE_LSTAT 1
#define HAVE_READLINK 1
#define HAVE_CLOCK_GETTIME 1
#define HAVE_ZLIB 1

configure: exit 0
