This file contains any messages produced by compilers while
running configure, to aid debugging if configure makes a mistake.

It was created by libcc1 configure version-unused, which was
generated by GNU Autoconf 2.69.  Invocation command line was

  $ /home/luyaohan1001/Projects/hack_linux_v5.15/buildroot-2022.02.8/output/build/host-gcc-final-10.4.0/libcc1/configure --srcdir=../../libcc1 --cache-file=./config.cache --prefix=/home/luyaohan1001/Projects/hack_linux_v5.15/buildroot-2022.02.8/output/host --sysconfdir=/home/luyaohan1001/Projects/hack_linux_v5.15/buildroot-2022.02.8/output/host/etc --enable-static --with-sysroot=/home/luyaohan1001/Projects/hack_linux_v5.15/buildroot-2022.02.8/output/host/x86_64-buildroot-linux-gnu/sysroot --enable-__cxa_atexit --with-gnu-ld --disable-libssp --disable-multilib --disable-decimal-float --with-gmp=/home/luyaohan1001/Projects/hack_linux_v5.15/buildroot-2022.02.8/output/host --with-mpc=/home/luyaohan1001/Projects/hack_linux_v5.15/buildroot-2022.02.8/output/host --with-mpfr=/home/luyaohan1001/Projects/hack_linux_v5.15/buildroot-2022.02.8/output/host --with-pkgversion=Buildroot -gb01e18a7d-dirty --with-bugurl=http://bugs.buildroot.net/ --without-zstd --enable-libquadmath --enable-tls --enable-threads --without-isl --without-cloog --with-arch=x86-64 --with-build-time-tools=/home/luyaohan1001/Projects/hack_linux_v5.15/buildroot-2022.02.8/output/host/x86_64-buildroot-linux-gnu/bin --enable-shared --disable-libgomp --enable-languages=c,lto --program-transform-name=s&^&x86_64-buildroot-linux-gnu-& --disable-option-checking --build=x86_64-pc-linux-gnu --host=x86_64-pc-linux-gnu --target=x86_64-buildroot-linux-gnu --enable-shared

## --------- ##
## Platform. ##
## --------- ##

hostname = lyc
uname -m = x86_64
uname -r = 5.15.0-57-generic
uname -s = Linux
uname -v = #63-Ubuntu SMP Thu Nov 24 13:43:17 UTC 2022

/usr/bin/uname -p = x86_64
/bin/uname -X     = unknown

/bin/arch              = x86_64
/usr/bin/arch -k       = unknown
/usr/convex/getsysinfo = unknown
/usr/bin/hostinfo      = unknown
/bin/machine           = unknown
/usr/bin/oslevel       = unknown
/bin/universe          = unknown

PATH: /home/luyaohan1001/Projects/hack_linux_v5.15/buildroot-2022.02.8/output/host/bin
PATH: /home/luyaohan1001/Projects/hack_linux_v5.15/buildroot-2022.02.8/output/host/sbin
PATH: /home/luyaohan1001/bin
PATH: /home/luyaohan1001/.local/bin
PATH: /home/luyaohan1001/bin
PATH: /usr/local/sbin
PATH: /usr/local/bin
PATH: /usr/sbin
PATH: /usr/bin
PATH: /sbin
PATH: /bin
PATH: /usr/games
PATH: /usr/local/games
PATH: /snap/bin
PATH: /snap/bin


## ----------- ##
## Core tests. ##
## ----------- ##

configure:2340: creating cache ./config.cache
configure:2453: checking build system type
configure:2467: result: x86_64-pc-linux-gnu
configure:2487: checking host system type
configure:2500: result: x86_64-pc-linux-gnu
configure:2520: checking target system type
configure:2533: result: x86_64-buildroot-linux-gnu
configure:2571: checking for x86_64-pc-linux-gnu-gcc
configure:2598: result: /usr/bin/gcc
configure:2867: checking for C compiler version
configure:2876: /usr/bin/gcc --version >&5
gcc (Ubuntu 11.3.0-1ubuntu1~22.04) 11.3.0
Copyright (C) 2021 Free Software Foundation, Inc.
This is free software; see the source for copying conditions.  There is NO
warranty; not even for MERCHANTABILITY or FITNESS FOR A PARTICULAR PURPOSE.

configure:2887: $? = 0
configure:2876: /usr/bin/gcc -v >&5
Using built-in specs.
COLLECT_GCC=/usr/bin/gcc
COLLECT_LTO_WRAPPER=/usr/lib/gcc/x86_64-linux-gnu/11/lto-wrapper
OFFLOAD_TARGET_NAMES=nvptx-none:amdgcn-amdhsa
OFFLOAD_TARGET_DEFAULT=1
Target: x86_64-linux-gnu
Configured with: ../src/configure -v --with-pkgversion='Ubuntu 11.3.0-1ubuntu1~22.04' --with-bugurl=file:///usr/share/doc/gcc-11/README.Bugs --enable-languages=c,ada,c++,go,brig,d,fortran,objc,obj-c++,m2 --prefix=/usr --with-gcc-major-version-only --program-suffix=-11 --program-prefix=x86_64-linux-gnu- --enable-shared --enable-linker-build-id --libexecdir=/usr/lib --without-included-gettext --enable-threads=posix --libdir=/usr/lib --enable-nls --enable-bootstrap --enable-clocale=gnu --enable-libstdcxx-debug --enable-libstdcxx-time=yes --with-default-libstdcxx-abi=new --enable-gnu-unique-object --disable-vtable-verify --enable-plugin --enable-default-pie --with-system-zlib --enable-libphobos-checking=release --with-target-system-zlib=auto --enable-objc-gc=auto --enable-multiarch --disable-werror --enable-cet --with-arch-32=i686 --with-abi=m64 --with-multilib-list=m32,m64,mx32 --enable-multilib --with-tune=generic --enable-offload-targets=nvptx-none=/build/gcc-11-xKiWfi/gcc-11-11.3.0/debian/tmp-nvptx/usr,amdgcn-amdhsa=/build/gcc-11-xKiWfi/gcc-11-11.3.0/debian/tmp-gcn/usr --without-cuda-driver --enable-checking=release --build=x86_64-linux-gnu --host=x86_64-linux-gnu --target=x86_64-linux-gnu --with-build-config=bootstrap-lto-lean --enable-link-serialization=2
Thread model: posix
Supported LTO compression algorithms: zlib zstd
gcc version 11.3.0 (Ubuntu 11.3.0-1ubuntu1~22.04) 
... rest of stderr output deleted ...
configure:2887: $? = 0
configure:2876: /usr/bin/gcc -V >&5
gcc: error: unrecognized command-line option '-V'
gcc: fatal error: no input files
compilation terminated.
configure:2887: $? = 1
configure:2876: /usr/bin/gcc -qversion >&5
gcc: error: unrecognized command-line option '-qversion'; did you mean '--version'?
gcc: fatal error: no input files
compilation terminated.
configure:2887: $? = 1
configure:2907: checking whether the C compiler works
configure:2929: /usr/bin/gcc -O2 -I/home/luyaohan1001/Projects/hack_linux_v5.15/buildroot-2022.02.8/output/host/include  -static-libstdc++ -static-libgcc -L/home/luyaohan1001/Projects/hack_linux_v5.15/buildroot-2022.02.8/output/host/lib -Wl,-rpath,/home/luyaohan1001/Projects/hack_linux_v5.15/buildroot-2022.02.8/output/host/lib conftest.c  >&5
configure:2933: $? = 0
configure:2981: result: yes
configure:2984: checking for C compiler default output file name
configure:2986: result: a.out
configure:2992: checking for suffix of executables
configure:2999: /usr/bin/gcc -o conftest -O2 -I/home/luyaohan1001/Projects/hack_linux_v5.15/buildroot-2022.02.8/output/host/include  -static-libstdc++ -static-libgcc -L/home/luyaohan1001/Projects/hack_linux_v5.15/buildroot-2022.02.8/output/host/lib -Wl,-rpath,/home/luyaohan1001/Projects/hack_linux_v5.15/buildroot-2022.02.8/output/host/lib conftest.c  >&5
configure:3003: $? = 0
configure:3025: result: 
configure:3047: checking whether we are cross compiling
configure:3055: /usr/bin/gcc -o conftest -O2 -I/home/luyaohan1001/Projects/hack_linux_v5.15/buildroot-2022.02.8/output/host/include  -static-libstdc++ -static-libgcc -L/home/luyaohan1001/Projects/hack_linux_v5.15/buildroot-2022.02.8/output/host/lib -Wl,-rpath,/home/luyaohan1001/Projects/hack_linux_v5.15/buildroot-2022.02.8/output/host/lib conftest.c  >&5
configure:3059: $? = 0
configure:3066: ./conftest
configure:3070: $? = 0
configure:3085: result: no
configure:3090: checking for suffix of object files
configure:3112: /usr/bin/gcc -c -O2 -I/home/luyaohan1001/Projects/hack_linux_v5.15/buildroot-2022.02.8/output/host/include  conftest.c >&5
configure:3116: $? = 0
configure:3137: result: o
configure:3141: checking whether we are using the GNU C compiler
configure:3160: /usr/bin/gcc -c -O2 -I/home/luyaohan1001/Projects/hack_linux_v5.15/buildroot-2022.02.8/output/host/include  conftest.c >&5
configure:3160: $? = 0
configure:3169: result: yes
configure:3178: checking whether /usr/bin/gcc accepts -g
configure:3198: /usr/bin/gcc -c -g  conftest.c >&5
configure:3198: $? = 0
configure:3239: result: yes
configure:3256: checking for /usr/bin/gcc option to accept ISO C89
configure:3319: /usr/bin/gcc  -c -O2 -I/home/luyaohan1001/Projects/hack_linux_v5.15/buildroot-2022.02.8/output/host/include  conftest.c >&5
configure:3319: $? = 0
configure:3332: result: none needed
configure:3357: checking whether /usr/bin/gcc understands -c and -o together
configure:3379: /usr/bin/gcc -c conftest.c -o conftest2.o
configure:3382: $? = 0
configure:3379: /usr/bin/gcc -c conftest.c -o conftest2.o
configure:3382: $? = 0
configure:3394: result: yes
configure:3417: checking how to run the C preprocessor
configure:3448: /usr/bin/gcc -E  conftest.c
configure:3448: $? = 0
configure:3462: /usr/bin/gcc -E  conftest.c
conftest.c:9:10: fatal error: ac_nonexistent.h: No such file or directory
    9 | #include <ac_nonexistent.h>
      |          ^~~~~~~~~~~~~~~~~~
compilation terminated.
configure:3462: $? = 1
configure: failed program was:
| /* confdefs.h */
| #define PACKAGE_NAME "libcc1"
| #define PACKAGE_TARNAME "libcc1"
| #define PACKAGE_VERSION "version-unused"
| #define PACKAGE_STRING "libcc1 version-unused"
| #define PACKAGE_BUGREPORT ""
| #define PACKAGE_URL ""
| /* end confdefs.h.  */
| #include <ac_nonexistent.h>
configure:3487: result: /usr/bin/gcc -E
configure:3507: /usr/bin/gcc -E  conftest.c
configure:3507: $? = 0
configure:3521: /usr/bin/gcc -E  conftest.c
conftest.c:9:10: fatal error: ac_nonexistent.h: No such file or directory
    9 | #include <ac_nonexistent.h>
      |          ^~~~~~~~~~~~~~~~~~
compilation terminated.
configure:3521: $? = 1
configure: failed program was:
| /* confdefs.h */
| #define PACKAGE_NAME "libcc1"
| #define PACKAGE_TARNAME "libcc1"
| #define PACKAGE_VERSION "version-unused"
| #define PACKAGE_STRING "libcc1 version-unused"
| #define PACKAGE_BUGREPORT ""
| #define PACKAGE_URL ""
| /* end confdefs.h.  */
| #include <ac_nonexistent.h>
configure:3550: checking for grep that handles long lines and -e
configure:3608: result: /usr/bin/grep
configure:3613: checking for egrep
configure:3675: result: /usr/bin/grep -E
configure:3680: checking for ANSI C header files
configure:3700: /usr/bin/gcc -c -O2 -I/home/luyaohan1001/Projects/hack_linux_v5.15/buildroot-2022.02.8/output/host/include  conftest.c >&5
configure:3700: $? = 0
configure:3773: /usr/bin/gcc -o conftest -O2 -I/home/luyaohan1001/Projects/hack_linux_v5.15/buildroot-2022.02.8/output/host/include  -static-libstdc++ -static-libgcc -L/home/luyaohan1001/Projects/hack_linux_v5.15/buildroot-2022.02.8/output/host/lib -Wl,-rpath,/home/luyaohan1001/Projects/hack_linux_v5.15/buildroot-2022.02.8/output/host/lib conftest.c  >&5
configure:3773: $? = 0
configure:3773: ./conftest
configure:3773: $? = 0
configure:3784: result: yes
configure:3797: checking for sys/types.h
configure:3797: /usr/bin/gcc -c -O2 -I/home/luyaohan1001/Projects/hack_linux_v5.15/buildroot-2022.02.8/output/host/include  conftest.c >&5
configure:3797: $? = 0
configure:3797: result: yes
configure:3797: checking for sys/stat.h
configure:3797: /usr/bin/gcc -c -O2 -I/home/luyaohan1001/Projects/hack_linux_v5.15/buildroot-2022.02.8/output/host/include  conftest.c >&5
configure:3797: $? = 0
configure:3797: result: yes
configure:3797: checking for stdlib.h
configure:3797: /usr/bin/gcc -c -O2 -I/home/luyaohan1001/Projects/hack_linux_v5.15/buildroot-2022.02.8/output/host/include  conftest.c >&5
configure:3797: $? = 0
configure:3797: result: yes
configure:3797: checking for string.h
configure:3797: /usr/bin/gcc -c -O2 -I/home/luyaohan1001/Projects/hack_linux_v5.15/buildroot-2022.02.8/output/host/include  conftest.c >&5
configure:3797: $? = 0
configure:3797: result: yes
configure:3797: checking for memory.h
configure:3797: /usr/bin/gcc -c -O2 -I/home/luyaohan1001/Projects/hack_linux_v5.15/buildroot-2022.02.8/output/host/include  conftest.c >&5
configure:3797: $? = 0
configure:3797: result: yes
configure:3797: checking for strings.h
configure:3797: /usr/bin/gcc -c -O2 -I/home/luyaohan1001/Projects/hack_linux_v5.15/buildroot-2022.02.8/output/host/include  conftest.c >&5
configure:3797: $? = 0
configure:3797: result: yes
configure:3797: checking for inttypes.h
configure:3797: /usr/bin/gcc -c -O2 -I/home/luyaohan1001/Projects/hack_linux_v5.15/buildroot-2022.02.8/output/host/include  conftest.c >&5
configure:3797: $? = 0
configure:3797: result: yes
configure:3797: checking for stdint.h
configure:3797: /usr/bin/gcc -c -O2 -I/home/luyaohan1001/Projects/hack_linux_v5.15/buildroot-2022.02.8/output/host/include  conftest.c >&5
configure:3797: $? = 0
configure:3797: result: yes
configure:3797: checking for unistd.h
configure:3797: /usr/bin/gcc -c -O2 -I/home/luyaohan1001/Projects/hack_linux_v5.15/buildroot-2022.02.8/output/host/include  conftest.c >&5
configure:3797: $? = 0
configure:3797: result: yes
configure:3810: checking minix/config.h usability
configure:3810: /usr/bin/gcc -c -O2 -I/home/luyaohan1001/Projects/hack_linux_v5.15/buildroot-2022.02.8/output/host/include  conftest.c >&5
conftest.c:52:10: fatal error: minix/config.h: No such file or directory
   52 | #include <minix/config.h>
      |          ^~~~~~~~~~~~~~~~
compilation terminated.
configure:3810: $? = 1
configure: failed program was:
| /* confdefs.h */
| #define PACKAGE_NAME "libcc1"
| #define PACKAGE_TARNAME "libcc1"
| #define PACKAGE_VERSION "version-unused"
| #define PACKAGE_STRING "libcc1 version-unused"
| #define PACKAGE_BUGREPORT ""
| #define PACKAGE_URL ""
| #define STDC_HEADERS 1
| #define HAVE_SYS_TYPES_H 1
| #define HAVE_SYS_STAT_H 1
| #define HAVE_STDLIB_H 1
| #define HAVE_STRING_H 1
| #define HAVE_MEMORY_H 1
| #define HAVE_STRINGS_H 1
| #define HAVE_INTTYPES_H 1
| #define HAVE_STDINT_H 1
| #define HAVE_UNISTD_H 1
| /* end confdefs.h.  */
| #include <stdio.h>
| #ifdef HAVE_SYS_TYPES_H
| # include <sys/types.h>
| #endif
| #ifdef HAVE_SYS_STAT_H
| # include <sys/stat.h>
| #endif
| #ifdef STDC_HEADERS
| # include <stdlib.h>
| # include <stddef.h>
| #else
| # ifdef HAVE_STDLIB_H
| #  include <stdlib.h>
| # endif
| #endif
| #ifdef HAVE_STRING_H
| # if !defined STDC_HEADERS && defined HAVE_MEMORY_H
| #  include <memory.h>
| # endif
| # include <string.h>
| #endif
| #ifdef HAVE_STRINGS_H
| # include <strings.h>
| #endif
| #ifdef HAVE_INTTYPES_H
| # include <inttypes.h>
| #endif
| #ifdef HAVE_STDINT_H
| # include <stdint.h>
| #endif
| #ifdef HAVE_UNISTD_H
| # include <unistd.h>
| #endif
| #include <minix/config.h>
configure:3810: result: no
configure:3810: checking minix/config.h presence
configure:3810: /usr/bin/gcc -E  conftest.c
conftest.c:19:10: fatal error: minix/config.h: No such file or directory
   19 | #include <minix/config.h>
      |          ^~~~~~~~~~~~~~~~
compilation terminated.
configure:3810: $? = 1
configure: failed program was:
| /* confdefs.h */
| #define PACKAGE_NAME "libcc1"
| #define PACKAGE_TARNAME "libcc1"
| #define PACKAGE_VERSION "version-unused"
| #define PACKAGE_STRING "libcc1 version-unused"
| #define PACKAGE_BUGREPORT ""
| #define PACKAGE_URL ""
| #define STDC_HEADERS 1
| #define HAVE_SYS_TYPES_H 1
| #define HAVE_SYS_STAT_H 1
| #define HAVE_STDLIB_H 1
| #define HAVE_STRING_H 1
| #define HAVE_MEMORY_H 1
| #define HAVE_STRINGS_H 1
| #define HAVE_INTTYPES_H 1
| #define HAVE_STDINT_H 1
| #define HAVE_UNISTD_H 1
| /* end confdefs.h.  */
| #include <minix/config.h>
configure:3810: result: no
configure:3810: checking for minix/config.h
configure:3810: result: no
configure:3831: checking whether it is safe to define __EXTENSIONS__
configure:3849: /usr/bin/gcc -c -O2 -I/home/luyaohan1001/Projects/hack_linux_v5.15/buildroot-2022.02.8/output/host/include  conftest.c >&5
configure:3849: $? = 0
configure:3856: result: yes
configure:3941: checking for a BSD-compatible install
configure:4009: result: /usr/bin/install -c
configure:4020: checking whether build environment is sane
configure:4075: result: yes
configure:4223: checking for a thread-safe mkdir -p
configure:4262: result: /usr/bin/mkdir -p
configure:4269: checking for gawk
configure:4296: result: gawk
configure:4307: checking whether /usr/bin/make sets $(MAKE)
configure:4329: result: yes
configure:4359: checking for style of include used by /usr/bin/make
configure:4387: result: GNU
configure:4421: checking whether /usr/bin/make supports nested variables
configure:4438: result: yes
configure:4514: checking dependency style of /usr/bin/gcc
configure:4625: result: gcc3
configure:4684: checking whether to enable maintainer-specific portions of Makefiles
configure:4693: result: no
configure:4753: checking how to print strings
configure:4780: result: printf
configure:4801: checking for a sed that does not truncate output
configure:4865: result: /usr/bin/sed
configure:4883: checking for fgrep
configure:4945: result: /usr/bin/grep -F
configure:4980: checking for ld used by /usr/bin/gcc
configure:5047: result: /usr/bin/ld
configure:5054: checking if the linker (/usr/bin/ld) is GNU ld
configure:5069: result: yes
configure:5081: checking for BSD- or MS-compatible name lister (nm)
configure:5130: result: /usr/bin/nm
configure:5260: checking the name lister (/usr/bin/nm) interface
configure:5267: /usr/bin/gcc -c -O2 -I/home/luyaohan1001/Projects/hack_linux_v5.15/buildroot-2022.02.8/output/host/include  conftest.c >&5
configure:5270: /usr/bin/nm "conftest.o"
configure:5273: output
0000000000000000 B some_variable
configure:5280: result: BSD nm
configure:5283: checking whether ln -s works
configure:5287: result: yes
configure:5295: checking the maximum length of command line arguments
configure:5420: result: 1572864
configure:5437: checking whether the shell understands some XSI constructs
configure:5447: result: yes
configure:5451: checking whether the shell understands "+="
configure:5457: result: yes
configure:5492: checking for /usr/bin/ld option to reload object files
configure:5499: result: -r
configure:5528: checking for x86_64-pc-linux-gnu-objdump
configure:5555: result: objdump
configure:5627: checking how to recognize dependent libraries
configure:5828: result: pass_all
configure:5848: checking for x86_64-pc-linux-gnu-ar
configure:5875: result: /usr/bin/ar
configure:5953: checking for x86_64-pc-linux-gnu-strip
configure:5983: result: no
configure:5993: checking for strip
configure:6009: found /usr/bin/strip
configure:6020: result: strip
configure:6052: checking for x86_64-pc-linux-gnu-ranlib
configure:6079: result: /usr/bin/ranlib
configure:6221: checking command to parse /usr/bin/nm output from /usr/bin/gcc object
configure:6339: /usr/bin/gcc -c -O2 -I/home/luyaohan1001/Projects/hack_linux_v5.15/buildroot-2022.02.8/output/host/include  conftest.c >&5
configure:6342: $? = 0
configure:6346: /usr/bin/nm conftest.o \| sed -n -e 's/^.*[ ]\([ABCDGIRSTW][ABCDGIRSTW]*\)[ ][ ]*\([_A-Za-z][_A-Za-z0-9]*\)$/\1 \2 \2/p' \> conftest.nm
configure:6349: $? = 0
configure:6403: /usr/bin/gcc -o conftest -O2 -I/home/luyaohan1001/Projects/hack_linux_v5.15/buildroot-2022.02.8/output/host/include  -static-libstdc++ -static-libgcc -L/home/luyaohan1001/Projects/hack_linux_v5.15/buildroot-2022.02.8/output/host/lib -Wl,-rpath,/home/luyaohan1001/Projects/hack_linux_v5.15/buildroot-2022.02.8/output/host/lib conftest.c conftstm.o >&5
configure:6406: $? = 0
configure:6444: result: ok
configure:6539: /usr/bin/gcc -c -O2 -I/home/luyaohan1001/Projects/hack_linux_v5.15/buildroot-2022.02.8/output/host/include  conftest.c >&5
configure:6542: $? = 0
configure:7294: checking for dlfcn.h
configure:7294: /usr/bin/gcc -c -O2 -I/home/luyaohan1001/Projects/hack_linux_v5.15/buildroot-2022.02.8/output/host/include  conftest.c >&5
configure:7294: $? = 0
configure:7294: result: yes
configure:7480: checking for objdir
configure:7495: result: .libs
configure:7766: checking if /usr/bin/gcc supports -fno-rtti -fno-exceptions
configure:7784: /usr/bin/gcc -c -O2 -I/home/luyaohan1001/Projects/hack_linux_v5.15/buildroot-2022.02.8/output/host/include  -fno-rtti -fno-exceptions conftest.c >&5
cc1: warning: command-line option '-fno-rtti' is valid for C++/D/ObjC++ but not for C
configure:7788: $? = 0
configure:7801: result: no
configure:7821: checking for /usr/bin/gcc option to produce PIC
configure:8107: result: -fPIC -DPIC
configure:8119: checking if /usr/bin/gcc PIC flag -fPIC -DPIC works
configure:8137: /usr/bin/gcc -c -O2 -I/home/luyaohan1001/Projects/hack_linux_v5.15/buildroot-2022.02.8/output/host/include  -fPIC -DPIC -DPIC conftest.c >&5
configure:8141: $? = 0
configure:8154: result: yes
configure:8178: checking if /usr/bin/gcc static flag -static works
configure:8206: result: yes
configure:8221: checking if /usr/bin/gcc supports -c -o file.o
configure:8242: /usr/bin/gcc -c -O2 -I/home/luyaohan1001/Projects/hack_linux_v5.15/buildroot-2022.02.8/output/host/include  -o out/conftest2.o conftest.c >&5
configure:8246: $? = 0
configure:8268: result: yes
configure:8276: checking if /usr/bin/gcc supports -c -o file.o
configure:8323: result: yes
configure:8356: checking whether the /usr/bin/gcc linker (/usr/bin/ld -m elf_x86_64) supports shared libraries
configure:9427: result: yes
configure:9464: checking whether -lc should be explicitly linked in
configure:9472: /usr/bin/gcc -c -O2 -I/home/luyaohan1001/Projects/hack_linux_v5.15/buildroot-2022.02.8/output/host/include  conftest.c >&5
configure:9475: $? = 0
configure:9490: /usr/bin/gcc -shared  -fPIC -DPIC conftest.o  -v -Wl,-soname -Wl,conftest -o conftest 2\>\&1 \| /usr/bin/grep  -lc  \>/dev/null 2\>\&1
configure:9493: $? = 0
configure:9507: result: no
configure:9672: checking dynamic linker characteristics
configure:10128: /usr/bin/gcc -o conftest -O2 -I/home/luyaohan1001/Projects/hack_linux_v5.15/buildroot-2022.02.8/output/host/include  -static-libstdc++ -static-libgcc -L/home/luyaohan1001/Projects/hack_linux_v5.15/buildroot-2022.02.8/output/host/lib -Wl,-rpath,/home/luyaohan1001/Projects/hack_linux_v5.15/buildroot-2022.02.8/output/host/lib -Wl,-rpath -Wl,/foo conftest.c  >&5
configure:10128: $? = 0
configure:10350: result: GNU/Linux ld.so
configure:10457: checking how to hardcode library paths into programs
configure:10482: result: immediate
configure:11022: checking whether stripping libraries is possible
configure:11027: result: yes
configure:11062: checking if libtool supports shared libraries
configure:11064: result: yes
configure:11067: checking whether to build shared libraries
configure:11088: result: yes
configure:11091: checking whether to build static libraries
configure:11095: result: yes
configure:11243: checking for C++ compiler version
configure:11252: /usr/bin/g++ --version >&5
g++ (Ubuntu 11.3.0-1ubuntu1~22.04) 11.3.0
Copyright (C) 2021 Free Software Foundation, Inc.
This is free software; see the source for copying conditions.  There is NO
warranty; not even for MERCHANTABILITY or FITNESS FOR A PARTICULAR PURPOSE.

configure:11263: $? = 0
configure:11252: /usr/bin/g++ -v >&5
Using built-in specs.
COLLECT_GCC=/usr/bin/g++
COLLECT_LTO_WRAPPER=/usr/lib/gcc/x86_64-linux-gnu/11/lto-wrapper
OFFLOAD_TARGET_NAMES=nvptx-none:amdgcn-amdhsa
OFFLOAD_TARGET_DEFAULT=1
Target: x86_64-linux-gnu
Configured with: ../src/configure -v --with-pkgversion='Ubuntu 11.3.0-1ubuntu1~22.04' --with-bugurl=file:///usr/share/doc/gcc-11/README.Bugs --enable-languages=c,ada,c++,go,brig,d,fortran,objc,obj-c++,m2 --prefix=/usr --with-gcc-major-version-only --program-suffix=-11 --program-prefix=x86_64-linux-gnu- --enable-shared --enable-linker-build-id --libexecdir=/usr/lib --without-included-gettext --enable-threads=posix --libdir=/usr/lib --enable-nls --enable-bootstrap --enable-clocale=gnu --enable-libstdcxx-debug --enable-libstdcxx-time=yes --with-default-libstdcxx-abi=new --enable-gnu-unique-object --disable-vtable-verify --enable-plugin --enable-default-pie --with-system-zlib --enable-libphobos-checking=release --with-target-system-zlib=auto --enable-objc-gc=auto --enable-multiarch --disable-werror --enable-cet --with-arch-32=i686 --with-abi=m64 --with-multilib-list=m32,m64,mx32 --enable-multilib --with-tune=generic --enable-offload-targets=nvptx-none=/build/gcc-11-xKiWfi/gcc-11-11.3.0/debian/tmp-nvptx/usr,amdgcn-amdhsa=/build/gcc-11-xKiWfi/gcc-11-11.3.0/debian/tmp-gcn/usr --without-cuda-driver --enable-checking=release --build=x86_64-linux-gnu --host=x86_64-linux-gnu --target=x86_64-linux-gnu --with-build-config=bootstrap-lto-lean --enable-link-serialization=2
Thread model: posix
Supported LTO compression algorithms: zlib zstd
gcc version 11.3.0 (Ubuntu 11.3.0-1ubuntu1~22.04) 
... rest of stderr output deleted ...
configure:11263: $? = 0
configure:11252: /usr/bin/g++ -V >&5
g++: error: unrecognized command-line option '-V'
g++: fatal error: no input files
compilation terminated.
configure:11263: $? = 1
configure:11252: /usr/bin/g++ -qversion >&5
g++: error: unrecognized command-line option '-qversion'; did you mean '--version'?
g++: fatal error: no input files
compilation terminated.
configure:11263: $? = 1
configure:11267: checking whether we are using the GNU C++ compiler
configure:11286: /usr/bin/g++ -c -O2 -I/home/luyaohan1001/Projects/hack_linux_v5.15/buildroot-2022.02.8/output/host/include  conftest.cpp >&5
configure:11286: $? = 0
configure:11295: result: yes
configure:11304: checking whether /usr/bin/g++ accepts -g
configure:11324: /usr/bin/g++ -c -g  conftest.cpp >&5
configure:11324: $? = 0
configure:11365: result: yes
configure:11390: checking dependency style of /usr/bin/g++
configure:11501: result: gcc3
configure:11524: checking how to run the C++ preprocessor
configure:11551: /usr/bin/g++ -E  conftest.cpp
configure:11551: $? = 0
configure:11565: /usr/bin/g++ -E  conftest.cpp
conftest.cpp:26:10: fatal error: ac_nonexistent.h: No such file or directory
   26 | #include <ac_nonexistent.h>
      |          ^~~~~~~~~~~~~~~~~~
compilation terminated.
configure:11565: $? = 1
configure: failed program was:
| /* confdefs.h */
| #define PACKAGE_NAME "libcc1"
| #define PACKAGE_TARNAME "libcc1"
| #define PACKAGE_VERSION "version-unused"
| #define PACKAGE_STRING "libcc1 version-unused"
| #define PACKAGE_BUGREPORT ""
| #define PACKAGE_URL ""
| #define STDC_HEADERS 1
| #define HAVE_SYS_TYPES_H 1
| #define HAVE_SYS_STAT_H 1
| #define HAVE_STDLIB_H 1
| #define HAVE_STRING_H 1
| #define HAVE_MEMORY_H 1
| #define HAVE_STRINGS_H 1
| #define HAVE_INTTYPES_H 1
| #define HAVE_STDINT_H 1
| #define HAVE_UNISTD_H 1
| #define __EXTENSIONS__ 1
| #define _ALL_SOURCE 1
| #define _GNU_SOURCE 1
| #define _POSIX_PTHREAD_SEMANTICS 1
| #define _TANDEM_SOURCE 1
| #define HAVE_DLFCN_H 1
| #define LT_OBJDIR ".libs/"
| /* end confdefs.h.  */
| #include <ac_nonexistent.h>
configure:11590: result: /usr/bin/g++ -E
configure:11610: /usr/bin/g++ -E  conftest.cpp
configure:11610: $? = 0
configure:11624: /usr/bin/g++ -E  conftest.cpp
conftest.cpp:26:10: fatal error: ac_nonexistent.h: No such file or directory
   26 | #include <ac_nonexistent.h>
      |          ^~~~~~~~~~~~~~~~~~
compilation terminated.
configure:11624: $? = 1
configure: failed program was:
| /* confdefs.h */
| #define PACKAGE_NAME "libcc1"
| #define PACKAGE_TARNAME "libcc1"
| #define PACKAGE_VERSION "version-unused"
| #define PACKAGE_STRING "libcc1 version-unused"
| #define PACKAGE_BUGREPORT ""
| #define PACKAGE_URL ""
| #define STDC_HEADERS 1
| #define HAVE_SYS_TYPES_H 1
| #define HAVE_SYS_STAT_H 1
| #define HAVE_STDLIB_H 1
| #define HAVE_STRING_H 1
| #define HAVE_MEMORY_H 1
| #define HAVE_STRINGS_H 1
| #define HAVE_INTTYPES_H 1
| #define HAVE_STDINT_H 1
| #define HAVE_UNISTD_H 1
| #define __EXTENSIONS__ 1
| #define _ALL_SOURCE 1
| #define _GNU_SOURCE 1
| #define _POSIX_PTHREAD_SEMANTICS 1
| #define _TANDEM_SOURCE 1
| #define HAVE_DLFCN_H 1
| #define LT_OBJDIR ".libs/"
| /* end confdefs.h.  */
| #include <ac_nonexistent.h>
configure:11792: checking for ld used by /usr/bin/g++
configure:11859: result: /usr/bin/ld -m elf_x86_64
configure:11866: checking if the linker (/usr/bin/ld -m elf_x86_64) is GNU ld
configure:11881: result: yes
configure:11936: checking whether the /usr/bin/g++ linker (/usr/bin/ld -m elf_x86_64) supports shared libraries
configure:12868: result: yes
configure:12896: /usr/bin/g++ -c -O2 -I/home/luyaohan1001/Projects/hack_linux_v5.15/buildroot-2022.02.8/output/host/include  conftest.cpp >&5
configure:12899: $? = 0
configure:13081: checking for /usr/bin/g++ option to produce PIC
configure:13404: result: -fPIC -DPIC
configure:13413: checking if /usr/bin/g++ PIC flag -fPIC -DPIC works
configure:13431: /usr/bin/g++ -c -O2 -I/home/luyaohan1001/Projects/hack_linux_v5.15/buildroot-2022.02.8/output/host/include  -fPIC -DPIC -DPIC conftest.cpp >&5
configure:13435: $? = 0
configure:13448: result: yes
configure:13469: checking if /usr/bin/g++ static flag -static works
configure:13497: result: yes
configure:13509: checking if /usr/bin/g++ supports -c -o file.o
configure:13530: /usr/bin/g++ -c -O2 -I/home/luyaohan1001/Projects/hack_linux_v5.15/buildroot-2022.02.8/output/host/include  -o out/conftest2.o conftest.cpp >&5
configure:13534: $? = 0
configure:13556: result: yes
configure:13561: checking if /usr/bin/g++ supports -c -o file.o
configure:13608: result: yes
configure:13638: checking whether the /usr/bin/g++ linker (/usr/bin/ld -m elf_x86_64) supports shared libraries
configure:13666: result: yes
configure:13809: checking dynamic linker characteristics
configure:14421: result: GNU/Linux ld.so
configure:14474: checking how to hardcode library paths into programs
configure:14499: result: immediate
configure:14545: checking whether basename is declared
configure:14545: /usr/bin/gcc -c -O2 -I/home/luyaohan1001/Projects/hack_linux_v5.15/buildroot-2022.02.8/output/host/include  conftest.c >&5
configure:14545: $? = 0
configure:14545: result: yes
configure:14597: checking whether /usr/bin/gcc supports -W
configure:14614: /usr/bin/gcc -c -W  conftest.c >&5
configure:14614: $? = 0
configure:14623: result: yes
configure:14597: checking whether /usr/bin/gcc supports -Wall
configure:14614: /usr/bin/gcc -c -Wall  conftest.c >&5
configure:14614: $? = 0
configure:14623: result: yes
configure:14672: checking for socket libraries
configure:14679: checking for connect
configure:14679: /usr/bin/gcc -o conftest -O2 -I/home/luyaohan1001/Projects/hack_linux_v5.15/buildroot-2022.02.8/output/host/include  -static-libstdc++ -static-libgcc -L/home/luyaohan1001/Projects/hack_linux_v5.15/buildroot-2022.02.8/output/host/lib -Wl,-rpath,/home/luyaohan1001/Projects/hack_linux_v5.15/buildroot-2022.02.8/output/host/lib conftest.c  >&5
configure:14679: $? = 0
configure:14679: result: yes
configure:14740: checking for gethostbyname
configure:14740: /usr/bin/gcc -o conftest -O2 -I/home/luyaohan1001/Projects/hack_linux_v5.15/buildroot-2022.02.8/output/host/include  -static-libstdc++ -static-libgcc -L/home/luyaohan1001/Projects/hack_linux_v5.15/buildroot-2022.02.8/output/host/lib -Wl,-rpath,/home/luyaohan1001/Projects/hack_linux_v5.15/buildroot-2022.02.8/output/host/lib conftest.c  >&5
configure:14740: $? = 0
configure:14740: result: yes
configure:14784: result: 
configure:14850: checking for exported symbols
configure:14860: result: yes
configure:14862: checking for -rdynamic
configure:14872: result: yes
configure:14882: checking for library containing dlopen
configure:14913: /usr/bin/gcc -o conftest -O2 -I/home/luyaohan1001/Projects/hack_linux_v5.15/buildroot-2022.02.8/output/host/include  -static-libstdc++ -static-libgcc -L/home/luyaohan1001/Projects/hack_linux_v5.15/buildroot-2022.02.8/output/host/lib -Wl,-rpath,/home/luyaohan1001/Projects/hack_linux_v5.15/buildroot-2022.02.8/output/host/lib conftest.c   >&5
configure:14913: $? = 0
configure:14930: result: none required
configure:14957: checking for -fPIC -shared
configure:14970: /usr/bin/gcc -o conftest -O2 -I/home/luyaohan1001/Projects/hack_linux_v5.15/buildroot-2022.02.8/output/host/include -fPIC  -static-libstdc++ -static-libgcc -L/home/luyaohan1001/Projects/hack_linux_v5.15/buildroot-2022.02.8/output/host/lib -Wl,-rpath,/home/luyaohan1001/Projects/hack_linux_v5.15/buildroot-2022.02.8/output/host/lib -fPIC -shared conftest.c   >&5
configure:14970: $? = 0
configure:14971: result: yes
configure:14996: checking for socketpair
configure:14996: /usr/bin/gcc -o conftest -O2 -I/home/luyaohan1001/Projects/hack_linux_v5.15/buildroot-2022.02.8/output/host/include  -static-libstdc++ -static-libgcc -L/home/luyaohan1001/Projects/hack_linux_v5.15/buildroot-2022.02.8/output/host/lib -Wl,-rpath,/home/luyaohan1001/Projects/hack_linux_v5.15/buildroot-2022.02.8/output/host/lib conftest.c   >&5
configure:14996: $? = 0
configure:14996: result: yes
configure:15003: checking for select
configure:15003: /usr/bin/gcc -o conftest -O2 -I/home/luyaohan1001/Projects/hack_linux_v5.15/buildroot-2022.02.8/output/host/include  -static-libstdc++ -static-libgcc -L/home/luyaohan1001/Projects/hack_linux_v5.15/buildroot-2022.02.8/output/host/lib -Wl,-rpath,/home/luyaohan1001/Projects/hack_linux_v5.15/buildroot-2022.02.8/output/host/lib conftest.c   >&5
configure:15003: $? = 0
configure:15003: result: yes
configure:15010: checking for fork
configure:15010: /usr/bin/gcc -o conftest -O2 -I/home/luyaohan1001/Projects/hack_linux_v5.15/buildroot-2022.02.8/output/host/include  -static-libstdc++ -static-libgcc -L/home/luyaohan1001/Projects/hack_linux_v5.15/buildroot-2022.02.8/output/host/lib -Wl,-rpath,/home/luyaohan1001/Projects/hack_linux_v5.15/buildroot-2022.02.8/output/host/lib conftest.c   >&5
conftest.c:50:6: warning: conflicting types for built-in function 'fork'; expected 'int(void)' [-Wbuiltin-declaration-mismatch]
   50 | char fork ();
      |      ^~~~
configure:15010: $? = 0
configure:15010: result: yes
configure:15085: updating cache ./config.cache
configure:15129: checking that generated files are newer than configure
configure:15135: result: done
configure:15174: creating ./config.status

## ---------------------- ##
## Running config.status. ##
## ---------------------- ##

This file was extended by libcc1 config.status version-unused, which was
generated by GNU Autoconf 2.69.  Invocation command line was

  CONFIG_FILES    = 
  CONFIG_HEADERS  = 
  CONFIG_LINKS    = 
  CONFIG_COMMANDS = 
  $ ./config.status 

on lyc

config.status:1161: creating Makefile
config.status:1161: creating cc1plugin-config.h
config.status:1375: executing depfiles commands
config.status:1375: executing libtool commands

## ---------------- ##
## Cache variables. ##
## ---------------- ##

ac_cv_build=x86_64-pc-linux-gnu
ac_cv_c_compiler_gnu=yes
ac_cv_cxx_compiler_gnu=yes
ac_cv_env_CCC_set=
ac_cv_env_CCC_value=
ac_cv_env_CC_set=set
ac_cv_env_CC_value=/usr/bin/gcc
ac_cv_env_CFLAGS_set=set
ac_cv_env_CFLAGS_value='-O2 -I/home/luyaohan1001/Projects/hack_linux_v5.15/buildroot-2022.02.8/output/host/include'
ac_cv_env_CPPFLAGS_set=
ac_cv_env_CPPFLAGS_value=
ac_cv_env_CPP_set=
ac_cv_env_CPP_value=
ac_cv_env_CXXCPP_set=
ac_cv_env_CXXCPP_value=
ac_cv_env_CXXFLAGS_set=set
ac_cv_env_CXXFLAGS_value='-O2 -I/home/luyaohan1001/Projects/hack_linux_v5.15/buildroot-2022.02.8/output/host/include'
ac_cv_env_CXX_set=set
ac_cv_env_CXX_value=/usr/bin/g++
ac_cv_env_GMPINC_set=set
ac_cv_env_GMPINC_value='-I/home/luyaohan1001/Projects/hack_linux_v5.15/buildroot-2022.02.8/output/host/include -I/home/luyaohan1001/Projects/hack_linux_v5.15/buildroot-2022.02.8/output/host/include -I/home/luyaohan1001/Projects/hack_linux_v5.15/buildroot-2022.02.8/output/host/include '
ac_cv_env_LDFLAGS_set=set
ac_cv_env_LDFLAGS_value='-static-libstdc++ -static-libgcc -L/home/luyaohan1001/Projects/hack_linux_v5.15/buildroot-2022.02.8/output/host/lib -Wl,-rpath,/home/luyaohan1001/Projects/hack_linux_v5.15/buildroot-2022.02.8/output/host/lib'
ac_cv_env_LIBS_set=
ac_cv_env_LIBS_value=
ac_cv_env_build_alias_set=set
ac_cv_env_build_alias_value=x86_64-pc-linux-gnu
ac_cv_env_host_alias_set=set
ac_cv_env_host_alias_value=x86_64-pc-linux-gnu
ac_cv_env_target_alias_set=set
ac_cv_env_target_alias_value=x86_64-buildroot-linux-gnu
ac_cv_func_connect=yes
ac_cv_func_fork=yes
ac_cv_func_select=yes
ac_cv_func_socketpair=yes
ac_cv_have_decl_basename=yes
ac_cv_header_dlfcn_h=yes
ac_cv_header_inttypes_h=yes
ac_cv_header_memory_h=yes
ac_cv_header_minix_config_h=no
ac_cv_header_stdc=yes
ac_cv_header_stdint_h=yes
ac_cv_header_stdlib_h=yes
ac_cv_header_string_h=yes
ac_cv_header_strings_h=yes
ac_cv_header_sys_stat_h=yes
ac_cv_header_sys_types_h=yes
ac_cv_header_unistd_h=yes
ac_cv_host=x86_64-pc-linux-gnu
ac_cv_objext=o
ac_cv_path_EGREP='/usr/bin/grep -E'
ac_cv_path_FGREP='/usr/bin/grep -F'
ac_cv_path_GREP=/usr/bin/grep
ac_cv_path_SED=/usr/bin/sed
ac_cv_path_mkdir=/usr/bin/mkdir
ac_cv_prog_AR=/usr/bin/ar
ac_cv_prog_AWK=gawk
ac_cv_prog_CC=/usr/bin/gcc
ac_cv_prog_CPP='/usr/bin/gcc -E'
ac_cv_prog_CXXCPP='/usr/bin/g++ -E'
ac_cv_prog_OBJDUMP=objdump
ac_cv_prog_RANLIB=/usr/bin/ranlib
ac_cv_prog_ac_ct_STRIP=strip
ac_cv_prog_cc_c89=
ac_cv_prog_cc_g=yes
ac_cv_prog_cxx_g=yes
ac_cv_prog_make__usr_bin_make_set=yes
ac_cv_safe_to_define___extensions__=yes
ac_cv_search_dlopen='none required'
ac_cv_target=x86_64-buildroot-linux-gnu
acx_cv_prog_cc_warning__W=yes
acx_cv_prog_cc_warning__Wall=yes
am_cv_CC_dependencies_compiler_type=gcc3
am_cv_CXX_dependencies_compiler_type=gcc3
am_cv_make_support_nested_variables=yes
am_cv_prog_cc_c_o=yes
gcc_cv_libc_provides_ssp=yes
libcc1_cv_lib_sockets=
lt_cv_archive_cmds_need_lc=no
lt_cv_deplibs_check_method=pass_all
lt_cv_file_magic_cmd='$MAGIC_CMD'
lt_cv_file_magic_test_file=
lt_cv_ld_reload_flag=-r
lt_cv_nm_interface='BSD nm'
lt_cv_objdir=.libs
lt_cv_path_LD=/usr/bin/ld
lt_cv_path_LDCXX='/usr/bin/ld -m elf_x86_64'
lt_cv_path_NM=/usr/bin/nm
lt_cv_prog_compiler_c_o=yes
lt_cv_prog_compiler_c_o_CXX=yes
lt_cv_prog_compiler_pic_works=yes
lt_cv_prog_compiler_pic_works_CXX=yes
lt_cv_prog_compiler_rtti_exceptions=no
lt_cv_prog_compiler_static_works=yes
lt_cv_prog_compiler_static_works_CXX=yes
lt_cv_prog_gnu_ld=yes
lt_cv_prog_gnu_ldcxx=yes
lt_cv_shlibpath_overrides_runpath=yes
lt_cv_sys_global_symbol_pipe='sed -n -e '\''s/^.*[	 ]\([ABCDGIRSTW][ABCDGIRSTW]*\)[	 ][	 ]*\([_A-Za-z][_A-Za-z0-9]*\)$/\1 \2 \2/p'\'''
lt_cv_sys_global_symbol_to_c_name_address='sed -n -e '\''s/^: \([^ ]*\) $/  {\"\1\", (void *) 0},/p'\'' -e '\''s/^[ABCDGIRSTW]* \([^ ]*\) \([^ ]*\)$/  {"\2", (void *) \&\2},/p'\'''
lt_cv_sys_global_symbol_to_c_name_address_lib_prefix='sed -n -e '\''s/^: \([^ ]*\) $/  {\"\1\", (void *) 0},/p'\'' -e '\''s/^[ABCDGIRSTW]* \([^ ]*\) \(lib[^ ]*\)$/  {"\2", (void *) \&\2},/p'\'' -e '\''s/^[ABCDGIRSTW]* \([^ ]*\) \([^ ]*\)$/  {"lib\2", (void *) \&\2},/p'\'''
lt_cv_sys_global_symbol_to_cdecl='sed -n -e '\''s/^T .* \(.*\)$/extern int \1();/p'\'' -e '\''s/^[ABCDGIRSTW]* .* \(.*\)$/extern char \1;/p'\'''
lt_cv_sys_max_cmd_len=1572864

## ----------------- ##
## Output variables. ##
## ----------------- ##

ACLOCAL='${SHELL} /home/luyaohan1001/Projects/hack_linux_v5.15/buildroot-2022.02.8/output/build/host-gcc-final-10.4.0/missing aclocal-1.15'
AMDEPBACKSLASH='\'
AMDEP_FALSE='#'
AMDEP_TRUE=''
AMTAR='$${TAR-tar}'
AM_BACKSLASH='\'
AM_DEFAULT_V='$(AM_DEFAULT_VERBOSITY)'
AM_DEFAULT_VERBOSITY='1'
AM_V='$(V)'
AR='/usr/bin/ar'
AUTOCONF='${SHELL} /home/luyaohan1001/Projects/hack_linux_v5.15/buildroot-2022.02.8/output/build/host-gcc-final-10.4.0/missing autoconf'
AUTOHEADER='${SHELL} /home/luyaohan1001/Projects/hack_linux_v5.15/buildroot-2022.02.8/output/build/host-gcc-final-10.4.0/missing autoheader'
AUTOMAKE='${SHELL} /home/luyaohan1001/Projects/hack_linux_v5.15/buildroot-2022.02.8/output/build/host-gcc-final-10.4.0/missing automake-1.15'
AWK='gawk'
CC='/usr/bin/gcc'
CCDEPMODE='depmode=gcc3'
CFLAGS='-O2 -I/home/luyaohan1001/Projects/hack_linux_v5.15/buildroot-2022.02.8/output/host/include'
CONFIG_STATUS_DEPENDENCIES='$(top_srcdir)/../gcc/BASE-VER'
CPP='/usr/bin/gcc -E'
CPPFLAGS=''
CXX='/usr/bin/g++'
CXXCPP='/usr/bin/g++ -E'
CXXDEPMODE='depmode=gcc3'
CXXFLAGS='-O2 -I/home/luyaohan1001/Projects/hack_linux_v5.15/buildroot-2022.02.8/output/host/include'
CYGPATH_W='echo'
DARWIN_DYNAMIC_LOOKUP_FALSE=''
DARWIN_DYNAMIC_LOOKUP_TRUE='#'
DEFS='-DHAVE_CONFIG_H'
DEPDIR='.deps'
DSYMUTIL='dsymutil'
DUMPBIN=''
ECHO_C=''
ECHO_N='-n'
ECHO_T=''
EGREP='/usr/bin/grep -E'
ENABLE_PLUGIN_FALSE='#'
ENABLE_PLUGIN_TRUE=''
EXEEXT=''
FGREP='/usr/bin/grep -F'
GMPINC='-I/home/luyaohan1001/Projects/hack_linux_v5.15/buildroot-2022.02.8/output/host/include -I/home/luyaohan1001/Projects/hack_linux_v5.15/buildroot-2022.02.8/output/host/include -I/home/luyaohan1001/Projects/hack_linux_v5.15/buildroot-2022.02.8/output/host/include '
GREP='/usr/bin/grep'
INSTALL_DATA='/usr/bin/install -c -m 644'
INSTALL_PROGRAM='/usr/bin/install -c'
INSTALL_SCRIPT='/usr/bin/install -c'
INSTALL_STRIP_PROGRAM='$(install_sh) -c -s'
LD='/usr/bin/ld -m elf_x86_64'
LDFLAGS='-static-libstdc++ -static-libgcc -L/home/luyaohan1001/Projects/hack_linux_v5.15/buildroot-2022.02.8/output/host/lib -Wl,-rpath,/home/luyaohan1001/Projects/hack_linux_v5.15/buildroot-2022.02.8/output/host/lib'
LIBOBJS=''
LIBS=' '
LIBTOOL='$(SHELL) $(top_builddir)/libtool'
LIPO=''
LN_S='ln -s'
LTLIBOBJS=''
MAINT='#'
MAINTAINER_MODE_FALSE=''
MAINTAINER_MODE_TRUE='#'
MAKEINFO='/home/luyaohan1001/Projects/hack_linux_v5.15/buildroot-2022.02.8/output/build/host-gcc-final-10.4.0/missing makeinfo --split-size=5000000'
MKDIR_P='/usr/bin/mkdir -p'
NM='/usr/bin/nm'
NMEDIT=''
OBJDUMP='objdump'
OBJEXT='o'
OTOOL64=''
OTOOL='otool'
PACKAGE='libcc1'
PACKAGE_BUGREPORT=''
PACKAGE_NAME='libcc1'
PACKAGE_STRING='libcc1 version-unused'
PACKAGE_TARNAME='libcc1'
PACKAGE_URL=''
PACKAGE_VERSION='version-unused'
PATH_SEPARATOR=':'
RANLIB='/usr/bin/ranlib'
SED='/usr/bin/sed'
SET_MAKE=''
SHELL='/bin/bash'
STRIP='strip'
VERSION='version-unused'
WARN_FLAGS='-W -Wall'
WERROR=''
ac_ct_CC=''
ac_ct_CXX=''
ac_ct_DUMPBIN=''
am__EXEEXT_FALSE=''
am__EXEEXT_TRUE='#'
am__fastdepCC_FALSE='#'
am__fastdepCC_TRUE=''
am__fastdepCXX_FALSE='#'
am__fastdepCXX_TRUE=''
am__include='include'
am__isrc=' -I$(srcdir)'
am__leading_dot='.'
am__nodep='_no'
am__quote=''
am__tar='$${TAR-tar} chof - "$$tardir"'
am__untar='$${TAR-tar} xf -'
bindir='${exec_prefix}/bin'
build='x86_64-pc-linux-gnu'
build_alias='x86_64-pc-linux-gnu'
build_cpu='x86_64'
build_libsubdir='build-x86_64-pc-linux-gnu'
build_os='linux-gnu'
build_subdir='build-x86_64-pc-linux-gnu'
build_vendor='pc'
datadir='${datarootdir}'
datarootdir='${prefix}/share'
docdir='${datarootdir}/doc/${PACKAGE_TARNAME}'
dvidir='${docdir}'
exec_prefix='${prefix}'
gcc_version='10.4.0'
get_gcc_base_ver='cat'
host='x86_64-pc-linux-gnu'
host_alias='x86_64-pc-linux-gnu'
host_cpu='x86_64'
host_os='linux-gnu'
host_subdir='.'
host_vendor='pc'
htmldir='${docdir}'
includedir='${prefix}/include'
infodir='${datarootdir}/info'
install_sh='${SHELL} /home/luyaohan1001/Projects/hack_linux_v5.15/buildroot-2022.02.8/output/build/host-gcc-final-10.4.0/install-sh'
libdir='${exec_prefix}/lib'
libexecdir='${exec_prefix}/libexec'
libsuffix='../lib'
localedir='${datarootdir}/locale'
localstatedir='${prefix}/var'
mandir='${datarootdir}/man'
mkdir_p='$(MKDIR_P)'
oldincludedir='/usr/include'
pdfdir='${docdir}'
prefix='/home/luyaohan1001/Projects/hack_linux_v5.15/buildroot-2022.02.8/output/host'
program_transform_name='s&^&x86_64-buildroot-linux-gnu-&'
psdir='${docdir}'
sbindir='${exec_prefix}/sbin'
sharedstatedir='${prefix}/com'
sysconfdir='/home/luyaohan1001/Projects/hack_linux_v5.15/buildroot-2022.02.8/output/host/etc'
target='x86_64-buildroot-linux-gnu'
target_alias='x86_64-buildroot-linux-gnu'
target_cpu='x86_64'
target_noncanonical='x86_64-buildroot-linux-gnu'
target_os='linux-gnu'
target_subdir='x86_64-buildroot-linux-gnu'
target_vendor='buildroot'
visibility='-fvisibility=hidden'

## ----------- ##
## confdefs.h. ##
## ----------- ##

/* confdefs.h */
#define PACKAGE_NAME "libcc1"
#define PACKAGE_TARNAME "libcc1"
#define PACKAGE_VERSION "version-unused"
#define PACKAGE_STRING "libcc1 version-unused"
#define PACKAGE_BUGREPORT ""
#define PACKAGE_URL ""
#define STDC_HEADERS 1
#define HAVE_SYS_TYPES_H 1
#define HAVE_SYS_STAT_H 1
#define HAVE_STDLIB_H 1
#define HAVE_STRING_H 1
#define HAVE_MEMORY_H 1
#define HAVE_STRINGS_H 1
#define HAVE_INTTYPES_H 1
#define HAVE_STDINT_H 1
#define HAVE_UNISTD_H 1
#define __EXTENSIONS__ 1
#define _ALL_SOURCE 1
#define _GNU_SOURCE 1
#define _POSIX_PTHREAD_SEMANTICS 1
#define _TANDEM_SOURCE 1
#define HAVE_DLFCN_H 1
#define LT_OBJDIR ".libs/"
#define HAVE_DECL_BASENAME 1

configure: exit 0
