This file contains any messages produced by compilers while
running configure, to aid debugging if configure makes a mistake.

It was created by configure, which was
generated by GNU Autoconf 2.69.  Invocation command line was

  $ /home/luyaohan1001/Projects/hack_linux_v5.15/buildroot-2022.02.8/output/build/host-binutils-2.36.1/intl/configure --srcdir=.././intl --cache-file=./config.cache --with-gnu-as --with-gnu-ld --prefix=/home/luyaohan1001/Projects/hack_linux_v5.15/buildroot-2022.02.8/output/host --sysconfdir=/home/luyaohan1001/Projects/hack_linux_v5.15/buildroot-2022.02.8/output/host/etc --localstatedir=/home/luyaohan1001/Projects/hack_linux_v5.15/buildroot-2022.02.8/output/host/var --enable-shared --disable-static --disable-gtk-doc --disable-gtk-doc-html --disable-doc --disable-docs --disable-documentation --disable-debug --with-xmlto=no --with-fop=no --disable-nls --disable-dependency-tracking --disable-multilib --disable-werror --disable-shared --enable-static --with-sysroot=/home/luyaohan1001/Projects/hack_linux_v5.15/buildroot-2022.02.8/output/host/x86_64-buildroot-linux-gnu/sysroot --enable-poison-system-directories --without-debuginfod --disable-sim --disable-gdb --program-transform-name=s&^&x86_64-buildroot-linux-gnu-& --disable-option-checking --build=x86_64-pc-linux-gnu --host=x86_64-pc-linux-gnu --target=x86_64-buildroot-linux-gnu

## --------- ##
## Platform. ##
## --------- ##

hostname = lyc
uname -m = x86_64
uname -r = 5.15.0-57-generic
uname -s = Linux
uname -v = #63-Ubuntu SMP Thu Nov 24 13:43:17 UTC 2022

/usr/bin/uname -p = x86_64
/bin/uname -X     = unknown

/bin/arch              = x86_64
/usr/bin/arch -k       = unknown
/usr/convex/getsysinfo = unknown
/usr/bin/hostinfo      = unknown
/bin/machine           = unknown
/usr/bin/oslevel       = unknown
/bin/universe          = unknown

PATH: /home/luyaohan1001/Projects/hack_linux_v5.15/buildroot-2022.02.8/output/host/bin
PATH: /home/luyaohan1001/Projects/hack_linux_v5.15/buildroot-2022.02.8/output/host/sbin
PATH: /home/luyaohan1001/bin
PATH: /home/luyaohan1001/.local/bin
PATH: /home/luyaohan1001/bin
PATH: /usr/local/sbin
PATH: /usr/local/bin
PATH: /usr/sbin
PATH: /usr/bin
PATH: /sbin
PATH: /bin
PATH: /usr/games
PATH: /usr/local/games
PATH: /snap/bin
PATH: /snap/bin


## ----------- ##
## Core tests. ##
## ----------- ##

configure:2134: creating cache ./config.cache
configure:2221: checking for x86_64-pc-linux-gnu-gcc
configure:2248: result: /usr/bin/gcc
configure:2517: checking for C compiler version
configure:2526: /usr/bin/gcc --version >&5
gcc (Ubuntu 11.3.0-1ubuntu1~22.04) 11.3.0
Copyright (C) 2021 Free Software Foundation, Inc.
This is free software; see the source for copying conditions.  There is NO
warranty; not even for MERCHANTABILITY or FITNESS FOR A PARTICULAR PURPOSE.

configure:2537: $? = 0
configure:2526: /usr/bin/gcc -v >&5
Using built-in specs.
COLLECT_GCC=/usr/bin/gcc
COLLECT_LTO_WRAPPER=/usr/lib/gcc/x86_64-linux-gnu/11/lto-wrapper
OFFLOAD_TARGET_NAMES=nvptx-none:amdgcn-amdhsa
OFFLOAD_TARGET_DEFAULT=1
Target: x86_64-linux-gnu
Configured with: ../src/configure -v --with-pkgversion='Ubuntu 11.3.0-1ubuntu1~22.04' --with-bugurl=file:///usr/share/doc/gcc-11/README.Bugs --enable-languages=c,ada,c++,go,brig,d,fortran,objc,obj-c++,m2 --prefix=/usr --with-gcc-major-version-only --program-suffix=-11 --program-prefix=x86_64-linux-gnu- --enable-shared --enable-linker-build-id --libexecdir=/usr/lib --without-included-gettext --enable-threads=posix --libdir=/usr/lib --enable-nls --enable-bootstrap --enable-clocale=gnu --enable-libstdcxx-debug --enable-libstdcxx-time=yes --with-default-libstdcxx-abi=new --enable-gnu-unique-object --disable-vtable-verify --enable-plugin --enable-default-pie --with-system-zlib --enable-libphobos-checking=release --with-target-system-zlib=auto --enable-objc-gc=auto --enable-multiarch --disable-werror --enable-cet --with-arch-32=i686 --with-abi=m64 --with-multilib-list=m32,m64,mx32 --enable-multilib --with-tune=generic --enable-offload-targets=nvptx-none=/build/gcc-11-xKiWfi/gcc-11-11.3.0/debian/tmp-nvptx/usr,amdgcn-amdhsa=/build/gcc-11-xKiWfi/gcc-11-11.3.0/debian/tmp-gcn/usr --without-cuda-driver --enable-checking=release --build=x86_64-linux-gnu --host=x86_64-linux-gnu --target=x86_64-linux-gnu --with-build-config=bootstrap-lto-lean --enable-link-serialization=2
Thread model: posix
Supported LTO compression algorithms: zlib zstd
gcc version 11.3.0 (Ubuntu 11.3.0-1ubuntu1~22.04) 
... rest of stderr output deleted ...
configure:2537: $? = 0
configure:2526: /usr/bin/gcc -V >&5
gcc: error: unrecognized command-line option '-V'
gcc: fatal error: no input files
compilation terminated.
configure:2537: $? = 1
configure:2526: /usr/bin/gcc -qversion >&5
gcc: error: unrecognized command-line option '-qversion'; did you mean '--version'?
gcc: fatal error: no input files
compilation terminated.
configure:2537: $? = 1
configure:2557: checking whether the C compiler works
configure:2579: /usr/bin/gcc -O2 -I/home/luyaohan1001/Projects/hack_linux_v5.15/buildroot-2022.02.8/output/host/include   -L/home/luyaohan1001/Projects/hack_linux_v5.15/buildroot-2022.02.8/output/host/lib -Wl,-rpath,/home/luyaohan1001/Projects/hack_linux_v5.15/buildroot-2022.02.8/output/host/lib conftest.c  >&5
configure:2583: $? = 0
configure:2631: result: yes
configure:2634: checking for C compiler default output file name
configure:2636: result: a.out
configure:2642: checking for suffix of executables
configure:2649: /usr/bin/gcc -o conftest -O2 -I/home/luyaohan1001/Projects/hack_linux_v5.15/buildroot-2022.02.8/output/host/include   -L/home/luyaohan1001/Projects/hack_linux_v5.15/buildroot-2022.02.8/output/host/lib -Wl,-rpath,/home/luyaohan1001/Projects/hack_linux_v5.15/buildroot-2022.02.8/output/host/lib conftest.c  >&5
configure:2653: $? = 0
configure:2675: result: 
configure:2697: checking whether we are cross compiling
configure:2705: /usr/bin/gcc -o conftest -O2 -I/home/luyaohan1001/Projects/hack_linux_v5.15/buildroot-2022.02.8/output/host/include   -L/home/luyaohan1001/Projects/hack_linux_v5.15/buildroot-2022.02.8/output/host/lib -Wl,-rpath,/home/luyaohan1001/Projects/hack_linux_v5.15/buildroot-2022.02.8/output/host/lib conftest.c  >&5
configure:2709: $? = 0
configure:2716: ./conftest
configure:2720: $? = 0
configure:2735: result: no
configure:2740: checking for suffix of object files
configure:2762: /usr/bin/gcc -c -O2 -I/home/luyaohan1001/Projects/hack_linux_v5.15/buildroot-2022.02.8/output/host/include  conftest.c >&5
configure:2766: $? = 0
configure:2787: result: o
configure:2791: checking whether we are using the GNU C compiler
configure:2810: /usr/bin/gcc -c -O2 -I/home/luyaohan1001/Projects/hack_linux_v5.15/buildroot-2022.02.8/output/host/include  conftest.c >&5
configure:2810: $? = 0
configure:2819: result: yes
configure:2828: checking whether /usr/bin/gcc accepts -g
configure:2848: /usr/bin/gcc -c -g  conftest.c >&5
configure:2848: $? = 0
configure:2889: result: yes
configure:2906: checking for /usr/bin/gcc option to accept ISO C89
configure:2969: /usr/bin/gcc  -c -O2 -I/home/luyaohan1001/Projects/hack_linux_v5.15/buildroot-2022.02.8/output/host/include  conftest.c >&5
configure:2969: $? = 0
configure:2982: result: none needed
configure:3008: checking how to run the C preprocessor
configure:3039: /usr/bin/gcc -E  conftest.c
configure:3039: $? = 0
configure:3053: /usr/bin/gcc -E  conftest.c
conftest.c:9:10: fatal error: ac_nonexistent.h: No such file or directory
    9 | #include <ac_nonexistent.h>
      |          ^~~~~~~~~~~~~~~~~~
compilation terminated.
configure:3053: $? = 1
configure: failed program was:
| /* confdefs.h */
| #define PACKAGE_NAME ""
| #define PACKAGE_TARNAME ""
| #define PACKAGE_VERSION ""
| #define PACKAGE_STRING ""
| #define PACKAGE_BUGREPORT ""
| #define PACKAGE_URL ""
| /* end confdefs.h.  */
| #include <ac_nonexistent.h>
configure:3078: result: /usr/bin/gcc -E
configure:3098: /usr/bin/gcc -E  conftest.c
configure:3098: $? = 0
configure:3112: /usr/bin/gcc -E  conftest.c
conftest.c:9:10: fatal error: ac_nonexistent.h: No such file or directory
    9 | #include <ac_nonexistent.h>
      |          ^~~~~~~~~~~~~~~~~~
compilation terminated.
configure:3112: $? = 1
configure: failed program was:
| /* confdefs.h */
| #define PACKAGE_NAME ""
| #define PACKAGE_TARNAME ""
| #define PACKAGE_VERSION ""
| #define PACKAGE_STRING ""
| #define PACKAGE_BUGREPORT ""
| #define PACKAGE_URL ""
| /* end confdefs.h.  */
| #include <ac_nonexistent.h>
configure:3141: checking for grep that handles long lines and -e
configure:3199: result: /usr/bin/grep
configure:3204: checking for egrep
configure:3266: result: /usr/bin/grep -E
configure:3271: checking for ANSI C header files
configure:3291: /usr/bin/gcc -c -O2 -I/home/luyaohan1001/Projects/hack_linux_v5.15/buildroot-2022.02.8/output/host/include  conftest.c >&5
configure:3291: $? = 0
configure:3364: /usr/bin/gcc -o conftest -O2 -I/home/luyaohan1001/Projects/hack_linux_v5.15/buildroot-2022.02.8/output/host/include   -L/home/luyaohan1001/Projects/hack_linux_v5.15/buildroot-2022.02.8/output/host/lib -Wl,-rpath,/home/luyaohan1001/Projects/hack_linux_v5.15/buildroot-2022.02.8/output/host/lib conftest.c  >&5
configure:3364: $? = 0
configure:3364: ./conftest
configure:3364: $? = 0
configure:3375: result: yes
configure:3388: checking for sys/types.h
configure:3388: /usr/bin/gcc -c -O2 -I/home/luyaohan1001/Projects/hack_linux_v5.15/buildroot-2022.02.8/output/host/include  conftest.c >&5
configure:3388: $? = 0
configure:3388: result: yes
configure:3388: checking for sys/stat.h
configure:3388: /usr/bin/gcc -c -O2 -I/home/luyaohan1001/Projects/hack_linux_v5.15/buildroot-2022.02.8/output/host/include  conftest.c >&5
configure:3388: $? = 0
configure:3388: result: yes
configure:3388: checking for stdlib.h
configure:3388: /usr/bin/gcc -c -O2 -I/home/luyaohan1001/Projects/hack_linux_v5.15/buildroot-2022.02.8/output/host/include  conftest.c >&5
configure:3388: $? = 0
configure:3388: result: yes
configure:3388: checking for string.h
configure:3388: /usr/bin/gcc -c -O2 -I/home/luyaohan1001/Projects/hack_linux_v5.15/buildroot-2022.02.8/output/host/include  conftest.c >&5
configure:3388: $? = 0
configure:3388: result: yes
configure:3388: checking for memory.h
configure:3388: /usr/bin/gcc -c -O2 -I/home/luyaohan1001/Projects/hack_linux_v5.15/buildroot-2022.02.8/output/host/include  conftest.c >&5
configure:3388: $? = 0
configure:3388: result: yes
configure:3388: checking for strings.h
configure:3388: /usr/bin/gcc -c -O2 -I/home/luyaohan1001/Projects/hack_linux_v5.15/buildroot-2022.02.8/output/host/include  conftest.c >&5
configure:3388: $? = 0
configure:3388: result: yes
configure:3388: checking for inttypes.h
configure:3388: /usr/bin/gcc -c -O2 -I/home/luyaohan1001/Projects/hack_linux_v5.15/buildroot-2022.02.8/output/host/include  conftest.c >&5
configure:3388: $? = 0
configure:3388: result: yes
configure:3388: checking for stdint.h
configure:3388: /usr/bin/gcc -c -O2 -I/home/luyaohan1001/Projects/hack_linux_v5.15/buildroot-2022.02.8/output/host/include  conftest.c >&5
configure:3388: $? = 0
configure:3388: result: yes
configure:3388: checking for unistd.h
configure:3388: /usr/bin/gcc -c -O2 -I/home/luyaohan1001/Projects/hack_linux_v5.15/buildroot-2022.02.8/output/host/include  conftest.c >&5
configure:3388: $? = 0
configure:3388: result: yes
configure:3401: checking minix/config.h usability
configure:3401: /usr/bin/gcc -c -O2 -I/home/luyaohan1001/Projects/hack_linux_v5.15/buildroot-2022.02.8/output/host/include  conftest.c >&5
conftest.c:52:10: fatal error: minix/config.h: No such file or directory
   52 | #include <minix/config.h>
      |          ^~~~~~~~~~~~~~~~
compilation terminated.
configure:3401: $? = 1
configure: failed program was:
| /* confdefs.h */
| #define PACKAGE_NAME ""
| #define PACKAGE_TARNAME ""
| #define PACKAGE_VERSION ""
| #define PACKAGE_STRING ""
| #define PACKAGE_BUGREPORT ""
| #define PACKAGE_URL ""
| #define STDC_HEADERS 1
| #define HAVE_SYS_TYPES_H 1
| #define HAVE_SYS_STAT_H 1
| #define HAVE_STDLIB_H 1
| #define HAVE_STRING_H 1
| #define HAVE_MEMORY_H 1
| #define HAVE_STRINGS_H 1
| #define HAVE_INTTYPES_H 1
| #define HAVE_STDINT_H 1
| #define HAVE_UNISTD_H 1
| /* end confdefs.h.  */
| #include <stdio.h>
| #ifdef HAVE_SYS_TYPES_H
| # include <sys/types.h>
| #endif
| #ifdef HAVE_SYS_STAT_H
| # include <sys/stat.h>
| #endif
| #ifdef STDC_HEADERS
| # include <stdlib.h>
| # include <stddef.h>
| #else
| # ifdef HAVE_STDLIB_H
| #  include <stdlib.h>
| # endif
| #endif
| #ifdef HAVE_STRING_H
| # if !defined STDC_HEADERS && defined HAVE_MEMORY_H
| #  include <memory.h>
| # endif
| # include <string.h>
| #endif
| #ifdef HAVE_STRINGS_H
| # include <strings.h>
| #endif
| #ifdef HAVE_INTTYPES_H
| # include <inttypes.h>
| #endif
| #ifdef HAVE_STDINT_H
| # include <stdint.h>
| #endif
| #ifdef HAVE_UNISTD_H
| # include <unistd.h>
| #endif
| #include <minix/config.h>
configure:3401: result: no
configure:3401: checking minix/config.h presence
configure:3401: /usr/bin/gcc -E  conftest.c
conftest.c:19:10: fatal error: minix/config.h: No such file or directory
   19 | #include <minix/config.h>
      |          ^~~~~~~~~~~~~~~~
compilation terminated.
configure:3401: $? = 1
configure: failed program was:
| /* confdefs.h */
| #define PACKAGE_NAME ""
| #define PACKAGE_TARNAME ""
| #define PACKAGE_VERSION ""
| #define PACKAGE_STRING ""
| #define PACKAGE_BUGREPORT ""
| #define PACKAGE_URL ""
| #define STDC_HEADERS 1
| #define HAVE_SYS_TYPES_H 1
| #define HAVE_SYS_STAT_H 1
| #define HAVE_STDLIB_H 1
| #define HAVE_STRING_H 1
| #define HAVE_MEMORY_H 1
| #define HAVE_STRINGS_H 1
| #define HAVE_INTTYPES_H 1
| #define HAVE_STDINT_H 1
| #define HAVE_UNISTD_H 1
| /* end confdefs.h.  */
| #include <minix/config.h>
configure:3401: result: no
configure:3401: checking for minix/config.h
configure:3401: result: no
configure:3422: checking whether it is safe to define __EXTENSIONS__
configure:3440: /usr/bin/gcc -c -O2 -I/home/luyaohan1001/Projects/hack_linux_v5.15/buildroot-2022.02.8/output/host/include  conftest.c >&5
configure:3440: $? = 0
configure:3447: result: yes
configure:3466: checking whether /usr/bin/make sets $(MAKE)
configure:3488: result: yes
configure:3540: checking for a BSD-compatible install
configure:3608: result: /usr/bin/install -c
configure:3633: checking whether NLS is requested
configure:3642: result: no
configure:3680: checking for msgfmt
configure:3714: result: no
configure:3720: checking for gmsgfmt
configure:3751: result: :
configure:3791: checking for xgettext
configure:3825: result: no
configure:3862: checking for msgmerge
configure:3895: result: no
configure:3931: checking build system type
configure:3945: result: x86_64-pc-linux-gnu
configure:3965: checking host system type
configure:3978: result: x86_64-pc-linux-gnu
configure:4001: checking for x86_64-pc-linux-gnu-ranlib
configure:4028: result: /usr/bin/ranlib
configure:4090: checking for library containing strerror
configure:4121: /usr/bin/gcc -o conftest -O2 -I/home/luyaohan1001/Projects/hack_linux_v5.15/buildroot-2022.02.8/output/host/include   -L/home/luyaohan1001/Projects/hack_linux_v5.15/buildroot-2022.02.8/output/host/lib -Wl,-rpath,/home/luyaohan1001/Projects/hack_linux_v5.15/buildroot-2022.02.8/output/host/lib conftest.c  >&5
configure:4121: $? = 0
configure:4138: result: none required
configure:4146: checking for an ANSI C-conforming const
configure:4212: /usr/bin/gcc -c -O2 -I/home/luyaohan1001/Projects/hack_linux_v5.15/buildroot-2022.02.8/output/host/include  conftest.c >&5
configure:4212: $? = 0
configure:4219: result: yes
configure:4227: checking for inline
configure:4243: /usr/bin/gcc -c -O2 -I/home/luyaohan1001/Projects/hack_linux_v5.15/buildroot-2022.02.8/output/host/include  conftest.c >&5
configure:4243: $? = 0
configure:4251: result: inline
configure:4269: checking for off_t
configure:4269: /usr/bin/gcc -c -O2 -I/home/luyaohan1001/Projects/hack_linux_v5.15/buildroot-2022.02.8/output/host/include  conftest.c >&5
configure:4269: $? = 0
configure:4269: /usr/bin/gcc -c -O2 -I/home/luyaohan1001/Projects/hack_linux_v5.15/buildroot-2022.02.8/output/host/include  conftest.c >&5
conftest.c: In function 'main':
conftest.c:60:20: error: expected expression before ')' token
   60 | if (sizeof ((off_t)))
      |                    ^
configure:4269: $? = 1
configure: failed program was:
| /* confdefs.h */
| #define PACKAGE_NAME ""
| #define PACKAGE_TARNAME ""
| #define PACKAGE_VERSION ""
| #define PACKAGE_STRING ""
| #define PACKAGE_BUGREPORT ""
| #define PACKAGE_URL ""
| #define STDC_HEADERS 1
| #define HAVE_SYS_TYPES_H 1
| #define HAVE_SYS_STAT_H 1
| #define HAVE_STDLIB_H 1
| #define HAVE_STRING_H 1
| #define HAVE_MEMORY_H 1
| #define HAVE_STRINGS_H 1
| #define HAVE_INTTYPES_H 1
| #define HAVE_STDINT_H 1
| #define HAVE_UNISTD_H 1
| #define __EXTENSIONS__ 1
| #define _ALL_SOURCE 1
| #define _GNU_SOURCE 1
| #define _POSIX_PTHREAD_SEMANTICS 1
| #define _TANDEM_SOURCE 1
| /* end confdefs.h.  */
| #include <stdio.h>
| #ifdef HAVE_SYS_TYPES_H
| # include <sys/types.h>
| #endif
| #ifdef HAVE_SYS_STAT_H
| # include <sys/stat.h>
| #endif
| #ifdef STDC_HEADERS
| # include <stdlib.h>
| # include <stddef.h>
| #else
| # ifdef HAVE_STDLIB_H
| #  include <stdlib.h>
| # endif
| #endif
| #ifdef HAVE_STRING_H
| # if !defined STDC_HEADERS && defined HAVE_MEMORY_H
| #  include <memory.h>
| # endif
| # include <string.h>
| #endif
| #ifdef HAVE_STRINGS_H
| # include <strings.h>
| #endif
| #ifdef HAVE_INTTYPES_H
| # include <inttypes.h>
| #endif
| #ifdef HAVE_STDINT_H
| # include <stdint.h>
| #endif
| #ifdef HAVE_UNISTD_H
| # include <unistd.h>
| #endif
| int
| main ()
| {
| if (sizeof ((off_t)))
| 	    return 0;
|   ;
|   return 0;
| }
configure:4269: result: yes
configure:4280: checking for size_t
configure:4280: /usr/bin/gcc -c -O2 -I/home/luyaohan1001/Projects/hack_linux_v5.15/buildroot-2022.02.8/output/host/include  conftest.c >&5
configure:4280: $? = 0
configure:4280: /usr/bin/gcc -c -O2 -I/home/luyaohan1001/Projects/hack_linux_v5.15/buildroot-2022.02.8/output/host/include  conftest.c >&5
conftest.c: In function 'main':
conftest.c:60:21: error: expected expression before ')' token
   60 | if (sizeof ((size_t)))
      |                     ^
configure:4280: $? = 1
configure: failed program was:
| /* confdefs.h */
| #define PACKAGE_NAME ""
| #define PACKAGE_TARNAME ""
| #define PACKAGE_VERSION ""
| #define PACKAGE_STRING ""
| #define PACKAGE_BUGREPORT ""
| #define PACKAGE_URL ""
| #define STDC_HEADERS 1
| #define HAVE_SYS_TYPES_H 1
| #define HAVE_SYS_STAT_H 1
| #define HAVE_STDLIB_H 1
| #define HAVE_STRING_H 1
| #define HAVE_MEMORY_H 1
| #define HAVE_STRINGS_H 1
| #define HAVE_INTTYPES_H 1
| #define HAVE_STDINT_H 1
| #define HAVE_UNISTD_H 1
| #define __EXTENSIONS__ 1
| #define _ALL_SOURCE 1
| #define _GNU_SOURCE 1
| #define _POSIX_PTHREAD_SEMANTICS 1
| #define _TANDEM_SOURCE 1
| /* end confdefs.h.  */
| #include <stdio.h>
| #ifdef HAVE_SYS_TYPES_H
| # include <sys/types.h>
| #endif
| #ifdef HAVE_SYS_STAT_H
| # include <sys/stat.h>
| #endif
| #ifdef STDC_HEADERS
| # include <stdlib.h>
| # include <stddef.h>
| #else
| # ifdef HAVE_STDLIB_H
| #  include <stdlib.h>
| # endif
| #endif
| #ifdef HAVE_STRING_H
| # if !defined STDC_HEADERS && defined HAVE_MEMORY_H
| #  include <memory.h>
| # endif
| # include <string.h>
| #endif
| #ifdef HAVE_STRINGS_H
| # include <strings.h>
| #endif
| #ifdef HAVE_INTTYPES_H
| # include <inttypes.h>
| #endif
| #ifdef HAVE_STDINT_H
| # include <stdint.h>
| #endif
| #ifdef HAVE_UNISTD_H
| # include <unistd.h>
| #endif
| int
| main ()
| {
| if (sizeof ((size_t)))
| 	    return 0;
|   ;
|   return 0;
| }
configure:4280: result: yes
configure:4293: checking for working alloca.h
configure:4310: /usr/bin/gcc -o conftest -O2 -I/home/luyaohan1001/Projects/hack_linux_v5.15/buildroot-2022.02.8/output/host/include   -L/home/luyaohan1001/Projects/hack_linux_v5.15/buildroot-2022.02.8/output/host/lib -Wl,-rpath,/home/luyaohan1001/Projects/hack_linux_v5.15/buildroot-2022.02.8/output/host/lib conftest.c  >&5
configure:4310: $? = 0
configure:4318: result: yes
configure:4326: checking for alloca
configure:4363: /usr/bin/gcc -o conftest -O2 -I/home/luyaohan1001/Projects/hack_linux_v5.15/buildroot-2022.02.8/output/host/include   -L/home/luyaohan1001/Projects/hack_linux_v5.15/buildroot-2022.02.8/output/host/lib -Wl,-rpath,/home/luyaohan1001/Projects/hack_linux_v5.15/buildroot-2022.02.8/output/host/lib conftest.c  >&5
configure:4363: $? = 0
configure:4371: result: yes
configure:4483: checking for stdlib.h
configure:4483: result: yes
configure:4483: checking for unistd.h
configure:4483: result: yes
configure:4483: checking for sys/param.h
configure:4483: /usr/bin/gcc -c -O2 -I/home/luyaohan1001/Projects/hack_linux_v5.15/buildroot-2022.02.8/output/host/include  conftest.c >&5
configure:4483: $? = 0
configure:4483: result: yes
configure:4503: checking for getpagesize
configure:4503: /usr/bin/gcc -o conftest -O2 -I/home/luyaohan1001/Projects/hack_linux_v5.15/buildroot-2022.02.8/output/host/include   -L/home/luyaohan1001/Projects/hack_linux_v5.15/buildroot-2022.02.8/output/host/lib -Wl,-rpath,/home/luyaohan1001/Projects/hack_linux_v5.15/buildroot-2022.02.8/output/host/lib conftest.c  >&5
configure:4503: $? = 0
configure:4503: result: yes
configure:4512: checking for working mmap
configure:4659: /usr/bin/gcc -o conftest -O2 -I/home/luyaohan1001/Projects/hack_linux_v5.15/buildroot-2022.02.8/output/host/include   -L/home/luyaohan1001/Projects/hack_linux_v5.15/buildroot-2022.02.8/output/host/lib -Wl,-rpath,/home/luyaohan1001/Projects/hack_linux_v5.15/buildroot-2022.02.8/output/host/lib conftest.c  >&5
configure:4659: $? = 0
configure:4659: ./conftest
configure:4659: $? = 0
configure:4669: result: yes
configure:4679: checking whether we are using the GNU C Library 2.1 or newer
configure:4706: result: yes
configure:4714: checking whether integer division by zero raises SIGFPE
configure:4771: /usr/bin/gcc -o conftest -O2 -I/home/luyaohan1001/Projects/hack_linux_v5.15/buildroot-2022.02.8/output/host/include   -L/home/luyaohan1001/Projects/hack_linux_v5.15/buildroot-2022.02.8/output/host/lib -Wl,-rpath,/home/luyaohan1001/Projects/hack_linux_v5.15/buildroot-2022.02.8/output/host/lib conftest.c  >&5
conftest.c:49:5: warning: built-in function 'nan' declared as non-function [-Wbuiltin-declaration-mismatch]
   49 | int nan;
      |     ^~~
configure:4771: $? = 0
configure:4771: ./conftest
configure:4771: $? = 0
configure:4782: result: yes
configure:4795: checking for inttypes.h
configure:4812: /usr/bin/gcc -c -O2 -I/home/luyaohan1001/Projects/hack_linux_v5.15/buildroot-2022.02.8/output/host/include  conftest.c >&5
configure:4812: $? = 0
configure:4819: result: yes
configure:4830: checking for stdint.h
configure:4847: /usr/bin/gcc -c -O2 -I/home/luyaohan1001/Projects/hack_linux_v5.15/buildroot-2022.02.8/output/host/include  conftest.c >&5
configure:4847: $? = 0
configure:4854: result: yes
configure:4865: checking for unsigned long long
configure:4882: /usr/bin/gcc -o conftest -O2 -I/home/luyaohan1001/Projects/hack_linux_v5.15/buildroot-2022.02.8/output/host/include   -L/home/luyaohan1001/Projects/hack_linux_v5.15/buildroot-2022.02.8/output/host/lib -Wl,-rpath,/home/luyaohan1001/Projects/hack_linux_v5.15/buildroot-2022.02.8/output/host/lib conftest.c  >&5
configure:4882: $? = 0
configure:4890: result: yes
configure:4918: checking for inttypes.h
configure:4936: /usr/bin/gcc -c -O2 -I/home/luyaohan1001/Projects/hack_linux_v5.15/buildroot-2022.02.8/output/host/include  conftest.c >&5
configure:4936: $? = 0
configure:4944: result: yes
configure:4957: checking whether the inttypes.h PRIxNN macros are broken
configure:4978: /usr/bin/gcc -c -O2 -I/home/luyaohan1001/Projects/hack_linux_v5.15/buildroot-2022.02.8/output/host/include  conftest.c >&5
configure:4978: $? = 0
configure:4986: result: no
configure:5037: checking for ld used by GCC
configure:5100: result: /usr/bin/ld
configure:5107: checking if the linker (/usr/bin/ld) is GNU ld
GNU ld (GNU Binutils for Ubuntu) 2.38
configure:5119: result: yes
configure:5125: checking for shared library run path origin
configure:5138: result: done
configure:5559: checking argz.h usability
configure:5559: /usr/bin/gcc -c -O2 -I/home/luyaohan1001/Projects/hack_linux_v5.15/buildroot-2022.02.8/output/host/include  conftest.c >&5
configure:5559: $? = 0
configure:5559: result: yes
configure:5559: checking argz.h presence
configure:5559: /usr/bin/gcc -E  conftest.c
configure:5559: $? = 0
configure:5559: result: yes
configure:5559: checking for argz.h
configure:5559: result: yes
configure:5559: checking limits.h usability
configure:5559: /usr/bin/gcc -c -O2 -I/home/luyaohan1001/Projects/hack_linux_v5.15/buildroot-2022.02.8/output/host/include  conftest.c >&5
configure:5559: $? = 0
configure:5559: result: yes
configure:5559: checking limits.h presence
configure:5559: /usr/bin/gcc -E  conftest.c
configure:5559: $? = 0
configure:5559: result: yes
configure:5559: checking for limits.h
configure:5559: result: yes
configure:5559: checking locale.h usability
configure:5559: /usr/bin/gcc -c -O2 -I/home/luyaohan1001/Projects/hack_linux_v5.15/buildroot-2022.02.8/output/host/include  conftest.c >&5
configure:5559: $? = 0
configure:5559: result: yes
configure:5559: checking locale.h presence
configure:5559: /usr/bin/gcc -E  conftest.c
configure:5559: $? = 0
configure:5559: result: yes
configure:5559: checking for locale.h
configure:5559: result: yes
configure:5559: checking nl_types.h usability
configure:5559: /usr/bin/gcc -c -O2 -I/home/luyaohan1001/Projects/hack_linux_v5.15/buildroot-2022.02.8/output/host/include  conftest.c >&5
configure:5559: $? = 0
configure:5559: result: yes
configure:5559: checking nl_types.h presence
configure:5559: /usr/bin/gcc -E  conftest.c
configure:5559: $? = 0
configure:5559: result: yes
configure:5559: checking for nl_types.h
configure:5559: result: yes
configure:5559: checking malloc.h usability
configure:5559: /usr/bin/gcc -c -O2 -I/home/luyaohan1001/Projects/hack_linux_v5.15/buildroot-2022.02.8/output/host/include  conftest.c >&5
configure:5559: $? = 0
configure:5559: result: yes
configure:5559: checking malloc.h presence
configure:5559: /usr/bin/gcc -E  conftest.c
configure:5559: $? = 0
configure:5559: result: yes
configure:5559: checking for malloc.h
configure:5559: result: yes
configure:5559: checking stddef.h usability
configure:5559: /usr/bin/gcc -c -O2 -I/home/luyaohan1001/Projects/hack_linux_v5.15/buildroot-2022.02.8/output/host/include  conftest.c >&5
configure:5559: $? = 0
configure:5559: result: yes
configure:5559: checking stddef.h presence
configure:5559: /usr/bin/gcc -E  conftest.c
configure:5559: $? = 0
configure:5559: result: yes
configure:5559: checking for stddef.h
configure:5559: result: yes
configure:5559: checking for stdlib.h
configure:5559: result: yes
configure:5559: checking for string.h
configure:5559: result: yes
configure:5559: checking for unistd.h
configure:5559: result: yes
configure:5559: checking for sys/param.h
configure:5559: result: yes
configure:5575: checking for feof_unlocked
configure:5575: /usr/bin/gcc -o conftest -O2 -I/home/luyaohan1001/Projects/hack_linux_v5.15/buildroot-2022.02.8/output/host/include   -L/home/luyaohan1001/Projects/hack_linux_v5.15/buildroot-2022.02.8/output/host/lib -Wl,-rpath,/home/luyaohan1001/Projects/hack_linux_v5.15/buildroot-2022.02.8/output/host/lib conftest.c  >&5
configure:5575: $? = 0
configure:5575: result: yes
configure:5575: checking for fgets_unlocked
configure:5575: /usr/bin/gcc -o conftest -O2 -I/home/luyaohan1001/Projects/hack_linux_v5.15/buildroot-2022.02.8/output/host/include   -L/home/luyaohan1001/Projects/hack_linux_v5.15/buildroot-2022.02.8/output/host/lib -Wl,-rpath,/home/luyaohan1001/Projects/hack_linux_v5.15/buildroot-2022.02.8/output/host/lib conftest.c  >&5
configure:5575: $? = 0
configure:5575: result: yes
configure:5575: checking for getc_unlocked
configure:5575: /usr/bin/gcc -o conftest -O2 -I/home/luyaohan1001/Projects/hack_linux_v5.15/buildroot-2022.02.8/output/host/include   -L/home/luyaohan1001/Projects/hack_linux_v5.15/buildroot-2022.02.8/output/host/lib -Wl,-rpath,/home/luyaohan1001/Projects/hack_linux_v5.15/buildroot-2022.02.8/output/host/lib conftest.c  >&5
configure:5575: $? = 0
configure:5575: result: yes
configure:5575: checking for getcwd
configure:5575: /usr/bin/gcc -o conftest -O2 -I/home/luyaohan1001/Projects/hack_linux_v5.15/buildroot-2022.02.8/output/host/include   -L/home/luyaohan1001/Projects/hack_linux_v5.15/buildroot-2022.02.8/output/host/lib -Wl,-rpath,/home/luyaohan1001/Projects/hack_linux_v5.15/buildroot-2022.02.8/output/host/lib conftest.c  >&5
configure:5575: $? = 0
configure:5575: result: yes
configure:5575: checking for getegid
configure:5575: /usr/bin/gcc -o conftest -O2 -I/home/luyaohan1001/Projects/hack_linux_v5.15/buildroot-2022.02.8/output/host/include   -L/home/luyaohan1001/Projects/hack_linux_v5.15/buildroot-2022.02.8/output/host/lib -Wl,-rpath,/home/luyaohan1001/Projects/hack_linux_v5.15/buildroot-2022.02.8/output/host/lib conftest.c  >&5
configure:5575: $? = 0
configure:5575: result: yes
configure:5575: checking for geteuid
configure:5575: /usr/bin/gcc -o conftest -O2 -I/home/luyaohan1001/Projects/hack_linux_v5.15/buildroot-2022.02.8/output/host/include   -L/home/luyaohan1001/Projects/hack_linux_v5.15/buildroot-2022.02.8/output/host/lib -Wl,-rpath,/home/luyaohan1001/Projects/hack_linux_v5.15/buildroot-2022.02.8/output/host/lib conftest.c  >&5
configure:5575: $? = 0
configure:5575: result: yes
configure:5575: checking for getgid
configure:5575: /usr/bin/gcc -o conftest -O2 -I/home/luyaohan1001/Projects/hack_linux_v5.15/buildroot-2022.02.8/output/host/include   -L/home/luyaohan1001/Projects/hack_linux_v5.15/buildroot-2022.02.8/output/host/lib -Wl,-rpath,/home/luyaohan1001/Projects/hack_linux_v5.15/buildroot-2022.02.8/output/host/lib conftest.c  >&5
configure:5575: $? = 0
configure:5575: result: yes
configure:5575: checking for getuid
configure:5575: /usr/bin/gcc -o conftest -O2 -I/home/luyaohan1001/Projects/hack_linux_v5.15/buildroot-2022.02.8/output/host/include   -L/home/luyaohan1001/Projects/hack_linux_v5.15/buildroot-2022.02.8/output/host/lib -Wl,-rpath,/home/luyaohan1001/Projects/hack_linux_v5.15/buildroot-2022.02.8/output/host/lib conftest.c  >&5
configure:5575: $? = 0
configure:5575: result: yes
configure:5575: checking for mempcpy
configure:5575: /usr/bin/gcc -o conftest -O2 -I/home/luyaohan1001/Projects/hack_linux_v5.15/buildroot-2022.02.8/output/host/include   -L/home/luyaohan1001/Projects/hack_linux_v5.15/buildroot-2022.02.8/output/host/lib -Wl,-rpath,/home/luyaohan1001/Projects/hack_linux_v5.15/buildroot-2022.02.8/output/host/lib conftest.c  >&5
conftest.c:78:6: warning: conflicting types for built-in function 'mempcpy'; expected 'void *(void *, const void *, long unsigned int)' [-Wbuiltin-declaration-mismatch]
   78 | char mempcpy ();
      |      ^~~~~~~
configure:5575: $? = 0
configure:5575: result: yes
configure:5575: checking for munmap
configure:5575: /usr/bin/gcc -o conftest -O2 -I/home/luyaohan1001/Projects/hack_linux_v5.15/buildroot-2022.02.8/output/host/include   -L/home/luyaohan1001/Projects/hack_linux_v5.15/buildroot-2022.02.8/output/host/lib -Wl,-rpath,/home/luyaohan1001/Projects/hack_linux_v5.15/buildroot-2022.02.8/output/host/lib conftest.c  >&5
configure:5575: $? = 0
configure:5575: result: yes
configure:5575: checking for putenv
configure:5575: /usr/bin/gcc -o conftest -O2 -I/home/luyaohan1001/Projects/hack_linux_v5.15/buildroot-2022.02.8/output/host/include   -L/home/luyaohan1001/Projects/hack_linux_v5.15/buildroot-2022.02.8/output/host/lib -Wl,-rpath,/home/luyaohan1001/Projects/hack_linux_v5.15/buildroot-2022.02.8/output/host/lib conftest.c  >&5
configure:5575: $? = 0
configure:5575: result: yes
configure:5575: checking for setenv
configure:5575: /usr/bin/gcc -o conftest -O2 -I/home/luyaohan1001/Projects/hack_linux_v5.15/buildroot-2022.02.8/output/host/include   -L/home/luyaohan1001/Projects/hack_linux_v5.15/buildroot-2022.02.8/output/host/lib -Wl,-rpath,/home/luyaohan1001/Projects/hack_linux_v5.15/buildroot-2022.02.8/output/host/lib conftest.c  >&5
configure:5575: $? = 0
configure:5575: result: yes
configure:5575: checking for setlocale
configure:5575: /usr/bin/gcc -o conftest -O2 -I/home/luyaohan1001/Projects/hack_linux_v5.15/buildroot-2022.02.8/output/host/include   -L/home/luyaohan1001/Projects/hack_linux_v5.15/buildroot-2022.02.8/output/host/lib -Wl,-rpath,/home/luyaohan1001/Projects/hack_linux_v5.15/buildroot-2022.02.8/output/host/lib conftest.c  >&5
configure:5575: $? = 0
configure:5575: result: yes
configure:5575: checking for stpcpy
configure:5575: /usr/bin/gcc -o conftest -O2 -I/home/luyaohan1001/Projects/hack_linux_v5.15/buildroot-2022.02.8/output/host/include   -L/home/luyaohan1001/Projects/hack_linux_v5.15/buildroot-2022.02.8/output/host/lib -Wl,-rpath,/home/luyaohan1001/Projects/hack_linux_v5.15/buildroot-2022.02.8/output/host/lib conftest.c  >&5
conftest.c:83:6: warning: conflicting types for built-in function 'stpcpy'; expected 'char *(char *, const char *)' [-Wbuiltin-declaration-mismatch]
   83 | char stpcpy ();
      |      ^~~~~~
configure:5575: $? = 0
configure:5575: result: yes
configure:5575: checking for strcasecmp
configure:5575: /usr/bin/gcc -o conftest -O2 -I/home/luyaohan1001/Projects/hack_linux_v5.15/buildroot-2022.02.8/output/host/include   -L/home/luyaohan1001/Projects/hack_linux_v5.15/buildroot-2022.02.8/output/host/lib -Wl,-rpath,/home/luyaohan1001/Projects/hack_linux_v5.15/buildroot-2022.02.8/output/host/lib conftest.c  >&5
conftest.c:84:6: warning: conflicting types for built-in function 'strcasecmp'; expected 'int(const char *, const char *)' [-Wbuiltin-declaration-mismatch]
   84 | char strcasecmp ();
      |      ^~~~~~~~~~
configure:5575: $? = 0
configure:5575: result: yes
configure:5575: checking for strdup
configure:5575: /usr/bin/gcc -o conftest -O2 -I/home/luyaohan1001/Projects/hack_linux_v5.15/buildroot-2022.02.8/output/host/include   -L/home/luyaohan1001/Projects/hack_linux_v5.15/buildroot-2022.02.8/output/host/lib -Wl,-rpath,/home/luyaohan1001/Projects/hack_linux_v5.15/buildroot-2022.02.8/output/host/lib conftest.c  >&5
conftest.c:85:6: warning: conflicting types for built-in function 'strdup'; expected 'char *(const char *)' [-Wbuiltin-declaration-mismatch]
   85 | char strdup ();
      |      ^~~~~~
configure:5575: $? = 0
configure:5575: result: yes
configure:5575: checking for strtoul
configure:5575: /usr/bin/gcc -o conftest -O2 -I/home/luyaohan1001/Projects/hack_linux_v5.15/buildroot-2022.02.8/output/host/include   -L/home/luyaohan1001/Projects/hack_linux_v5.15/buildroot-2022.02.8/output/host/lib -Wl,-rpath,/home/luyaohan1001/Projects/hack_linux_v5.15/buildroot-2022.02.8/output/host/lib conftest.c  >&5
configure:5575: $? = 0
configure:5575: result: yes
configure:5575: checking for tsearch
configure:5575: /usr/bin/gcc -o conftest -O2 -I/home/luyaohan1001/Projects/hack_linux_v5.15/buildroot-2022.02.8/output/host/include   -L/home/luyaohan1001/Projects/hack_linux_v5.15/buildroot-2022.02.8/output/host/lib -Wl,-rpath,/home/luyaohan1001/Projects/hack_linux_v5.15/buildroot-2022.02.8/output/host/lib conftest.c  >&5
configure:5575: $? = 0
configure:5575: result: yes
configure:5575: checking for __argz_count
configure:5575: /usr/bin/gcc -o conftest -O2 -I/home/luyaohan1001/Projects/hack_linux_v5.15/buildroot-2022.02.8/output/host/include   -L/home/luyaohan1001/Projects/hack_linux_v5.15/buildroot-2022.02.8/output/host/lib -Wl,-rpath,/home/luyaohan1001/Projects/hack_linux_v5.15/buildroot-2022.02.8/output/host/lib conftest.c  >&5
configure:5575: $? = 0
configure:5575: result: yes
configure:5575: checking for __argz_stringify
configure:5575: /usr/bin/gcc -o conftest -O2 -I/home/luyaohan1001/Projects/hack_linux_v5.15/buildroot-2022.02.8/output/host/include   -L/home/luyaohan1001/Projects/hack_linux_v5.15/buildroot-2022.02.8/output/host/lib -Wl,-rpath,/home/luyaohan1001/Projects/hack_linux_v5.15/buildroot-2022.02.8/output/host/lib conftest.c  >&5
configure:5575: $? = 0
configure:5575: result: yes
configure:5575: checking for __argz_next
configure:5575: /usr/bin/gcc -o conftest -O2 -I/home/luyaohan1001/Projects/hack_linux_v5.15/buildroot-2022.02.8/output/host/include   -L/home/luyaohan1001/Projects/hack_linux_v5.15/buildroot-2022.02.8/output/host/lib -Wl,-rpath,/home/luyaohan1001/Projects/hack_linux_v5.15/buildroot-2022.02.8/output/host/lib conftest.c  >&5
configure:5575: $? = 0
configure:5575: result: yes
configure:5575: checking for __fsetlocking
configure:5575: /usr/bin/gcc -o conftest -O2 -I/home/luyaohan1001/Projects/hack_linux_v5.15/buildroot-2022.02.8/output/host/include   -L/home/luyaohan1001/Projects/hack_linux_v5.15/buildroot-2022.02.8/output/host/lib -Wl,-rpath,/home/luyaohan1001/Projects/hack_linux_v5.15/buildroot-2022.02.8/output/host/lib conftest.c  >&5
configure:5575: $? = 0
configure:5575: result: yes
configure:5590: checking for iconv
configure:5614: /usr/bin/gcc -o conftest -O2 -I/home/luyaohan1001/Projects/hack_linux_v5.15/buildroot-2022.02.8/output/host/include    -L/home/luyaohan1001/Projects/hack_linux_v5.15/buildroot-2022.02.8/output/host/lib -Wl,-rpath,/home/luyaohan1001/Projects/hack_linux_v5.15/buildroot-2022.02.8/output/host/lib conftest.c  >&5
configure:5614: $? = 0
configure:5688: result: yes
configure:5731: checking for iconv declaration
configure:5760: /usr/bin/gcc -c -O2 -I/home/luyaohan1001/Projects/hack_linux_v5.15/buildroot-2022.02.8/output/host/include  conftest.c >&5
configure:5760: $? = 0
configure:5771: result: 
         extern size_t iconv (iconv_t cd, char * *inbuf, size_t *inbytesleft, char * *outbuf, size_t *outbytesleft);
configure:5782: checking for nl_langinfo and CODESET
configure:5798: /usr/bin/gcc -o conftest -O2 -I/home/luyaohan1001/Projects/hack_linux_v5.15/buildroot-2022.02.8/output/host/include   -L/home/luyaohan1001/Projects/hack_linux_v5.15/buildroot-2022.02.8/output/host/lib -Wl,-rpath,/home/luyaohan1001/Projects/hack_linux_v5.15/buildroot-2022.02.8/output/host/lib conftest.c  >&5
configure:5798: $? = 0
configure:5807: result: yes
configure:5817: checking for LC_MESSAGES
configure:5833: /usr/bin/gcc -o conftest -O2 -I/home/luyaohan1001/Projects/hack_linux_v5.15/buildroot-2022.02.8/output/host/include   -L/home/luyaohan1001/Projects/hack_linux_v5.15/buildroot-2022.02.8/output/host/lib -Wl,-rpath,/home/luyaohan1001/Projects/hack_linux_v5.15/buildroot-2022.02.8/output/host/lib conftest.c  >&5
configure:5833: $? = 0
configure:5841: result: yes
configure:5855: checking for bison
configure:5871: found /home/luyaohan1001/Projects/hack_linux_v5.15/buildroot-2022.02.8/output/host/bin/bison
configure:5882: result: bison
configure:5896: checking version of bison
configure:5905: result: 3.8.2, ok
configure:5927: checking whether NLS is requested
configure:5936: result: no
configure:6509: checking whether to use NLS
configure:6511: result: no
configure:6639: checking for aclocal
configure:6655: found /usr/bin/aclocal
configure:6666: result: aclocal
configure:6682: checking for autoconf
configure:6698: found /usr/bin/autoconf
configure:6709: result: autoconf
configure:6725: checking for autoheader
configure:6741: found /usr/bin/autoheader
configure:6752: result: autoheader
configure:6853: updating cache ./config.cache
configure:6902: creating ./config.status

## ---------------------- ##
## Running config.status. ##
## ---------------------- ##

This file was extended by config.status, which was
generated by GNU Autoconf 2.69.  Invocation command line was

  CONFIG_FILES    = 
  CONFIG_HEADERS  = 
  CONFIG_LINKS    = 
  CONFIG_COMMANDS = 
  $ ./config.status 

on lyc

config.status:920: creating Makefile
config.status:920: creating config.intl
config.status:920: creating config.h
config.status:1109: executing default-1 commands

## ---------------- ##
## Cache variables. ##
## ---------------- ##

ac_cv_build=x86_64-pc-linux-gnu
ac_cv_c_compiler_gnu=yes
ac_cv_c_const=yes
ac_cv_c_inline=inline
ac_cv_env_CC_set=set
ac_cv_env_CC_value=/usr/bin/gcc
ac_cv_env_CFLAGS_set=set
ac_cv_env_CFLAGS_value='-O2 -I/home/luyaohan1001/Projects/hack_linux_v5.15/buildroot-2022.02.8/output/host/include'
ac_cv_env_CPPFLAGS_set=
ac_cv_env_CPPFLAGS_value=
ac_cv_env_CPP_set=
ac_cv_env_CPP_value=
ac_cv_env_LDFLAGS_set=set
ac_cv_env_LDFLAGS_value=' -L/home/luyaohan1001/Projects/hack_linux_v5.15/buildroot-2022.02.8/output/host/lib -Wl,-rpath,/home/luyaohan1001/Projects/hack_linux_v5.15/buildroot-2022.02.8/output/host/lib'
ac_cv_env_LIBS_set=
ac_cv_env_LIBS_value=
ac_cv_env_build_alias_set=set
ac_cv_env_build_alias_value=x86_64-pc-linux-gnu
ac_cv_env_host_alias_set=set
ac_cv_env_host_alias_value=x86_64-pc-linux-gnu
ac_cv_env_target_alias_set=set
ac_cv_env_target_alias_value=x86_64-buildroot-linux-gnu
ac_cv_func___argz_count=yes
ac_cv_func___argz_next=yes
ac_cv_func___argz_stringify=yes
ac_cv_func___fsetlocking=yes
ac_cv_func_alloca_works=yes
ac_cv_func_feof_unlocked=yes
ac_cv_func_fgets_unlocked=yes
ac_cv_func_getc_unlocked=yes
ac_cv_func_getcwd=yes
ac_cv_func_getegid=yes
ac_cv_func_geteuid=yes
ac_cv_func_getgid=yes
ac_cv_func_getpagesize=yes
ac_cv_func_getuid=yes
ac_cv_func_mempcpy=yes
ac_cv_func_mmap_fixed_mapped=yes
ac_cv_func_munmap=yes
ac_cv_func_putenv=yes
ac_cv_func_setenv=yes
ac_cv_func_setlocale=yes
ac_cv_func_stpcpy=yes
ac_cv_func_strcasecmp=yes
ac_cv_func_strdup=yes
ac_cv_func_strtoul=yes
ac_cv_func_tsearch=yes
ac_cv_gnu_library_2_1=yes
ac_cv_header_argz_h=yes
ac_cv_header_inttypes_h=yes
ac_cv_header_limits_h=yes
ac_cv_header_locale_h=yes
ac_cv_header_malloc_h=yes
ac_cv_header_memory_h=yes
ac_cv_header_minix_config_h=no
ac_cv_header_nl_types_h=yes
ac_cv_header_stdc=yes
ac_cv_header_stddef_h=yes
ac_cv_header_stdint_h=yes
ac_cv_header_stdlib_h=yes
ac_cv_header_string_h=yes
ac_cv_header_strings_h=yes
ac_cv_header_sys_param_h=yes
ac_cv_header_sys_stat_h=yes
ac_cv_header_sys_types_h=yes
ac_cv_header_unistd_h=yes
ac_cv_host=x86_64-pc-linux-gnu
ac_cv_objext=o
ac_cv_path_EGREP='/usr/bin/grep -E'
ac_cv_path_GMSGFMT=:
ac_cv_path_GREP=/usr/bin/grep
ac_cv_path_MSGFMT=:
ac_cv_path_MSGMERGE=:
ac_cv_path_XGETTEXT=:
ac_cv_prog_ACLOCAL=aclocal
ac_cv_prog_AUTOCONF=autoconf
ac_cv_prog_AUTOHEADER=autoheader
ac_cv_prog_CC=/usr/bin/gcc
ac_cv_prog_CPP='/usr/bin/gcc -E'
ac_cv_prog_INTLBISON=bison
ac_cv_prog_RANLIB=/usr/bin/ranlib
ac_cv_prog_cc_c89=
ac_cv_prog_cc_g=yes
ac_cv_prog_make__usr_bin_make_set=yes
ac_cv_safe_to_define___extensions__=yes
ac_cv_search_strerror='none required'
ac_cv_type_off_t=yes
ac_cv_type_size_t=yes
ac_cv_type_unsigned_long_long=yes
ac_cv_working_alloca_h=yes
acl_cv_hardcode_direct=no
acl_cv_hardcode_libdir_flag_spec='${wl}-rpath ${wl}$libdir'
acl_cv_hardcode_libdir_separator=
acl_cv_hardcode_minus_L=no
acl_cv_libext=a
acl_cv_path_LD=/usr/bin/ld
acl_cv_prog_gnu_ld=yes
acl_cv_rpath=done
acl_cv_shlibext=so
acl_cv_wl=-Wl,
am_cv_func_iconv=yes
am_cv_langinfo_codeset=yes
am_cv_lib_iconv=no
am_cv_proto_iconv='extern size_t iconv (iconv_t cd, char * *inbuf, size_t *inbytesleft, char * *outbuf, size_t *outbytesleft);'
am_cv_proto_iconv_arg1=
am_cv_val_LC_MESSAGES=yes
gt_cv_header_inttypes_h=yes
gt_cv_int_divbyzero_sigfpe=yes
gt_cv_inttypes_pri_broken=no
jm_ac_cv_header_inttypes_h=yes
jm_ac_cv_header_stdint_h=yes
nls_cv_header_intl=
nls_cv_header_libgt=

## ----------------- ##
## Output variables. ##
## ----------------- ##

ACLOCAL='aclocal'
ALLOCA=''
AUTOCONF='autoconf'
AUTOHEADER='autoheader'
BUILD_INCLUDED_LIBINTL='no'
CATOBJEXT=''
CC='/usr/bin/gcc'
CFLAGS='-O2 -I/home/luyaohan1001/Projects/hack_linux_v5.15/buildroot-2022.02.8/output/host/include'
CPP='/usr/bin/gcc -E'
CPPFLAGS=''
DATADIRNAME='share'
DEFS='-DHAVE_CONFIG_H'
ECHO_C=''
ECHO_N='-n'
ECHO_T=''
EGREP='/usr/bin/grep -E'
EXEEXT=''
GENCAT='gencat'
GLIBC21='yes'
GMSGFMT=':'
GREP='/usr/bin/grep'
INCINTL=''
INSTALL_DATA='/usr/bin/install -c -m 644'
INSTALL_PROGRAM='/usr/bin/install -c'
INSTALL_SCRIPT='/usr/bin/install -c'
INSTOBJEXT='.mo'
INTLBISON='bison'
INTLLIBS=''
INTLOBJS=''
INTL_LIBTOOL_SUFFIX_PREFIX=''
LDFLAGS=' -L/home/luyaohan1001/Projects/hack_linux_v5.15/buildroot-2022.02.8/output/host/lib -Wl,-rpath,/home/luyaohan1001/Projects/hack_linux_v5.15/buildroot-2022.02.8/output/host/lib'
LIBICONV=''
LIBINTL=''
LIBINTL_DEP=''
LIBOBJS=''
LIBS=''
LTLIBICONV=''
LTLIBINTL=''
LTLIBOBJS=''
MAINT='#'
MKINSTALLDIRS='$(top_builddir)/./../mkinstalldirs'
MSGFMT=':'
MSGMERGE=':'
OBJEXT='o'
PACKAGE_BUGREPORT=''
PACKAGE_NAME=''
PACKAGE_STRING=''
PACKAGE_TARNAME=''
PACKAGE_URL=''
PACKAGE_VERSION=''
PATH_SEPARATOR=':'
POSUB=''
RANLIB='/usr/bin/ranlib'
SET_MAKE=''
SHELL='/bin/bash'
USE_INCLUDED_LIBINTL='no'
USE_NLS='no'
XGETTEXT=':'
ac_ct_CC=''
bindir='${exec_prefix}/bin'
build='x86_64-pc-linux-gnu'
build_alias='x86_64-pc-linux-gnu'
build_cpu='x86_64'
build_os='linux-gnu'
build_vendor='pc'
datadir='${datarootdir}'
datarootdir='${prefix}/share'
docdir='${datarootdir}/doc/${PACKAGE}'
dvidir='${docdir}'
exec_prefix='${prefix}'
host='x86_64-pc-linux-gnu'
host_alias='x86_64-pc-linux-gnu'
host_cpu='x86_64'
host_os='linux-gnu'
host_vendor='pc'
htmldir='${docdir}'
includedir='${prefix}/include'
infodir='${datarootdir}/info'
libdir='${exec_prefix}/lib'
libexecdir='${exec_prefix}/libexec'
localedir='${datarootdir}/locale'
localstatedir='/home/luyaohan1001/Projects/hack_linux_v5.15/buildroot-2022.02.8/output/host/var'
mandir='${datarootdir}/man'
oldincludedir='/usr/include'
pdfdir='${docdir}'
prefix='/home/luyaohan1001/Projects/hack_linux_v5.15/buildroot-2022.02.8/output/host'
program_transform_name='s&^&x86_64-buildroot-linux-gnu-&'
psdir='${docdir}'
sbindir='${exec_prefix}/sbin'
sharedstatedir='${prefix}/com'
sysconfdir='/home/luyaohan1001/Projects/hack_linux_v5.15/buildroot-2022.02.8/output/host/etc'
target_alias='x86_64-buildroot-linux-gnu'

## ----------- ##
## confdefs.h. ##
## ----------- ##

/* confdefs.h */
#define PACKAGE_NAME ""
#define PACKAGE_TARNAME ""
#define PACKAGE_VERSION ""
#define PACKAGE_STRING ""
#define PACKAGE_BUGREPORT ""
#define PACKAGE_URL ""
#define STDC_HEADERS 1
#define HAVE_SYS_TYPES_H 1
#define HAVE_SYS_STAT_H 1
#define HAVE_STDLIB_H 1
#define HAVE_STRING_H 1
#define HAVE_MEMORY_H 1
#define HAVE_STRINGS_H 1
#define HAVE_INTTYPES_H 1
#define HAVE_STDINT_H 1
#define HAVE_UNISTD_H 1
#define __EXTENSIONS__ 1
#define _ALL_SOURCE 1
#define _GNU_SOURCE 1
#define _POSIX_PTHREAD_SEMANTICS 1
#define _TANDEM_SOURCE 1
#define HAVE_ALLOCA_H 1
#define HAVE_ALLOCA 1
#define HAVE_STDLIB_H 1
#define HAVE_UNISTD_H 1
#define HAVE_SYS_PARAM_H 1
#define HAVE_GETPAGESIZE 1
#define HAVE_MMAP 1
#define INTDIV0_RAISES_SIGFPE 1
#define HAVE_INTTYPES_H_WITH_UINTMAX 1
#define HAVE_STDINT_H_WITH_UINTMAX 1
#define HAVE_UNSIGNED_LONG_LONG 1
#define HAVE_UINTMAX_T 1
#define HAVE_INTTYPES_H 1
#define HAVE_ARGZ_H 1
#define HAVE_LIMITS_H 1
#define HAVE_LOCALE_H 1
#define HAVE_NL_TYPES_H 1
#define HAVE_MALLOC_H 1
#define HAVE_STDDEF_H 1
#define HAVE_STDLIB_H 1
#define HAVE_STRING_H 1
#define HAVE_UNISTD_H 1
#define HAVE_SYS_PARAM_H 1
#define HAVE_FEOF_UNLOCKED 1
#define HAVE_FGETS_UNLOCKED 1
#define HAVE_GETC_UNLOCKED 1
#define HAVE_GETCWD 1
#define HAVE_GETEGID 1
#define HAVE_GETEUID 1
#define HAVE_GETGID 1
#define HAVE_GETUID 1
#define HAVE_MEMPCPY 1
#define HAVE_MUNMAP 1
#define HAVE_PUTENV 1
#define HAVE_SETENV 1
#define HAVE_SETLOCALE 1
#define HAVE_STPCPY 1
#define HAVE_STRCASECMP 1
#define HAVE_STRDUP 1
#define HAVE_STRTOUL 1
#define HAVE_TSEARCH 1
#define HAVE___ARGZ_COUNT 1
#define HAVE___ARGZ_STRINGIFY 1
#define HAVE___ARGZ_NEXT 1
#define HAVE___FSETLOCKING 1
#define HAVE_ICONV 1
#define ICONV_CONST 
#define HAVE_LANGINFO_CODESET 1
#define HAVE_LC_MESSAGES 1
#define IN_LIBINTL 1
#define IN_LIBRARY 1
#define DEPENDS_ON_LIBICONV 1
#define ENABLE_RELOCATABLE 1
#define NO_XMALLOC 1
#define set_relocation_prefix libintl_set_relocation_prefix
#define relocate libintl_relocate

configure: exit 0
