--------------------
./configure --prefix=/home/luyaohan1001/Projects/hack_linux_v5.15/buildroot-2022.02.8/output/host --sysconfdir=/home/luyaohan1001/Projects/hack_linux_v5.15/buildroot-2022.02.8/output/host/etc
Tue Jan 10 04:17:16 PM EST 2023
ignored option: --sysconfdir
=== ztest518204.c ===
extern int getchar();
int hello() {return getchar();}
===
/usr/bin/gcc -c ztest518204.c
... using gcc

Checking for obsessive-compulsive compiler options...
=== ztest518204.c ===
int foo() { return 0; }
===
/usr/bin/gcc -c -O2 -I/home/luyaohan1001/Projects/hack_linux_v5.15/buildroot-2022.02.8/output/host/include ztest518204.c

Checking for shared library support...
=== ztest518204.c ===
extern int getchar();
int hello() {return getchar();}
===
/usr/bin/gcc -w -c -O2 -I/home/luyaohan1001/Projects/hack_linux_v5.15/buildroot-2022.02.8/output/host/include -fPIC ztest518204.c
/usr/bin/gcc -shared -Wl,-soname,libz.so.1,--version-script,zlib.map -O2 -I/home/luyaohan1001/Projects/hack_linux_v5.15/buildroot-2022.02.8/output/host/include -fPIC -o ztest518204.so ztest518204.o
Building shared library libz.so.1.2.12 with /usr/bin/gcc.

=== ztest518204.c ===
#include <stdio.h>
#include <stdlib.h>
size_t dummy = 0;
===
/usr/bin/gcc -c -O2 -I/home/luyaohan1001/Projects/hack_linux_v5.15/buildroot-2022.02.8/output/host/include ztest518204.c
Checking for size_t... Yes.

=== ztest518204.c ===
#include <sys/types.h>
off64_t dummy = 0;
===
/usr/bin/gcc -c -O2 -I/home/luyaohan1001/Projects/hack_linux_v5.15/buildroot-2022.02.8/output/host/include -D_LARGEFILE64_SOURCE=1 ztest518204.c
Checking for off64_t... Yes.
Checking for fseeko... Yes.

=== ztest518204.c ===
#include <string.h>
#include <errno.h>
int main() { return strlen(strerror(errno)); }
===
/usr/bin/gcc -O2 -I/home/luyaohan1001/Projects/hack_linux_v5.15/buildroot-2022.02.8/output/host/include -D_LARGEFILE64_SOURCE=1 -o ztest518204 ztest518204.c
Checking for strerror... Yes.

=== ztest518204.c ===
#include <unistd.h>
int main() { return 0; }
===
/usr/bin/gcc -c -O2 -I/home/luyaohan1001/Projects/hack_linux_v5.15/buildroot-2022.02.8/output/host/include -D_LARGEFILE64_SOURCE=1 ztest518204.c
Checking for unistd.h... Yes.

=== ztest518204.c ===
#include <stdarg.h>
int main() { return 0; }
===
/usr/bin/gcc -c -O2 -I/home/luyaohan1001/Projects/hack_linux_v5.15/buildroot-2022.02.8/output/host/include -D_LARGEFILE64_SOURCE=1 ztest518204.c
Checking for stdarg.h... Yes.

=== ztest518204.c ===
#include <stdio.h>
#include <stdarg.h>
#include "zconf.h"
int main()
{
#ifndef STDC
  choke me
#endif
  return 0;
}
===
/usr/bin/gcc -c -O2 -I/home/luyaohan1001/Projects/hack_linux_v5.15/buildroot-2022.02.8/output/host/include -D_LARGEFILE64_SOURCE=1 ztest518204.c
Checking whether to use vs[n]printf() or s[n]printf()... using vs[n]printf().

=== ztest518204.c ===
#include <stdio.h>
#include <stdarg.h>
int mytest(const char *fmt, ...)
{
  char buf[20];
  va_list ap;
  va_start(ap, fmt);
  vsnprintf(buf, sizeof(buf), fmt, ap);
  va_end(ap);
  return 0;
}
int main()
{
  return (mytest("Hello%d\n", 1));
}
===
/usr/bin/gcc -O2 -I/home/luyaohan1001/Projects/hack_linux_v5.15/buildroot-2022.02.8/output/host/include -D_LARGEFILE64_SOURCE=1 -o ztest518204 ztest518204.c
Checking for vsnprintf() in stdio.h... Yes.

=== ztest518204.c ===
#include <stdio.h>
#include <stdarg.h>
int mytest(const char *fmt, ...)
{
  int n;
  char buf[20];
  va_list ap;
  va_start(ap, fmt);
  n = vsnprintf(buf, sizeof(buf), fmt, ap);
  va_end(ap);
  return n;
}
int main()
{
  return (mytest("Hello%d\n", 1));
}
===
/usr/bin/gcc -c -O2 -I/home/luyaohan1001/Projects/hack_linux_v5.15/buildroot-2022.02.8/output/host/include -D_LARGEFILE64_SOURCE=1 ztest518204.c
Checking for return value of vsnprintf()... Yes.

=== ztest518204.c ===
#define ZLIB_INTERNAL __attribute__((visibility ("hidden")))
int ZLIB_INTERNAL foo;
int main()
{
  return 0;
}
===
/usr/bin/gcc -c -O2 -I/home/luyaohan1001/Projects/hack_linux_v5.15/buildroot-2022.02.8/output/host/include -D_LARGEFILE64_SOURCE=1 ztest518204.c
Checking for attribute(visibility) support... Yes.

ALL = static shared all64
AR = /usr/bin/ar
ARFLAGS = rc
CC = /usr/bin/gcc
CFLAGS = -O2 -I/home/luyaohan1001/Projects/hack_linux_v5.15/buildroot-2022.02.8/output/host/include -D_LARGEFILE64_SOURCE=1 -DHAVE_HIDDEN
CPP = /usr/bin/cpp
EXE =
LDCONFIG = ldconfig
LDFLAGS = -L/home/luyaohan1001/Projects/hack_linux_v5.15/buildroot-2022.02.8/output/host/lib -Wl,-rpath,/home/luyaohan1001/Projects/hack_linux_v5.15/buildroot-2022.02.8/output/host/lib
LDSHARED = /usr/bin/gcc -shared -Wl,-soname,libz.so.1,--version-script,zlib.map
LDSHAREDLIBC = -lc
OBJC = $(OBJZ) $(OBJG)
PIC_OBJC = $(PIC_OBJZ) $(PIC_OBJG)
RANLIB = /usr/bin/ranlib
SFLAGS = -O2 -I/home/luyaohan1001/Projects/hack_linux_v5.15/buildroot-2022.02.8/output/host/include -fPIC -D_LARGEFILE64_SOURCE=1 -DHAVE_HIDDEN
SHAREDLIB = libz.so
SHAREDLIBM = libz.so.1
SHAREDLIBV = libz.so.1.2.12
STATICLIB = libz.a
TEST = all teststatic testshared test64
VER = 1.2.12
SRCDIR =
exec_prefix = ${prefix}
includedir = ${prefix}/include
libdir = ${exec_prefix}/lib
mandir = ${prefix}/share/man
prefix = /home/luyaohan1001/Projects/hack_linux_v5.15/buildroot-2022.02.8/output/host
sharedlibdir = ${libdir}
uname = Linux
--------------------


