This file contains any messages produced by compilers while
running configure, to aid debugging if configure makes a mistake.

It was created by GNU C Library configure (see version.h), which was
generated by GNU Autoconf 2.69.  Invocation command line was

  $ /home/luyaohan1001/Projects/hack_linux_v5.15/buildroot-2022.02.8/output/build/glibc-2.34-109-gd64b08d5ba7ffbc9155630f4843cf2e271b1629c/configure --target=x86_64-buildroot-linux-gnu --host=x86_64-buildroot-linux-gnu --build=x86_64-pc-linux-gnu --prefix=/usr --enable-shared --enable-lock-elision --with-pkgversion=Buildroot --disable-profile --disable-werror --without-gd --with-headers=/home/luyaohan1001/Projects/hack_linux_v5.15/buildroot-2022.02.8/output/host/x86_64-buildroot-linux-gnu/sysroot/usr/include --enable-kernel=5.15

## --------- ##
## Platform. ##
## --------- ##

hostname = lyc
uname -m = x86_64
uname -r = 5.15.0-57-generic
uname -s = Linux
uname -v = #63-Ubuntu SMP Thu Nov 24 13:43:17 UTC 2022

/usr/bin/uname -p = x86_64
/bin/uname -X     = unknown

/bin/arch              = x86_64
/usr/bin/arch -k       = unknown
/usr/convex/getsysinfo = unknown
/usr/bin/hostinfo      = unknown
/bin/machine           = unknown
/usr/bin/oslevel       = unknown
/bin/universe          = unknown

PATH: /home/luyaohan1001/Projects/hack_linux_v5.15/buildroot-2022.02.8/output/host/bin
PATH: /home/luyaohan1001/Projects/hack_linux_v5.15/buildroot-2022.02.8/output/host/sbin
PATH: /home/luyaohan1001/bin
PATH: /home/luyaohan1001/.local/bin
PATH: /home/luyaohan1001/bin
PATH: /usr/local/sbin
PATH: /usr/local/bin
PATH: /usr/sbin
PATH: /usr/bin
PATH: /sbin
PATH: /bin
PATH: /usr/games
PATH: /usr/local/games
PATH: /snap/bin
PATH: /snap/bin


## ----------- ##
## Core tests. ##
## ----------- ##

configure:2250: checking build system type
configure:2264: result: x86_64-pc-linux-gnu
configure:2284: checking host system type
configure:2297: result: x86_64-buildroot-linux-gnu
configure:2326: checking for x86_64-buildroot-linux-gnu-gcc
configure:2353: result: /home/luyaohan1001/Projects/hack_linux_v5.15/buildroot-2022.02.8/output/host/bin/x86_64-buildroot-linux-gnu-gcc
configure:2622: checking for C compiler version
configure:2631: /home/luyaohan1001/Projects/hack_linux_v5.15/buildroot-2022.02.8/output/host/bin/x86_64-buildroot-linux-gnu-gcc --version >&5
x86_64-buildroot-linux-gnu-gcc.br_real (Buildroot -gb01e18a7d-dirty) 10.4.0
Copyright (C) 2020 Free Software Foundation, Inc.
This is free software; see the source for copying conditions.  There is NO
warranty; not even for MERCHANTABILITY or FITNESS FOR A PARTICULAR PURPOSE.

configure:2642: $? = 0
configure:2631: /home/luyaohan1001/Projects/hack_linux_v5.15/buildroot-2022.02.8/output/host/bin/x86_64-buildroot-linux-gnu-gcc -v >&5
Using built-in specs.
COLLECT_GCC=/home/luyaohan1001/Projects/hack_linux_v5.15/buildroot-2022.02.8/output/host/bin/x86_64-buildroot-linux-gnu-gcc.br_real
COLLECT_LTO_WRAPPER=/home/luyaohan1001/Projects/hack_linux_v5.15/buildroot-2022.02.8/output/host/libexec/gcc/x86_64-buildroot-linux-gnu/10.4.0/lto-wrapper
Target: x86_64-buildroot-linux-gnu
Configured with: ./configure --prefix=/home/luyaohan1001/Projects/hack_linux_v5.15/buildroot-2022.02.8/output/host --sysconfdir=/home/luyaohan1001/Projects/hack_linux_v5.15/buildroot-2022.02.8/output/host/etc --localstatedir=/home/luyaohan1001/Projects/hack_linux_v5.15/buildroot-2022.02.8/output/host/var --enable-shared --disable-static --disable-gtk-doc --disable-gtk-doc-html --disable-doc --disable-docs --disable-documentation --disable-debug --with-xmlto=no --with-fop=no --disable-nls --disable-dependency-tracking --target=x86_64-buildroot-linux-gnu --with-sysroot=/home/luyaohan1001/Projects/hack_linux_v5.15/buildroot-2022.02.8/output/host/x86_64-buildroot-linux-gnu/sysroot --enable-__cxa_atexit --with-gnu-ld --disable-libssp --disable-multilib --disable-decimal-float --with-gmp=/home/luyaohan1001/Projects/hack_linux_v5.15/buildroot-2022.02.8/output/host --with-mpc=/home/luyaohan1001/Projects/hack_linux_v5.15/buildroot-2022.02.8/output/host --with-mpfr=/home/luyaohan1001/Projects/hack_linux_v5.15/buildroot-2022.02.8/output/host --with-pkgversion='Buildroot -gb01e18a7d-dirty' --with-bugurl=http://bugs.buildroot.net/ --without-zstd --enable-libquadmath --enable-tls --enable-threads --without-isl --without-cloog --with-arch=x86-64 --enable-languages=c --disable-shared --without-headers --disable-threads --with-newlib --disable-largefile
Thread model: single
Supported LTO compression algorithms: zlib
gcc version 10.4.0 (Buildroot -gb01e18a7d-dirty) 
COMPILER_PATH=/home/luyaohan1001/Projects/hack_linux_v5.15/buildroot-2022.02.8/output/host/libexec/gcc/x86_64-buildroot-linux-gnu/10.4.0/:/home/luyaohan1001/Projects/hack_linux_v5.15/buildroot-2022.02.8/output/host/libexec/gcc/x86_64-buildroot-linux-gnu/10.4.0/:/home/luyaohan1001/Projects/hack_linux_v5.15/buildroot-2022.02.8/output/host/libexec/gcc/x86_64-buildroot-linux-gnu/:/home/luyaohan1001/Projects/hack_linux_v5.15/buildroot-2022.02.8/output/host/lib/gcc/x86_64-buildroot-linux-gnu/10.4.0/:/home/luyaohan1001/Projects/hack_linux_v5.15/buildroot-2022.02.8/output/host/lib/gcc/x86_64-buildroot-linux-gnu/:/home/luyaohan1001/Projects/hack_linux_v5.15/buildroot-2022.02.8/output/host/lib/gcc/x86_64-buildroot-linux-gnu/10.4.0/../../../../x86_64-buildroot-linux-gnu/bin/
LIBRARY_PATH=/home/luyaohan1001/Projects/hack_linux_v5.15/buildroot-2022.02.8/output/host/lib/gcc/x86_64-buildroot-linux-gnu/10.4.0/:/home/luyaohan1001/Projects/hack_linux_v5.15/buildroot-2022.02.8/output/host/x86_64-buildroot-linux-gnu/sysroot/lib/../lib64/:/home/luyaohan1001/Projects/hack_linux_v5.15/buildroot-2022.02.8/output/host/x86_64-buildroot-linux-gnu/sysroot/usr/lib/../lib64/:/home/luyaohan1001/Projects/hack_linux_v5.15/buildroot-2022.02.8/output/host/lib/gcc/x86_64-buildroot-linux-gnu/10.4.0/../../../../x86_64-buildroot-linux-gnu/lib/:/home/luyaohan1001/Projects/hack_linux_v5.15/buildroot-2022.02.8/output/host/x86_64-buildroot-linux-gnu/sysroot/lib/:/home/luyaohan1001/Projects/hack_linux_v5.15/buildroot-2022.02.8/output/host/x86_64-buildroot-linux-gnu/sysroot/usr/lib/
... rest of stderr output deleted ...
configure:2642: $? = 1
configure:2631: /home/luyaohan1001/Projects/hack_linux_v5.15/buildroot-2022.02.8/output/host/bin/x86_64-buildroot-linux-gnu-gcc -V >&5
x86_64-buildroot-linux-gnu-gcc.br_real: error: unrecognized command-line option '-V'
configure:2642: $? = 1
configure:2631: /home/luyaohan1001/Projects/hack_linux_v5.15/buildroot-2022.02.8/output/host/bin/x86_64-buildroot-linux-gnu-gcc -qversion >&5
x86_64-buildroot-linux-gnu-gcc.br_real: error: unrecognized command-line option '-qversion'; did you mean '--version'?
configure:2642: $? = 1
configure:2647: checking for suffix of object files
configure:2669: /home/luyaohan1001/Projects/hack_linux_v5.15/buildroot-2022.02.8/output/host/bin/x86_64-buildroot-linux-gnu-gcc -c -O2 -fno-lto  conftest.c >&5
configure:2673: $? = 0
configure:2694: result: o
configure:2698: checking whether we are using the GNU C compiler
configure:2717: /home/luyaohan1001/Projects/hack_linux_v5.15/buildroot-2022.02.8/output/host/bin/x86_64-buildroot-linux-gnu-gcc -c -O2 -fno-lto  conftest.c >&5
configure:2717: $? = 0
configure:2726: result: yes
configure:2735: checking whether /home/luyaohan1001/Projects/hack_linux_v5.15/buildroot-2022.02.8/output/host/bin/x86_64-buildroot-linux-gnu-gcc accepts -g
configure:2755: /home/luyaohan1001/Projects/hack_linux_v5.15/buildroot-2022.02.8/output/host/bin/x86_64-buildroot-linux-gnu-gcc -c -g  conftest.c >&5
configure:2755: $? = 0
configure:2796: result: yes
configure:2825: checking for gcc
configure:2841: found /usr/bin/gcc
configure:2852: result: gcc
configure:2876: checking for x86_64-buildroot-linux-gnu-readelf
configure:2903: result: /home/luyaohan1001/Projects/hack_linux_v5.15/buildroot-2022.02.8/output/host/bin/x86_64-buildroot-linux-gnu-readelf
configure:3079: checking for C++ compiler version
configure:3088: no --version >&5
/home/luyaohan1001/Projects/hack_linux_v5.15/buildroot-2022.02.8/output/build/glibc-2.34-109-gd64b08d5ba7ffbc9155630f4843cf2e271b1629c/configure: line 3090: no: command not found
configure:3099: $? = 127
configure:3088: no -v >&5
/home/luyaohan1001/Projects/hack_linux_v5.15/buildroot-2022.02.8/output/build/glibc-2.34-109-gd64b08d5ba7ffbc9155630f4843cf2e271b1629c/configure: line 3090: no: command not found
configure:3099: $? = 127
configure:3088: no -V >&5
/home/luyaohan1001/Projects/hack_linux_v5.15/buildroot-2022.02.8/output/build/glibc-2.34-109-gd64b08d5ba7ffbc9155630f4843cf2e271b1629c/configure: line 3090: no: command not found
configure:3099: $? = 127
configure:3088: no -qversion >&5
/home/luyaohan1001/Projects/hack_linux_v5.15/buildroot-2022.02.8/output/build/glibc-2.34-109-gd64b08d5ba7ffbc9155630f4843cf2e271b1629c/configure: line 3090: no: command not found
configure:3099: $? = 127
configure:3103: checking whether we are using the GNU C++ compiler
configure:3122: no -c -O2 -fno-lto  conftest.cpp >&5
/home/luyaohan1001/Projects/hack_linux_v5.15/buildroot-2022.02.8/output/build/glibc-2.34-109-gd64b08d5ba7ffbc9155630f4843cf2e271b1629c/configure: line 1633: no: command not found
configure:3122: $? = 127
configure: failed program was:
| /* confdefs.h */
| #define PACKAGE_NAME "GNU C Library"
| #define PACKAGE_TARNAME "glibc"
| #define PACKAGE_VERSION "(see version.h)"
| #define PACKAGE_STRING "GNU C Library (see version.h)"
| #define PACKAGE_BUGREPORT "https://sourceware.org/bugzilla/"
| #define PACKAGE_URL "https://www.gnu.org/software/glibc/"
| #define PKGVERSION "(Buildroot) "
| #define REPORT_BUGS_TO "<https://www.gnu.org/software/libc/bugs.html>"
| /* end confdefs.h.  */
| 
| int
| main ()
| {
| #ifndef __GNUC__
|        choke me
| #endif
| 
|   ;
|   return 0;
| }
configure:3131: result: no
configure:3140: checking whether no accepts -g
configure:3160: no -c -g  conftest.cpp >&5
/home/luyaohan1001/Projects/hack_linux_v5.15/buildroot-2022.02.8/output/build/glibc-2.34-109-gd64b08d5ba7ffbc9155630f4843cf2e271b1629c/configure: line 1633: no: command not found
configure:3160: $? = 127
configure: failed program was:
| /* confdefs.h */
| #define PACKAGE_NAME "GNU C Library"
| #define PACKAGE_TARNAME "glibc"
| #define PACKAGE_VERSION "(see version.h)"
| #define PACKAGE_STRING "GNU C Library (see version.h)"
| #define PACKAGE_BUGREPORT "https://sourceware.org/bugzilla/"
| #define PACKAGE_URL "https://www.gnu.org/software/glibc/"
| #define PKGVERSION "(Buildroot) "
| #define REPORT_BUGS_TO "<https://www.gnu.org/software/libc/bugs.html>"
| /* end confdefs.h.  */
| 
| int
| main ()
| {
| 
|   ;
|   return 0;
| }
configure:3175: no -c   conftest.cpp >&5
/home/luyaohan1001/Projects/hack_linux_v5.15/buildroot-2022.02.8/output/build/glibc-2.34-109-gd64b08d5ba7ffbc9155630f4843cf2e271b1629c/configure: line 1633: no: command not found
configure:3175: $? = 127
configure: failed program was:
| /* confdefs.h */
| #define PACKAGE_NAME "GNU C Library"
| #define PACKAGE_TARNAME "glibc"
| #define PACKAGE_VERSION "(see version.h)"
| #define PACKAGE_STRING "GNU C Library (see version.h)"
| #define PACKAGE_BUGREPORT "https://sourceware.org/bugzilla/"
| #define PACKAGE_URL "https://www.gnu.org/software/glibc/"
| #define PKGVERSION "(Buildroot) "
| #define REPORT_BUGS_TO "<https://www.gnu.org/software/libc/bugs.html>"
| /* end confdefs.h.  */
| 
| int
| main ()
| {
| 
|   ;
|   return 0;
| }
configure:3191: no -c -g  conftest.cpp >&5
/home/luyaohan1001/Projects/hack_linux_v5.15/buildroot-2022.02.8/output/build/glibc-2.34-109-gd64b08d5ba7ffbc9155630f4843cf2e271b1629c/configure: line 1633: no: command not found
configure:3191: $? = 127
configure: failed program was:
| /* confdefs.h */
| #define PACKAGE_NAME "GNU C Library"
| #define PACKAGE_TARNAME "glibc"
| #define PACKAGE_VERSION "(see version.h)"
| #define PACKAGE_STRING "GNU C Library (see version.h)"
| #define PACKAGE_BUGREPORT "https://sourceware.org/bugzilla/"
| #define PACKAGE_URL "https://www.gnu.org/software/glibc/"
| #define PKGVERSION "(Buildroot) "
| #define REPORT_BUGS_TO "<https://www.gnu.org/software/libc/bugs.html>"
| /* end confdefs.h.  */
| 
| int
| main ()
| {
| 
|   ;
|   return 0;
| }
configure:3201: result: no
configure:3226: checking whether no can link programs
configure:3249: no -o conftest -O2 -fno-lto   conftest.cpp  >&5
/home/luyaohan1001/Projects/hack_linux_v5.15/buildroot-2022.02.8/output/build/glibc-2.34-109-gd64b08d5ba7ffbc9155630f4843cf2e271b1629c/configure: line 1671: no: command not found
configure:3249: $? = 127
configure: failed program was:
| /* confdefs.h */
| #define PACKAGE_NAME "GNU C Library"
| #define PACKAGE_TARNAME "glibc"
| #define PACKAGE_VERSION "(see version.h)"
| #define PACKAGE_STRING "GNU C Library (see version.h)"
| #define PACKAGE_BUGREPORT "https://sourceware.org/bugzilla/"
| #define PACKAGE_URL "https://www.gnu.org/software/glibc/"
| #define PKGVERSION "(Buildroot) "
| #define REPORT_BUGS_TO "<https://www.gnu.org/software/libc/bugs.html>"
| /* end confdefs.h.  */
| 
| int
| main ()
| {
| 
|   ;
|   return 0;
| }
configure:3272: no -o conftest -O2 -fno-lto   -static conftest.cpp  >&5
/home/luyaohan1001/Projects/hack_linux_v5.15/buildroot-2022.02.8/output/build/glibc-2.34-109-gd64b08d5ba7ffbc9155630f4843cf2e271b1629c/configure: line 1671: no: command not found
configure:3272: $? = 127
configure: failed program was:
| /* confdefs.h */
| #define PACKAGE_NAME "GNU C Library"
| #define PACKAGE_TARNAME "glibc"
| #define PACKAGE_VERSION "(see version.h)"
| #define PACKAGE_STRING "GNU C Library (see version.h)"
| #define PACKAGE_BUGREPORT "https://sourceware.org/bugzilla/"
| #define PACKAGE_URL "https://www.gnu.org/software/glibc/"
| #define PKGVERSION "(Buildroot) "
| #define REPORT_BUGS_TO "<https://www.gnu.org/software/libc/bugs.html>"
| /* end confdefs.h.  */
| 
| #include <iostream>
| 
| int
| main()
| {
|   std::cout << "Hello, world!";
|   return 0;
| }
| 
configure:3287: result: no
configure:3805: /home/luyaohan1001/Projects/hack_linux_v5.15/buildroot-2022.02.8/output/host/bin/x86_64-buildroot-linux-gnu-cpp  conftest.c
conftest.c:18:3: error: #error no CET compiler support
   18 | # error no CET compiler support
      |   ^~~~~
configure:3805: $? = 1
configure: failed program was:
| /* confdefs.h */
| #define PACKAGE_NAME "GNU C Library"
| #define PACKAGE_TARNAME "glibc"
| #define PACKAGE_VERSION "(see version.h)"
| #define PACKAGE_STRING "GNU C Library (see version.h)"
| #define PACKAGE_BUGREPORT "https://sourceware.org/bugzilla/"
| #define PACKAGE_URL "https://www.gnu.org/software/glibc/"
| #define PKGVERSION "(Buildroot) "
| #define REPORT_BUGS_TO "<https://www.gnu.org/software/libc/bugs.html>"
| #define HAVE_TUNABLES 1
| /* end confdefs.h.  */
| 
| int
| main ()
| {
| 
| #ifndef __CET__
| # error no CET compiler support
| #endif
|   ;
|   return 0;
| }
configure:3877: checking for sysdeps preconfigure fragments
configure:6: checking for grep that handles long lines and -e
configure:64: result: /usr/bin/grep
configure:69: checking for egrep
configure:131: result: /usr/bin/grep -E
configure:6: checking for grep that handles long lines and -e
configure:64: result: /usr/bin/grep
configure:69: checking for egrep
configure:131: result: /usr/bin/grep -E
configure:9: checking whether /home/luyaohan1001/Projects/hack_linux_v5.15/buildroot-2022.02.8/output/host/bin/x86_64-buildroot-linux-gnu-gcc compiles in -mx32 mode by default
configure:27: /home/luyaohan1001/Projects/hack_linux_v5.15/buildroot-2022.02.8/output/host/bin/x86_64-buildroot-linux-gnu-gcc -c -O2 -fno-lto  conftest.c >&5
conftest.c:14:3: error: #error not x32
   14 | # error not x32
      |   ^~~~~
configure:27: $? = 1
configure: failed program was:
| /* confdefs.h */
| #define PACKAGE_NAME "GNU C Library"
| #define PACKAGE_TARNAME "glibc"
| #define PACKAGE_VERSION "(see version.h)"
| #define PACKAGE_STRING "GNU C Library (see version.h)"
| #define PACKAGE_BUGREPORT "https://sourceware.org/bugzilla/"
| #define PACKAGE_URL "https://www.gnu.org/software/glibc/"
| #define PKGVERSION "(Buildroot) "
| #define REPORT_BUGS_TO "<https://www.gnu.org/software/libc/bugs.html>"
| #define HAVE_TUNABLES 1
| #define USE_PPC_SCV 1
| /* end confdefs.h.  */
| #ifndef __ILP32__
| # error not x32
| #endif
| int
| main ()
| {
| 
|   ;
|   return 0;
| }
configure:34: result: no
configure:3884: result: 
configure:3914: checking for use of fpu sysdeps directories
configure:3933: result: yes
configure:3937: checking for -fstack-protector
configure:3954: result: no
configure:3957: checking for -fstack-protector-strong
configure:3963: /home/luyaohan1001/Projects/hack_linux_v5.15/buildroot-2022.02.8/output/host/bin/x86_64-buildroot-linux-gnu-gcc -O2 -fno-lto  -Werror -fstack-protector-strong -xc /dev/null -S -o /dev/null
configure:3966: $? = 0
configure:3974: result: yes
configure:3977: checking for -fstack-protector-all
configure:3983: /home/luyaohan1001/Projects/hack_linux_v5.15/buildroot-2022.02.8/output/host/bin/x86_64-buildroot-linux-gnu-gcc -O2 -fno-lto  -Werror -fstack-protector-all -xc /dev/null -S -o /dev/null
configure:3986: $? = 0
configure:3994: result: yes
configure:4037: checking for assembler and linker STT_GNU_IFUNC support

Relocation section '.rela.dyn' at offset 0x2a0 contains 1 entry:
  Offset          Info           Type           Sym. Value    Sym. Name + Addend
000000002000  000000000025 R_X86_64_IRELATIV                    1000
configure:4068: result: yes
configure:4072: checking for gcc attribute ifunc support
configure:4098: result: yes
configure:4103: checking whether the linker supports textrels along with ifunc
configure:4133: /home/luyaohan1001/Projects/hack_linux_v5.15/buildroot-2022.02.8/output/host/bin/x86_64-buildroot-linux-gnu-gcc -O2 -fno-lto   -nostartfiles -nostdlib -fno-stack-protector -pie -o conftest conftest.S
/home/luyaohan1001/Projects/hack_linux_v5.15/buildroot-2022.02.8/output/host/lib/gcc/x86_64-buildroot-linux-gnu/10.4.0/../../../../x86_64-buildroot-linux-gnu/bin/ld: /tmp/ccv72LWP.o: warning: relocation against `address' in read-only section `.text'
/home/luyaohan1001/Projects/hack_linux_v5.15/buildroot-2022.02.8/output/host/lib/gcc/x86_64-buildroot-linux-gnu/10.4.0/../../../../x86_64-buildroot-linux-gnu/bin/ld: warning: GNU indirect functions with DT_TEXTREL may result in a segfault at runtime; recompile with -fPIE
/home/luyaohan1001/Projects/hack_linux_v5.15/buildroot-2022.02.8/output/host/lib/gcc/x86_64-buildroot-linux-gnu/10.4.0/../../../../x86_64-buildroot-linux-gnu/bin/ld: warning: creating DT_TEXTREL in a PIE
configure:4136: $? = 0
configure:4143: result: yes
configure:4148: checking for GNU attribute retain support
conftest.c:1:1: error: 'retain' attribute directive ignored [-Werror=attributes]
    1 | static int var  __attribute__ ((used, retain, section ("__libc_atexit")));
      | ^~~~~~
cc1: all warnings being treated as errors
configure:4163: result: no
configure:4173: checking if compiler warns about alias for function with incompatible types
conftest.c:9:34: error: 'foo_alias' alias between functions of incompatible types 'int(const void *, int)' and 'int (*(void))(const void *, int)' [-Werror=attribute-alias=]
    9 | extern __typeof (__redirect_foo) foo_alias __attribute__ ((alias ("foo")));
      |                                  ^~~~~~~~~
conftest.c:4:28: note: aliased declaration here
    4 | __typeof (__redirect_foo) *foo_impl (void)
      |                            ^~~~~~~~
cc1: all warnings being treated as errors
configure:4195: result: yes
configure:4233: checking sysdep dirs
configure:4431: result: sysdeps/generic
configure:4451: checking for a BSD-compatible install
configure:4519: result: /usr/bin/install -c
configure:4534: checking whether ln -s works
configure:4538: result: yes
configure:4564: checking whether /home/luyaohan1001/Projects/hack_linux_v5.15/buildroot-2022.02.8/output/host/lib/gcc/x86_64-buildroot-linux-gnu/10.4.0/../../../../x86_64-buildroot-linux-gnu/bin/as is GNU as
configure:4578: result: yes
configure:4583: checking whether /home/luyaohan1001/Projects/hack_linux_v5.15/buildroot-2022.02.8/output/host/lib/gcc/x86_64-buildroot-linux-gnu/10.4.0/../../../../x86_64-buildroot-linux-gnu/bin/ld is GNU ld
configure:4597: result: yes
configure:4607: checking for /home/luyaohan1001/Projects/hack_linux_v5.15/buildroot-2022.02.8/output/host/lib/gcc/x86_64-buildroot-linux-gnu/10.4.0/../../../../x86_64-buildroot-linux-gnu/bin/as
configure:4634: result: /home/luyaohan1001/Projects/hack_linux_v5.15/buildroot-2022.02.8/output/host/lib/gcc/x86_64-buildroot-linux-gnu/10.4.0/../../../../x86_64-buildroot-linux-gnu/bin/as
configure:4649: checking version of /home/luyaohan1001/Projects/hack_linux_v5.15/buildroot-2022.02.8/output/host/lib/gcc/x86_64-buildroot-linux-gnu/10.4.0/../../../../x86_64-buildroot-linux-gnu/bin/as
configure:4659: result: 2.36.1, ok
configure:4737: checking for /home/luyaohan1001/Projects/hack_linux_v5.15/buildroot-2022.02.8/output/host/lib/gcc/x86_64-buildroot-linux-gnu/10.4.0/../../../../x86_64-buildroot-linux-gnu/bin/ld
configure:4764: result: /home/luyaohan1001/Projects/hack_linux_v5.15/buildroot-2022.02.8/output/host/lib/gcc/x86_64-buildroot-linux-gnu/10.4.0/../../../../x86_64-buildroot-linux-gnu/bin/ld
configure:4779: checking version of /home/luyaohan1001/Projects/hack_linux_v5.15/buildroot-2022.02.8/output/host/lib/gcc/x86_64-buildroot-linux-gnu/10.4.0/../../../../x86_64-buildroot-linux-gnu/bin/ld
configure:4789: result: 2.36.1, ok
configure:4803: checking for gnumake
configure:4830: result: /usr/bin/make -j5
configure:4845: checking version of /usr/bin/make -j5
configure:4855: result: 4.3, ok
configure:4867: checking for gnumsgfmt
configure:4897: result: no
configure:4867: checking for gmsgfmt
configure:4897: result: no
configure:4867: checking for msgfmt
configure:4897: result: no
configure:4930: checking for makeinfo
configure:4946: found /usr/bin/makeinfo
configure:4957: result: makeinfo
configure:4972: checking version of makeinfo
configure:4982: result: 6.8, ok
configure:4993: checking for sed
configure:5009: found /usr/bin/sed
configure:5020: result: sed
configure:5035: checking version of sed
configure:5045: result: 4.8, ok
configure:5056: checking for gawk
configure:5072: found /home/luyaohan1001/Projects/hack_linux_v5.15/buildroot-2022.02.8/output/host/bin/gawk
configure:5083: result: gawk
configure:5098: checking version of gawk
configure:5108: result: 5.1.1, ok
configure:5119: checking for bison
configure:5135: found /home/luyaohan1001/Projects/hack_linux_v5.15/buildroot-2022.02.8/output/host/bin/bison
configure:5146: result: bison
configure:5161: checking version of bison
configure:5171: result: 3.8.2, ok
configure:5179: checking if /home/luyaohan1001/Projects/hack_linux_v5.15/buildroot-2022.02.8/output/host/bin/x86_64-buildroot-linux-gnu-gcc is sufficient to build libc
configure:5199: /home/luyaohan1001/Projects/hack_linux_v5.15/buildroot-2022.02.8/output/host/bin/x86_64-buildroot-linux-gnu-cpp  conftest.c
configure:5199: $? = 0
configure:5206: result: yes
configure:5215: checking for x86_64-buildroot-linux-gnu-nm
configure:5242: result: /home/luyaohan1001/Projects/hack_linux_v5.15/buildroot-2022.02.8/output/host/bin/x86_64-buildroot-linux-gnu-gcc-nm
configure:5380: checking for python3
configure:5396: found /usr/bin/python3
configure:5407: result: python3
configure:5422: checking version of python3
configure:5432: result: 3.10.6, ok
configure:5449: WARNING:
*** These auxiliary programs are missing or incompatible versions: msgfmt
*** some features or tests will be disabled.
*** Check the INSTALL file for required versions.
configure:5500: checking LD_LIBRARY_PATH variable
configure:5510: result: ok
configure:5521: checking for bash
configure:5552: result: /bin/sh
configure:5563: checking for perl
configure:5594: result: /usr/bin/perl
configure:5608: checking for install-info
configure:5627: found /usr/bin/install-info
configure:5640: result: /usr/bin/install-info
configure:5649: checking for .set assembler directive
configure:5675: result: yes
configure:5682: checking linker support for protected data symbol
configure:5692: /home/luyaohan1001/Projects/hack_linux_v5.15/buildroot-2022.02.8/output/host/bin/x86_64-buildroot-linux-gnu-gcc -nostdlib -nostartfiles -fno-stack-protector -fPIC -shared conftest.c -o conftest.so
configure:5695: $? = 0
configure:5702: /home/luyaohan1001/Projects/hack_linux_v5.15/buildroot-2022.02.8/output/host/bin/x86_64-buildroot-linux-gnu-gcc -nostdlib -nostartfiles -fno-stack-protector conftest.c -o conftest conftest.so
/home/luyaohan1001/Projects/hack_linux_v5.15/buildroot-2022.02.8/output/host/lib/gcc/x86_64-buildroot-linux-gnu/10.4.0/../../../../x86_64-buildroot-linux-gnu/bin/ld: warning: cannot find entry symbol _start; defaulting to 0000000000001000
configure:5705: $? = 0
configure:5713: result: yes
configure:5717: checking linker support for INSERT in linker script
configure:5735: /home/luyaohan1001/Projects/hack_linux_v5.15/buildroot-2022.02.8/output/host/bin/x86_64-buildroot-linux-gnu-gcc -nostdlib -nostartfiles -fno-stack-protector -fPIC -shared conftest.c -Wl,-T,conftest.t -o conftest.so
configure:5738: $? = 0
configure:5745: result: yes
configure:5749: checking for broken __attribute__((alias()))
configure:5764: /home/luyaohan1001/Projects/hack_linux_v5.15/buildroot-2022.02.8/output/host/bin/x86_64-buildroot-linux-gnu-gcc -Werror -S conftest.c -o conftest.s 1>&5
configure:5767: $? = 0
configure:5777: result: no
configure:5783: checking whether to put _rtld_local into .sdata section
configure:5797: result: no
configure:5804: checking for libunwind-support in compiler
configure:5821: result: no
configure:5830: checking whether --noexecstack is desirable for .S files
configure:5840: /home/luyaohan1001/Projects/hack_linux_v5.15/buildroot-2022.02.8/output/host/bin/x86_64-buildroot-linux-gnu-gcc -O2 -fno-lto 
		   -S -o conftest.s conftest.c 1>&5
configure:5843: $? = 0
configure:5848: /home/luyaohan1001/Projects/hack_linux_v5.15/buildroot-2022.02.8/output/host/bin/x86_64-buildroot-linux-gnu-gcc  -Wa,--noexecstack
		      -c -o conftest.o conftest.s 1>&5
configure:5851: $? = 0
configure:5860: result: yes
configure:5867: checking for -z combreloc
configure:5881: /home/luyaohan1001/Projects/hack_linux_v5.15/buildroot-2022.02.8/output/host/bin/x86_64-buildroot-linux-gnu-gcc -O2 -fno-lto  
			-fPIC -shared -fno-stack-protector -o conftest.so conftest.c
			-nostdlib -nostartfiles
			-Wl,-z,combreloc 1>&5
configure:5884: $? = 0
configure:5897: result: yes
configure:5905: checking for linker that supports -z execstack
configure:5918: /home/luyaohan1001/Projects/hack_linux_v5.15/buildroot-2022.02.8/output/host/bin/x86_64-buildroot-linux-gnu-gcc -O2 -fno-lto   -fno-stack-protector
				-Wl,-z,execstack -nostdlib -nostartfiles
				-fPIC -shared -o conftest.so conftest.c
				1>&5
configure:5921: $? = 0
configure:5934: result: yes
configure:5938: checking for linker that supports -z start-stop-gc
configure:5967: result: no
configure:5972: checking for linker that supports --no-dynamic-linker
configure:5985: /home/luyaohan1001/Projects/hack_linux_v5.15/buildroot-2022.02.8/output/host/bin/x86_64-buildroot-linux-gnu-gcc -O2 -fno-lto   -fno-stack-protector
				-Wl,--no-dynamic-linker -nostdlib -nostartfiles
				-fPIC -shared -o conftest.so conftest.c
				1>&5
configure:5988: $? = 0
configure:6001: result: yes
configure:6006: checking for -static-pie
configure:6012: /home/luyaohan1001/Projects/hack_linux_v5.15/buildroot-2022.02.8/output/host/bin/x86_64-buildroot-linux-gnu-gcc -static-pie -xc /dev/null -S -o /dev/null
configure:6015: $? = 0
configure:6023: result: yes
configure:6028: checking for -fpie
configure:6034: /home/luyaohan1001/Projects/hack_linux_v5.15/buildroot-2022.02.8/output/host/bin/x86_64-buildroot-linux-gnu-gcc -fpie -xc /dev/null -S -o /dev/null
configure:6037: $? = 0
configure:6045: result: yes
configure:6050: checking for --hash-style option
configure:6061: /home/luyaohan1001/Projects/hack_linux_v5.15/buildroot-2022.02.8/output/host/bin/x86_64-buildroot-linux-gnu-gcc -O2 -fno-lto   -fno-stack-protector
			    -fPIC -shared -o conftest.so conftest.c
			    -Wl,--hash-style=both -nostdlib 1>&5
configure:6064: $? = 0
configure:6073: result: yes
configure:6081: checking for sufficient default -shared layout
configure:6100:   /home/luyaohan1001/Projects/hack_linux_v5.15/buildroot-2022.02.8/output/host/bin/x86_64-buildroot-linux-gnu-gcc  -shared -o conftest.so conftest.s 1>&5
/home/luyaohan1001/Projects/hack_linux_v5.15/buildroot-2022.02.8/output/host/lib/gcc/x86_64-buildroot-linux-gnu/10.4.0/../../../../x86_64-buildroot-linux-gnu/bin/ld: cannot find crti.o: No such file or directory
/home/luyaohan1001/Projects/hack_linux_v5.15/buildroot-2022.02.8/output/host/lib/gcc/x86_64-buildroot-linux-gnu/10.4.0/../../../../x86_64-buildroot-linux-gnu/bin/ld: cannot find -lc
/home/luyaohan1001/Projects/hack_linux_v5.15/buildroot-2022.02.8/output/host/lib/gcc/x86_64-buildroot-linux-gnu/10.4.0/../../../../x86_64-buildroot-linux-gnu/bin/ld: cannot find crtn.o: No such file or directory
collect2: error: ld returned 1 exit status
configure:6103: $? = 1
configure:6135: result: no
configure:6140: checking for GLOB_DAT reloc
configure:6153: /home/luyaohan1001/Projects/hack_linux_v5.15/buildroot-2022.02.8/output/host/bin/x86_64-buildroot-linux-gnu-gcc -O2 -fno-lto  
			-fPIC -shared -o conftest.so conftest.c
			-nostdlib -nostartfiles -fno-stack-protector
			1>&5
configure:6156: $? = 0
configure:6169: result: yes
configure:6173: checking for -fno-toplevel-reorder -fno-section-anchors
configure:6183: /home/luyaohan1001/Projects/hack_linux_v5.15/buildroot-2022.02.8/output/host/bin/x86_64-buildroot-linux-gnu-gcc -O2 -fno-lto  -S -fno-toplevel-reorder -fno-section-anchors
			    conftest.c 1>&5
configure:6186: $? = 0
configure:6195: result: yes
configure:6204: checking for -mtls-dialect=gnu2
configure:6218: /home/luyaohan1001/Projects/hack_linux_v5.15/buildroot-2022.02.8/output/host/bin/x86_64-buildroot-linux-gnu-gcc -O2 -fno-lto  -S -fPIC -mtls-dialect=gnu2
		   conftest.c 1>&5
configure:6221: $? = 0
configure:6230: result: yes
configure:6236: checking whether cc puts quotes around section names
configure:6257: result: no
configure:6264: checking for __builtin_memset
configure:6276: /home/luyaohan1001/Projects/hack_linux_v5.15/buildroot-2022.02.8/output/host/bin/x86_64-buildroot-linux-gnu-gcc -O3 -S conftest.c -o - | grep -F memset > /dev/null
configure:6279: $? = 1
configure:6288: result: yes
configure:6295: checking for redirection of built-in functions
configure:6308: /home/luyaohan1001/Projects/hack_linux_v5.15/buildroot-2022.02.8/output/host/bin/x86_64-buildroot-linux-gnu-gcc -O3 -S conftest.c -o - | grep -F my_strstr > /dev/null
configure:6311: $? = 0
configure:6320: result: yes
configure:6326: checking for compiler option to disable generation of FMA instructions
configure:6334: /home/luyaohan1001/Projects/hack_linux_v5.15/buildroot-2022.02.8/output/host/bin/x86_64-buildroot-linux-gnu-gcc -ffp-contract=off -xc /dev/null -S -o /dev/null
configure:6337: $? = 0
configure:6343: result: -ffp-contract=off
configure:6376: checking if /home/luyaohan1001/Projects/hack_linux_v5.15/buildroot-2022.02.8/output/host/bin/x86_64-buildroot-linux-gnu-gcc accepts -fno-tree-loop-distribute-patterns with __attribute__ ((__optimize__))
configure:6389: /home/luyaohan1001/Projects/hack_linux_v5.15/buildroot-2022.02.8/output/host/bin/x86_64-buildroot-linux-gnu-gcc -O2 -fno-lto  -c conftest.c
configure:6392: $? = 0
configure:6399: result: yes
configure:6407: checking for libgd
configure:6440: result: no
configure:6449: checking for is_selinux_enabled in -lselinux
configure:6474: /home/luyaohan1001/Projects/hack_linux_v5.15/buildroot-2022.02.8/output/host/bin/x86_64-buildroot-linux-gnu-gcc -o conftest -O2 -fno-lto   conftest.c -lselinux   >&5
/home/luyaohan1001/Projects/hack_linux_v5.15/buildroot-2022.02.8/output/host/lib/gcc/x86_64-buildroot-linux-gnu/10.4.0/../../../../x86_64-buildroot-linux-gnu/bin/ld: cannot find Scrt1.o: No such file or directory
/home/luyaohan1001/Projects/hack_linux_v5.15/buildroot-2022.02.8/output/host/lib/gcc/x86_64-buildroot-linux-gnu/10.4.0/../../../../x86_64-buildroot-linux-gnu/bin/ld: cannot find crti.o: No such file or directory
/home/luyaohan1001/Projects/hack_linux_v5.15/buildroot-2022.02.8/output/host/lib/gcc/x86_64-buildroot-linux-gnu/10.4.0/../../../../x86_64-buildroot-linux-gnu/bin/ld: cannot find -lselinux
/home/luyaohan1001/Projects/hack_linux_v5.15/buildroot-2022.02.8/output/host/lib/gcc/x86_64-buildroot-linux-gnu/10.4.0/../../../../x86_64-buildroot-linux-gnu/bin/ld: cannot find -lc
/home/luyaohan1001/Projects/hack_linux_v5.15/buildroot-2022.02.8/output/host/lib/gcc/x86_64-buildroot-linux-gnu/10.4.0/../../../../x86_64-buildroot-linux-gnu/bin/ld: cannot find crtn.o: No such file or directory
collect2: error: ld returned 1 exit status
configure:6474: $? = 1
configure: failed program was:
| /* confdefs.h */
| #define PACKAGE_NAME "GNU C Library"
| #define PACKAGE_TARNAME "glibc"
| #define PACKAGE_VERSION "(see version.h)"
| #define PACKAGE_STRING "GNU C Library (see version.h)"
| #define PACKAGE_BUGREPORT "https://sourceware.org/bugzilla/"
| #define PACKAGE_URL "https://www.gnu.org/software/glibc/"
| #define PKGVERSION "(Buildroot) "
| #define REPORT_BUGS_TO "<https://www.gnu.org/software/libc/bugs.html>"
| #define HAVE_TUNABLES 1
| #define USE_PPC_SCV 1
| #define STACK_PROTECTOR_LEVEL 0
| #define USE_MULTIARCH 1
| #define HAVE_ASM_SET_DIRECTIVE 1
| #define HAVE_Z_COMBRELOC 1
| #define HAVE_BUILTIN_MEMSET 1
| #define HAVE_CC_INHIBIT_LOOP_TO_LIBCALL 1
| /* end confdefs.h.  */
| 
| /* Override any GCC internal prototype to avoid an error.
|    Use char because int might match the return type of a GCC
|    builtin and then its argument prototype would still apply.  */
| #ifdef __cplusplus
| extern "C"
| #endif
| char is_selinux_enabled ();
| int
| main ()
| {
| return is_selinux_enabled ();
|   ;
|   return 0;
| }
configure:6483: result: no
configure:6606: checking for _FORTIFY_SOURCE predefine
configure:6625: /home/luyaohan1001/Projects/hack_linux_v5.15/buildroot-2022.02.8/output/host/bin/x86_64-buildroot-linux-gnu-gcc -c -O2 -fno-lto  conftest.c >&5
configure:6625: $? = 0
configure:6632: result: no
configure:6642: checking whether the linker provides working __ehdr_start
configure:6665: /home/luyaohan1001/Projects/hack_linux_v5.15/buildroot-2022.02.8/output/host/bin/x86_64-buildroot-linux-gnu-gcc -o conftest -O2 -fno-lto -fPIC   -nostdlib -nostartfiles -shared -fno-stack-protector conftest.c  >&5
configure:6665: $? = 0
configure:6681: result: yes
configure:6691: checking whether the assembler requires one version per symbol
configure:6712: result: no
configure:6719: checking for __builtin_trap with no external dependencies
configure:6736: /home/luyaohan1001/Projects/hack_linux_v5.15/buildroot-2022.02.8/output/host/bin/x86_64-buildroot-linux-gnu-gcc -c -O2 -fno-lto  conftest.c >&5
configure:6736: $? = 0
libc_undefs=''
configure:6750: result: yes
configure:6764: checking whether the C++ compiler supports thread_local
configure:6792:  -c -O2 -fno-lto -std=gnu++11  conftest.cpp >&5
/home/luyaohan1001/Projects/hack_linux_v5.15/buildroot-2022.02.8/output/build/glibc-2.34-109-gd64b08d5ba7ffbc9155630f4843cf2e271b1629c/configure: line 1633: -c: command not found
configure:6792: $? = 127
configure: failed program was:
| /* confdefs.h */
| #define PACKAGE_NAME "GNU C Library"
| #define PACKAGE_TARNAME "glibc"
| #define PACKAGE_VERSION "(see version.h)"
| #define PACKAGE_STRING "GNU C Library (see version.h)"
| #define PACKAGE_BUGREPORT "https://sourceware.org/bugzilla/"
| #define PACKAGE_URL "https://www.gnu.org/software/glibc/"
| #define PKGVERSION "(Buildroot) "
| #define REPORT_BUGS_TO "<https://www.gnu.org/software/libc/bugs.html>"
| #define HAVE_TUNABLES 1
| #define USE_PPC_SCV 1
| #define STACK_PROTECTOR_LEVEL 0
| #define USE_MULTIARCH 1
| #define HAVE_ASM_SET_DIRECTIVE 1
| #define HAVE_Z_COMBRELOC 1
| #define HAVE_BUILTIN_MEMSET 1
| #define HAVE_CC_INHIBIT_LOOP_TO_LIBCALL 1
| #define HAVE_EHDR_START 1
| #define HAVE_BUILTIN_TRAP 1
| /* end confdefs.h.  */
| 
| #include <thread>
| 
| // Compiler support.
| struct S
| {
|   S ();
|   ~S ();
| };
| thread_local S s;
| S * get () { return &s; }
| 
| // libstdc++ support.
| #ifndef _GLIBCXX_HAVE___CXA_THREAD_ATEXIT_IMPL
| #error __cxa_thread_atexit_impl not supported
| #endif
| 
configure:6801: result: no
configure:6832: result: running configure fragment for sysdeps/unix/sysv/linux/x86_64/64
configure:6832: result: running configure fragment for sysdeps/unix/sysv/linux/x86_64
configure:6832: result: running configure fragment for sysdeps/unix/sysv/linux
configure:10: checking installed Linux kernel header files
configure:29: /home/luyaohan1001/Projects/hack_linux_v5.15/buildroot-2022.02.8/output/host/bin/x86_64-buildroot-linux-gnu-cpp  -nostdinc -isystem /home/luyaohan1001/Projects/hack_linux_v5.15/buildroot-2022.02.8/output/host/lib/gcc/x86_64-buildroot-linux-gnu/10.4.0/include -isystem /home/luyaohan1001/Projects/hack_linux_v5.15/buildroot-2022.02.8/output/host/lib/gcc/x86_64-buildroot-linux-gnu/10.4.0/include-fixed -isystem /home/luyaohan1001/Projects/hack_linux_v5.15/buildroot-2022.02.8/output/host/x86_64-buildroot-linux-gnu/sysroot/usr/include conftest.c
configure:29: $? = 0
configure:36: result: 3.2.0 or later
configure:70: checking for kernel header at least 5.15
configure:88: /home/luyaohan1001/Projects/hack_linux_v5.15/buildroot-2022.02.8/output/host/bin/x86_64-buildroot-linux-gnu-cpp  -nostdinc -isystem /home/luyaohan1001/Projects/hack_linux_v5.15/buildroot-2022.02.8/output/host/lib/gcc/x86_64-buildroot-linux-gnu/10.4.0/include -isystem /home/luyaohan1001/Projects/hack_linux_v5.15/buildroot-2022.02.8/output/host/lib/gcc/x86_64-buildroot-linux-gnu/10.4.0/include-fixed -isystem /home/luyaohan1001/Projects/hack_linux_v5.15/buildroot-2022.02.8/output/host/x86_64-buildroot-linux-gnu/sysroot/usr/include conftest.c
configure:88: $? = 0
configure:94: result: ok
configure:6832: result: running configure fragment for sysdeps/gnu
configure:6832: result: running configure fragment for sysdeps/x86_64
configure:4: checking for AVX512DQ support in assembler
configure:13: /home/luyaohan1001/Projects/hack_linux_v5.15/buildroot-2022.02.8/output/host/bin/x86_64-buildroot-linux-gnu-gcc -c  conftest.s 1>&5
configure:16: $? = 0
configure:24: result: yes
configure:31: checking for AVX512 support
configure:37: /home/luyaohan1001/Projects/hack_linux_v5.15/buildroot-2022.02.8/output/host/bin/x86_64-buildroot-linux-gnu-gcc -mavx512f -xc /dev/null -S -o /dev/null
configure:40: $? = 0
configure:48: result: yes
configure:57: checking -mprefer-vector-width=128
configure:63: /home/luyaohan1001/Projects/hack_linux_v5.15/buildroot-2022.02.8/output/host/bin/x86_64-buildroot-linux-gnu-gcc -mprefer-vector-width=128 -xc /dev/null -S -o /dev/null
configure:66: $? = 0
configure:74: result: yes
configure:79: checking for Intel MPX support
configure:88: /home/luyaohan1001/Projects/hack_linux_v5.15/buildroot-2022.02.8/output/host/bin/x86_64-buildroot-linux-gnu-gcc -c  conftest.s 1>&5
configure:91: $? = 0
configure:99: result: yes
configure:6832: result: running configure fragment for sysdeps/x86
configure:73: checking for linker x86 ISA level support
configure:132: /home/luyaohan1001/Projects/hack_linux_v5.15/buildroot-2022.02.8/output/host/bin/x86_64-buildroot-linux-gnu-gcc -O2 -fno-lto  -nostartfiles -nostdlib -r -o conftest conftest1.S conftest2.S
configure:135: $? = 0
configure:143: /home/luyaohan1001/Projects/hack_linux_v5.15/buildroot-2022.02.8/output/host/bin/x86_64-buildroot-linux-gnu-gcc -O2 -fno-lto  -fverbose-asm -S -o - conftest.c
configure:146: $? = 0
configure:151: /home/luyaohan1001/Projects/hack_linux_v5.15/buildroot-2022.02.8/output/host/bin/x86_64-buildroot-linux-gnu-gcc -O2 -fno-lto  -fverbose-asm -S -o - conftest.c
configure:154: $? = 0
configure:162: result: yes
configure:6897: checking whether -fPIC is default
conftest.c:2:3: error: #error PIC is default.
    2 | # error PIC is default.
      |   ^~~~~
configure:6913: result: yes
configure:6917: checking whether -fPIE is default
conftest.c:2:3: error: #error PIE is default.
    2 | # error PIE is default.
      |   ^~~~~
configure:6933: result: yes
configure:7098: creating ./config.status

## ---------------------- ##
## Running config.status. ##
## ---------------------- ##

This file was extended by GNU C Library config.status (see version.h), which was
generated by GNU Autoconf 2.69.  Invocation command line was

  CONFIG_FILES    = 
  CONFIG_HEADERS  = 
  CONFIG_LINKS    = 
  CONFIG_COMMANDS = 
  $ ./config.status 

on lyc

config.status:967: creating config.make
config.status:967: creating Makefile
config.status:967: creating config.h
config.status:1141: executing default commands

## ---------------- ##
## Cache variables. ##
## ---------------- ##

ac_cv_build=x86_64-pc-linux-gnu
ac_cv_c_compiler_gnu=yes
ac_cv_cxx_compiler_gnu=no
ac_cv_env_CCC_set=
ac_cv_env_CCC_value=
ac_cv_env_CC_set=set
ac_cv_env_CC_value=/home/luyaohan1001/Projects/hack_linux_v5.15/buildroot-2022.02.8/output/host/bin/x86_64-buildroot-linux-gnu-gcc
ac_cv_env_CFLAGS_set=set
ac_cv_env_CFLAGS_value='-O2 -fno-lto'
ac_cv_env_CPPFLAGS_set=set
ac_cv_env_CPPFLAGS_value=
ac_cv_env_CPP_set=set
ac_cv_env_CPP_value=/home/luyaohan1001/Projects/hack_linux_v5.15/buildroot-2022.02.8/output/host/bin/x86_64-buildroot-linux-gnu-cpp
ac_cv_env_CXXFLAGS_set=set
ac_cv_env_CXXFLAGS_value='-O2 -fno-lto'
ac_cv_env_CXX_set=set
ac_cv_env_CXX_value=no
ac_cv_env_LDFLAGS_set=set
ac_cv_env_LDFLAGS_value=
ac_cv_env_LIBS_set=
ac_cv_env_LIBS_value=
ac_cv_env_build_alias_set=set
ac_cv_env_build_alias_value=x86_64-pc-linux-gnu
ac_cv_env_host_alias_set=set
ac_cv_env_host_alias_value=x86_64-buildroot-linux-gnu
ac_cv_env_target_alias_set=set
ac_cv_env_target_alias_value=x86_64-buildroot-linux-gnu
ac_cv_host=x86_64-buildroot-linux-gnu
ac_cv_lib_selinux_is_selinux_enabled=no
ac_cv_objext=o
ac_cv_path_BASH_SHELL=/bin/sh
ac_cv_path_EGREP='/usr/bin/grep -E'
ac_cv_path_GREP=/usr/bin/grep
ac_cv_path_INSTALL_INFO=/usr/bin/install-info
ac_cv_path_PERL=/usr/bin/perl
ac_cv_path_install='/usr/bin/install -c'
ac_cv_prog_AS=/home/luyaohan1001/Projects/hack_linux_v5.15/buildroot-2022.02.8/output/host/lib/gcc/x86_64-buildroot-linux-gnu/10.4.0/../../../../x86_64-buildroot-linux-gnu/bin/as
ac_cv_prog_AWK=gawk
ac_cv_prog_BISON=bison
ac_cv_prog_BUILD_CC=gcc
ac_cv_prog_CC=/home/luyaohan1001/Projects/hack_linux_v5.15/buildroot-2022.02.8/output/host/bin/x86_64-buildroot-linux-gnu-gcc
ac_cv_prog_LD=/home/luyaohan1001/Projects/hack_linux_v5.15/buildroot-2022.02.8/output/host/lib/gcc/x86_64-buildroot-linux-gnu/10.4.0/../../../../x86_64-buildroot-linux-gnu/bin/ld
ac_cv_prog_MAKE='/usr/bin/make -j5'
ac_cv_prog_MAKEINFO=makeinfo
ac_cv_prog_NM=/home/luyaohan1001/Projects/hack_linux_v5.15/buildroot-2022.02.8/output/host/bin/x86_64-buildroot-linux-gnu-gcc-nm
ac_cv_prog_PYTHON_PROG=python3
ac_cv_prog_READELF=/home/luyaohan1001/Projects/hack_linux_v5.15/buildroot-2022.02.8/output/host/bin/x86_64-buildroot-linux-gnu-readelf
ac_cv_prog_SED=sed
ac_cv_prog_cc_g=yes
ac_cv_prog_cxx_g=no
libc_cv_as_noexecstack=yes
libc_cv_asm_avx512dq=yes
libc_cv_asm_mpx=yes
libc_cv_asm_set_directive=yes
libc_cv_broken_alias_attribute=no
libc_cv_builtin_trap=yes
libc_cv_cc_avx512=yes
libc_cv_cc_loop_to_function=yes
libc_cv_cc_mprefer_vector_width=yes
libc_cv_cc_nofma=-ffp-contract=off
libc_cv_cc_pie_default=yes
libc_cv_cc_with_libunwind=no
libc_cv_compiler_default_cet=no
libc_cv_compiler_ok=yes
libc_cv_complocaledir='${exec_prefix}/lib/locale'
libc_cv_cxx_link_ok=no
libc_cv_cxx_thread_local=no
libc_cv_ehdr_start=yes
libc_cv_fno_toplevel_reorder=yes
libc_cv_forced_unwind=yes
libc_cv_fpie=yes
libc_cv_gcc_builtin_memset=yes
libc_cv_gcc_builtin_redirection=yes
libc_cv_gcc_incompatible_alias=yes
libc_cv_gcc_indirect_function=yes
libc_cv_gcc_unwind_find_fde=no
libc_cv_gnu_retain=no
libc_cv_has_glob_dat=yes
libc_cv_hashstyle=yes
libc_cv_have_sdata_section=no
libc_cv_have_section_quotes=no
libc_cv_have_x86_lahf_sahf=no
libc_cv_have_x86_movbe=no
libc_cv_idn=no
libc_cv_include_x86_isa_level=yes
libc_cv_insert=yes
libc_cv_ld_gnu_indirect_function=yes
libc_cv_linux320='3.2.0 or later'
libc_cv_localstatedir=/var
libc_cv_mtls_dialect_gnu2=yes
libc_cv_multidir=.
libc_cv_no_dynamic_linker=yes
libc_cv_nss_crypt=no
libc_cv_pic_default=yes
libc_cv_pie_default=yes
libc_cv_predef_fortify_source=no
libc_cv_prog_as_gnu=yes
libc_cv_prog_ld_gnu=yes
libc_cv_protected_data=yes
libc_cv_rootsbindir=/sbin
libc_cv_rtlddir=/lib64
libc_cv_slibdir=/lib64
libc_cv_ssp=no
libc_cv_ssp_all=yes
libc_cv_ssp_strong=yes
libc_cv_static_nss_crypt=no
libc_cv_static_pie=yes
libc_cv_symver_needs_alias=no
libc_cv_sysconfdir=/etc
libc_cv_textrel_ifunc=yes
libc_cv_use_default_link=no
libc_cv_with_fp=yes
libc_cv_x32=no
libc_cv_z_combreloc=yes
libc_cv_z_execstack=yes
libc_cv_z_start_stop_gc=no

## ----------------- ##
## Output variables. ##
## ----------------- ##

AR='/home/luyaohan1001/Projects/hack_linux_v5.15/buildroot-2022.02.8/output/host/lib/gcc/x86_64-buildroot-linux-gnu/10.4.0/../../../../x86_64-buildroot-linux-gnu/bin/ar'
AS='/home/luyaohan1001/Projects/hack_linux_v5.15/buildroot-2022.02.8/output/host/lib/gcc/x86_64-buildroot-linux-gnu/10.4.0/../../../../x86_64-buildroot-linux-gnu/bin/as'
ASFLAGS_config=' -Wa,--noexecstack'
AUTOCONF='no'
AWK='gawk'
BASH_SHELL='/bin/sh'
BISON='bison'
BUILD_CC='gcc'
CC='/home/luyaohan1001/Projects/hack_linux_v5.15/buildroot-2022.02.8/output/host/bin/x86_64-buildroot-linux-gnu-gcc'
CFLAGS='-O2 -fno-lto'
CPP='/home/luyaohan1001/Projects/hack_linux_v5.15/buildroot-2022.02.8/output/host/bin/x86_64-buildroot-linux-gnu-cpp'
CPPFLAGS=''
CPPUNDEFS=''
CXX=''
CXXFLAGS='-O2 -fno-lto'
CXX_BITS_STD_ABS_H=''
CXX_CMATH_HEADER=''
CXX_CSTDLIB_HEADER=''
CXX_SYSINCLUDES=''
DEFINES=''
DEFS='-DHAVE_CONFIG_H'
ECHO_C=''
ECHO_N='-n'
ECHO_T=''
GPROF='gprof'
INSTALL_DATA='${INSTALL} -m 644'
INSTALL_INFO='/usr/bin/install-info'
INSTALL_PROGRAM='${INSTALL}'
INSTALL_SCRIPT='${INSTALL}'
LD='/home/luyaohan1001/Projects/hack_linux_v5.15/buildroot-2022.02.8/output/host/lib/gcc/x86_64-buildroot-linux-gnu/10.4.0/../../../../x86_64-buildroot-linux-gnu/bin/ld'
LDFLAGS=''
LIBGD='no'
LIBOBJS=''
LIBS=''
LN_S='ln -s'
LTLIBOBJS=''
MAKE='/usr/bin/make -j5'
MAKEINFO='makeinfo'
MSGFMT=':'
NM='/home/luyaohan1001/Projects/hack_linux_v5.15/buildroot-2022.02.8/output/host/bin/x86_64-buildroot-linux-gnu-gcc-nm'
OBJCOPY='/home/luyaohan1001/Projects/hack_linux_v5.15/buildroot-2022.02.8/output/host/lib/gcc/x86_64-buildroot-linux-gnu/10.4.0/../../../../x86_64-buildroot-linux-gnu/bin/objcopy'
OBJDUMP='/home/luyaohan1001/Projects/hack_linux_v5.15/buildroot-2022.02.8/output/host/lib/gcc/x86_64-buildroot-linux-gnu/10.4.0/../../../../x86_64-buildroot-linux-gnu/bin/objdump'
OBJEXT='o'
PACKAGE_BUGREPORT='https://sourceware.org/bugzilla/'
PACKAGE_NAME='GNU C Library'
PACKAGE_STRING='GNU C Library (see version.h)'
PACKAGE_TARNAME='glibc'
PACKAGE_URL='https://www.gnu.org/software/glibc/'
PACKAGE_VERSION='(see version.h)'
PATH_SEPARATOR=':'
PERL='/usr/bin/perl'
PKGVERSION='(Buildroot) '
PKGVERSION_TEXI='(Buildroot) '
PYTHON='python3 -B'
PYTHON_PROG='python3'
READELF='/home/luyaohan1001/Projects/hack_linux_v5.15/buildroot-2022.02.8/output/host/bin/x86_64-buildroot-linux-gnu-readelf'
RELEASE='stable'
REPORT_BUGS_TEXI='@uref{https://www.gnu.org/software/libc/bugs.html}'
REPORT_BUGS_TO='<https://www.gnu.org/software/libc/bugs.html>'
SED='sed'
SHELL='/bin/bash'
SYSINCLUDES='-nostdinc -isystem /home/luyaohan1001/Projects/hack_linux_v5.15/buildroot-2022.02.8/output/host/lib/gcc/x86_64-buildroot-linux-gnu/10.4.0/include -isystem /home/luyaohan1001/Projects/hack_linux_v5.15/buildroot-2022.02.8/output/host/lib/gcc/x86_64-buildroot-linux-gnu/10.4.0/include-fixed -isystem /home/luyaohan1001/Projects/hack_linux_v5.15/buildroot-2022.02.8/output/host/x86_64-buildroot-linux-gnu/sysroot/usr/include'
VERSION='2.34'
ac_ct_CC=''
ac_ct_CXX=''
all_warnings=''
base_machine='x86_64'
bindir='${exec_prefix}/bin'
bindnow='no'
build='x86_64-pc-linux-gnu'
build_alias='x86_64-pc-linux-gnu'
build_cpu='x86_64'
build_crypt='yes'
build_nscd='yes'
build_os='linux-gnu'
build_pt_chown='no'
build_vendor='pc'
cross_compiling='yes'
datadir='${datarootdir}'
datarootdir='${prefix}/share'
docdir='${datarootdir}/doc/${PACKAGE_TARNAME}'
dvidir='${docdir}'
enable_timezone_tools='yes'
enable_werror='no'
exec_prefix='${prefix}'
experimental_malloc='yes'
extra_nonshared_cflags=''
fno_unit_at_a_time='-fno-toplevel-reorder -fno-section-anchors'
force_install='yes'
hardcoded_path_in_tests='no'
have_libaudit=''
have_libcap=''
have_selinux='no'
have_tunables='yes'
host='x86_64-buildroot-linux-gnu'
host_alias='x86_64-buildroot-linux-gnu'
host_cpu='x86_64'
host_os='linux-gnu'
host_vendor='buildroot'
htmldir='${docdir}'
includedir='${prefix}/include'
infodir='${datarootdir}/info'
ldd_rewrite_script='sysdeps/unix/sysv/linux/x86_64/ldd-rewrite.sed'
libc_cv_cc_loop_to_function='yes'
libc_cv_cc_nofma='-ffp-contract=off'
libc_cv_cc_pie_default='yes'
libc_cv_cc_submachine=''
libc_cv_cc_with_libunwind='no'
libc_cv_complocaledir='${exec_prefix}/lib/locale'
libc_cv_cxx_thread_local='no'
libc_cv_fpie='yes'
libc_cv_gcc_unwind_find_fde='no'
libc_cv_has_glob_dat='yes'
libc_cv_hashstyle='yes'
libc_cv_insert='yes'
libc_cv_localstatedir='/var'
libc_cv_mtls_dialect_gnu2='yes'
libc_cv_multidir='.'
libc_cv_nss_crypt='no'
libc_cv_pic_default='yes'
libc_cv_pie_default='yes'
libc_cv_protected_data='yes'
libc_cv_rootsbindir='/sbin'
libc_cv_rtlddir='/lib64'
libc_cv_slibdir='/lib64'
libc_cv_ssp='no'
libc_cv_static_nss_crypt='no'
libc_cv_sysconfdir='/etc'
libc_cv_textrel_ifunc='yes'
libc_cv_with_fp='yes'
libc_cv_z_combreloc='yes'
libc_cv_z_execstack='yes'
libc_extra_cflags=''
libc_extra_cppflags=''
libdir='${exec_prefix}/lib64'
libexecdir='${exec_prefix}/libexec'
localedir='${datarootdir}/locale'
localstatedir='${prefix}/var'
mach_interface_list=''
mandir='${datarootdir}/man'
memory_tagging='no'
multi_arch='default'
no_stack_protector=''
oldincludedir='/usr/include'
pdfdir='${docdir}'
prefix='/usr'
profile='no'
program_transform_name='s,x,x,'
psdir='${docdir}'
pthread_in_libc='yes'
sbindir='${exec_prefix}/sbin'
shared='yes'
sharedstatedir='${prefix}/com'
stack_protector='-fno-stack-protector'
static=''
static_nss='no'
subdirs=' '
submachine=''
sysconfdir='${prefix}/etc'
sysheaders='/home/luyaohan1001/Projects/hack_linux_v5.15/buildroot-2022.02.8/output/host/x86_64-buildroot-linux-gnu/sysroot/usr/include'
sysnames=' sysdeps/unix/sysv/linux/x86_64/64 sysdeps/unix/sysv/linux/x86_64 sysdeps/unix/sysv/linux/x86 sysdeps/x86/nptl sysdeps/unix/sysv/linux/wordsize-64 sysdeps/x86_64/nptl sysdeps/unix/sysv/linux sysdeps/nptl sysdeps/pthread sysdeps/gnu sysdeps/unix/inet sysdeps/unix/sysv sysdeps/unix/x86_64 sysdeps/unix sysdeps/posix sysdeps/x86_64/64 sysdeps/x86_64/fpu/multiarch sysdeps/x86_64/fpu sysdeps/x86/fpu sysdeps/x86_64/multiarch sysdeps/x86_64 sysdeps/x86 sysdeps/ieee754/float128 sysdeps/ieee754/ldbl-96 sysdeps/ieee754/dbl-64 sysdeps/ieee754/flt-32 sysdeps/wordsize-64 sysdeps/ieee754 sysdeps/generic'
target_alias='x86_64-buildroot-linux-gnu'
use_default_link='no'
use_ldconfig='yes'
use_nscd='yes'

## ----------- ##
## confdefs.h. ##
## ----------- ##

/* confdefs.h */
#define PACKAGE_NAME "GNU C Library"
#define PACKAGE_TARNAME "glibc"
#define PACKAGE_VERSION "(see version.h)"
#define PACKAGE_STRING "GNU C Library (see version.h)"
#define PACKAGE_BUGREPORT "https://sourceware.org/bugzilla/"
#define PACKAGE_URL "https://www.gnu.org/software/glibc/"
#define PKGVERSION "(Buildroot) "
#define REPORT_BUGS_TO "<https://www.gnu.org/software/libc/bugs.html>"
#define HAVE_TUNABLES 1
#define USE_PPC_SCV 1
#define STACK_PROTECTOR_LEVEL 0
#define USE_MULTIARCH 1
#define HAVE_ASM_SET_DIRECTIVE 1
#define HAVE_Z_COMBRELOC 1
#define HAVE_BUILTIN_MEMSET 1
#define HAVE_CC_INHIBIT_LOOP_TO_LIBCALL 1
#define HAVE_EHDR_START 1
#define HAVE_BUILTIN_TRAP 1
#define __LINUX_KERNEL_VERSION (5 * 65536 + 15 * 256 + 0)
#define __ABI_TAG_VERSION 5,15,0
#define HAVE_INLINED_SYSCALLS 1
#define HAVE_AVX512DQ_ASM_SUPPORT 1
#define HAVE_AVX512_SUPPORT 1
#define HAVE_MPX_SUPPORT 1
#define PI_STATIC_AND_HIDDEN 1
#define SUPPORT_STATIC_PIE 1
#define INCLUDE_X86_ISA_LEVEL 1
#define HAVE_IFUNC 1
#define HAVE_GCC_IFUNC 1
#define USE_NSCD 1
#define USE_LDCONFIG 1
#define PTHREAD_IN_LIBC 1

configure: exit 0
