This file contains any messages produced by compilers while
running configure, to aid debugging if configure makes a mistake.

It was created by configure, which was
generated by GNU Autoconf 2.69.  Invocation command line was

  $ ./configure --prefix=/home/luyaohan1001/Projects/hack_linux_v5.15/buildroot-2022.02.8/output/host --sysconfdir=/home/luyaohan1001/Projects/hack_linux_v5.15/buildroot-2022.02.8/output/host/etc --localstatedir=/home/luyaohan1001/Projects/hack_linux_v5.15/buildroot-2022.02.8/output/host/var --enable-shared --disable-static --disable-gtk-doc --disable-gtk-doc-html --disable-doc --disable-docs --disable-documentation --disable-debug --with-xmlto=no --with-fop=no --disable-nls --disable-dependency-tracking --disable-multilib --disable-werror --target=x86_64-buildroot-linux-gnu --disable-shared --enable-static --with-sysroot=/home/luyaohan1001/Projects/hack_linux_v5.15/buildroot-2022.02.8/output/host/x86_64-buildroot-linux-gnu/sysroot --enable-poison-system-directories --without-debuginfod --disable-sim --disable-gdb

## --------- ##
## Platform. ##
## --------- ##

hostname = lyc
uname -m = x86_64
uname -r = 5.15.0-57-generic
uname -s = Linux
uname -v = #63-Ubuntu SMP Thu Nov 24 13:43:17 UTC 2022

/usr/bin/uname -p = x86_64
/bin/uname -X     = unknown

/bin/arch              = x86_64
/usr/bin/arch -k       = unknown
/usr/convex/getsysinfo = unknown
/usr/bin/hostinfo      = unknown
/bin/machine           = unknown
/usr/bin/oslevel       = unknown
/bin/universe          = unknown

PATH: /home/luyaohan1001/Projects/hack_linux_v5.15/buildroot-2022.02.8/output/host/bin
PATH: /home/luyaohan1001/Projects/hack_linux_v5.15/buildroot-2022.02.8/output/host/sbin
PATH: /home/luyaohan1001/bin
PATH: /home/luyaohan1001/.local/bin
PATH: /home/luyaohan1001/bin
PATH: /usr/local/sbin
PATH: /usr/local/bin
PATH: /usr/sbin
PATH: /usr/bin
PATH: /sbin
PATH: /bin
PATH: /usr/games
PATH: /usr/local/games
PATH: /snap/bin
PATH: /snap/bin


## ----------- ##
## Core tests. ##
## ----------- ##

configure:2344: checking build system type
configure:2358: result: x86_64-pc-linux-gnu
configure:2405: checking host system type
configure:2418: result: x86_64-pc-linux-gnu
configure:2438: checking target system type
configure:2451: result: x86_64-buildroot-linux-gnu
configure:2505: checking for a BSD-compatible install
configure:2573: result: /usr/bin/install -c
configure:2584: checking whether ln works
configure:2606: result: yes
configure:2610: checking whether ln -s works
configure:2614: result: yes
configure:2621: checking for a sed that does not truncate output
configure:2685: result: /usr/bin/sed
configure:2694: checking for gawk
configure:2710: found /home/luyaohan1001/Projects/hack_linux_v5.15/buildroot-2022.02.8/output/host/bin/gawk
configure:2721: result: gawk
configure:4060: checking for gcc
configure:4087: result: /usr/bin/gcc
configure:4316: checking for C compiler version
configure:4325: /usr/bin/gcc --version >&5
gcc (Ubuntu 11.3.0-1ubuntu1~22.04) 11.3.0
Copyright (C) 2021 Free Software Foundation, Inc.
This is free software; see the source for copying conditions.  There is NO
warranty; not even for MERCHANTABILITY or FITNESS FOR A PARTICULAR PURPOSE.

configure:4336: $? = 0
configure:4325: /usr/bin/gcc -v >&5
Using built-in specs.
COLLECT_GCC=/usr/bin/gcc
COLLECT_LTO_WRAPPER=/usr/lib/gcc/x86_64-linux-gnu/11/lto-wrapper
OFFLOAD_TARGET_NAMES=nvptx-none:amdgcn-amdhsa
OFFLOAD_TARGET_DEFAULT=1
Target: x86_64-linux-gnu
Configured with: ../src/configure -v --with-pkgversion='Ubuntu 11.3.0-1ubuntu1~22.04' --with-bugurl=file:///usr/share/doc/gcc-11/README.Bugs --enable-languages=c,ada,c++,go,brig,d,fortran,objc,obj-c++,m2 --prefix=/usr --with-gcc-major-version-only --program-suffix=-11 --program-prefix=x86_64-linux-gnu- --enable-shared --enable-linker-build-id --libexecdir=/usr/lib --without-included-gettext --enable-threads=posix --libdir=/usr/lib --enable-nls --enable-bootstrap --enable-clocale=gnu --enable-libstdcxx-debug --enable-libstdcxx-time=yes --with-default-libstdcxx-abi=new --enable-gnu-unique-object --disable-vtable-verify --enable-plugin --enable-default-pie --with-system-zlib --enable-libphobos-checking=release --with-target-system-zlib=auto --enable-objc-gc=auto --enable-multiarch --disable-werror --enable-cet --with-arch-32=i686 --with-abi=m64 --with-multilib-list=m32,m64,mx32 --enable-multilib --with-tune=generic --enable-offload-targets=nvptx-none=/build/gcc-11-xKiWfi/gcc-11-11.3.0/debian/tmp-nvptx/usr,amdgcn-amdhsa=/build/gcc-11-xKiWfi/gcc-11-11.3.0/debian/tmp-gcn/usr --without-cuda-driver --enable-checking=release --build=x86_64-linux-gnu --host=x86_64-linux-gnu --target=x86_64-linux-gnu --with-build-config=bootstrap-lto-lean --enable-link-serialization=2
Thread model: posix
Supported LTO compression algorithms: zlib zstd
gcc version 11.3.0 (Ubuntu 11.3.0-1ubuntu1~22.04) 
... rest of stderr output deleted ...
configure:4336: $? = 0
configure:4325: /usr/bin/gcc -V >&5
gcc: error: unrecognized command-line option '-V'
gcc: fatal error: no input files
compilation terminated.
configure:4336: $? = 1
configure:4325: /usr/bin/gcc -qversion >&5
gcc: error: unrecognized command-line option '-qversion'; did you mean '--version'?
gcc: fatal error: no input files
compilation terminated.
configure:4336: $? = 1
configure:4356: checking whether the C compiler works
configure:4378: /usr/bin/gcc -O2 -I/home/luyaohan1001/Projects/hack_linux_v5.15/buildroot-2022.02.8/output/host/include -I/home/luyaohan1001/Projects/hack_linux_v5.15/buildroot-2022.02.8/output/host/include -L/home/luyaohan1001/Projects/hack_linux_v5.15/buildroot-2022.02.8/output/host/lib -Wl,-rpath,/home/luyaohan1001/Projects/hack_linux_v5.15/buildroot-2022.02.8/output/host/lib conftest.c  >&5
configure:4382: $? = 0
configure:4430: result: yes
configure:4433: checking for C compiler default output file name
configure:4435: result: a.out
configure:4441: checking for suffix of executables
configure:4448: /usr/bin/gcc -o conftest -O2 -I/home/luyaohan1001/Projects/hack_linux_v5.15/buildroot-2022.02.8/output/host/include -I/home/luyaohan1001/Projects/hack_linux_v5.15/buildroot-2022.02.8/output/host/include -L/home/luyaohan1001/Projects/hack_linux_v5.15/buildroot-2022.02.8/output/host/lib -Wl,-rpath,/home/luyaohan1001/Projects/hack_linux_v5.15/buildroot-2022.02.8/output/host/lib conftest.c  >&5
configure:4452: $? = 0
configure:4474: result: 
configure:4496: checking whether we are cross compiling
configure:4504: /usr/bin/gcc -o conftest -O2 -I/home/luyaohan1001/Projects/hack_linux_v5.15/buildroot-2022.02.8/output/host/include -I/home/luyaohan1001/Projects/hack_linux_v5.15/buildroot-2022.02.8/output/host/include -L/home/luyaohan1001/Projects/hack_linux_v5.15/buildroot-2022.02.8/output/host/lib -Wl,-rpath,/home/luyaohan1001/Projects/hack_linux_v5.15/buildroot-2022.02.8/output/host/lib conftest.c  >&5
configure:4508: $? = 0
configure:4515: ./conftest
configure:4519: $? = 0
configure:4534: result: no
configure:4539: checking for suffix of object files
configure:4561: /usr/bin/gcc -c -O2 -I/home/luyaohan1001/Projects/hack_linux_v5.15/buildroot-2022.02.8/output/host/include -I/home/luyaohan1001/Projects/hack_linux_v5.15/buildroot-2022.02.8/output/host/include conftest.c >&5
configure:4565: $? = 0
configure:4586: result: o
configure:4590: checking whether we are using the GNU C compiler
configure:4609: /usr/bin/gcc -c -O2 -I/home/luyaohan1001/Projects/hack_linux_v5.15/buildroot-2022.02.8/output/host/include -I/home/luyaohan1001/Projects/hack_linux_v5.15/buildroot-2022.02.8/output/host/include conftest.c >&5
configure:4609: $? = 0
configure:4618: result: yes
configure:4627: checking whether /usr/bin/gcc accepts -g
configure:4647: /usr/bin/gcc -c -g -I/home/luyaohan1001/Projects/hack_linux_v5.15/buildroot-2022.02.8/output/host/include conftest.c >&5
configure:4647: $? = 0
configure:4688: result: yes
configure:4705: checking for /usr/bin/gcc option to accept ISO C89
configure:4768: /usr/bin/gcc  -c -O2 -I/home/luyaohan1001/Projects/hack_linux_v5.15/buildroot-2022.02.8/output/host/include -I/home/luyaohan1001/Projects/hack_linux_v5.15/buildroot-2022.02.8/output/host/include conftest.c >&5
configure:4768: $? = 0
configure:4781: result: none needed
configure:4913: checking for C++ compiler version
configure:4922: /usr/bin/g++ --version >&5
g++ (Ubuntu 11.3.0-1ubuntu1~22.04) 11.3.0
Copyright (C) 2021 Free Software Foundation, Inc.
This is free software; see the source for copying conditions.  There is NO
warranty; not even for MERCHANTABILITY or FITNESS FOR A PARTICULAR PURPOSE.

configure:4933: $? = 0
configure:4922: /usr/bin/g++ -v >&5
Using built-in specs.
COLLECT_GCC=/usr/bin/g++
COLLECT_LTO_WRAPPER=/usr/lib/gcc/x86_64-linux-gnu/11/lto-wrapper
OFFLOAD_TARGET_NAMES=nvptx-none:amdgcn-amdhsa
OFFLOAD_TARGET_DEFAULT=1
Target: x86_64-linux-gnu
Configured with: ../src/configure -v --with-pkgversion='Ubuntu 11.3.0-1ubuntu1~22.04' --with-bugurl=file:///usr/share/doc/gcc-11/README.Bugs --enable-languages=c,ada,c++,go,brig,d,fortran,objc,obj-c++,m2 --prefix=/usr --with-gcc-major-version-only --program-suffix=-11 --program-prefix=x86_64-linux-gnu- --enable-shared --enable-linker-build-id --libexecdir=/usr/lib --without-included-gettext --enable-threads=posix --libdir=/usr/lib --enable-nls --enable-bootstrap --enable-clocale=gnu --enable-libstdcxx-debug --enable-libstdcxx-time=yes --with-default-libstdcxx-abi=new --enable-gnu-unique-object --disable-vtable-verify --enable-plugin --enable-default-pie --with-system-zlib --enable-libphobos-checking=release --with-target-system-zlib=auto --enable-objc-gc=auto --enable-multiarch --disable-werror --enable-cet --with-arch-32=i686 --with-abi=m64 --with-multilib-list=m32,m64,mx32 --enable-multilib --with-tune=generic --enable-offload-targets=nvptx-none=/build/gcc-11-xKiWfi/gcc-11-11.3.0/debian/tmp-nvptx/usr,amdgcn-amdhsa=/build/gcc-11-xKiWfi/gcc-11-11.3.0/debian/tmp-gcn/usr --without-cuda-driver --enable-checking=release --build=x86_64-linux-gnu --host=x86_64-linux-gnu --target=x86_64-linux-gnu --with-build-config=bootstrap-lto-lean --enable-link-serialization=2
Thread model: posix
Supported LTO compression algorithms: zlib zstd
gcc version 11.3.0 (Ubuntu 11.3.0-1ubuntu1~22.04) 
... rest of stderr output deleted ...
configure:4933: $? = 0
configure:4922: /usr/bin/g++ -V >&5
g++: error: unrecognized command-line option '-V'
g++: fatal error: no input files
compilation terminated.
configure:4933: $? = 1
configure:4922: /usr/bin/g++ -qversion >&5
g++: error: unrecognized command-line option '-qversion'; did you mean '--version'?
g++: fatal error: no input files
compilation terminated.
configure:4933: $? = 1
configure:4937: checking whether we are using the GNU C++ compiler
configure:4956: /usr/bin/g++ -c -O2 -I/home/luyaohan1001/Projects/hack_linux_v5.15/buildroot-2022.02.8/output/host/include -I/home/luyaohan1001/Projects/hack_linux_v5.15/buildroot-2022.02.8/output/host/include conftest.cpp >&5
configure:4956: $? = 0
configure:4965: result: yes
configure:4974: checking whether /usr/bin/g++ accepts -g
configure:4994: /usr/bin/g++ -c -g -I/home/luyaohan1001/Projects/hack_linux_v5.15/buildroot-2022.02.8/output/host/include conftest.cpp >&5
configure:4994: $? = 0
configure:5035: result: yes
configure:5084: checking whether g++ accepts -static-libstdc++ -static-libgcc
configure:5101: /usr/bin/g++ -o conftest -O2 -I/home/luyaohan1001/Projects/hack_linux_v5.15/buildroot-2022.02.8/output/host/include -I/home/luyaohan1001/Projects/hack_linux_v5.15/buildroot-2022.02.8/output/host/include -L/home/luyaohan1001/Projects/hack_linux_v5.15/buildroot-2022.02.8/output/host/lib -Wl,-rpath,/home/luyaohan1001/Projects/hack_linux_v5.15/buildroot-2022.02.8/output/host/lib -static-libstdc++ -static-libgcc conftest.cpp  >&5
configure:5101: $? = 0
configure:5102: result: yes
configure:5166: checking for gnatbind
configure:5196: result: no
configure:5258: checking for gnatmake
configure:5288: result: no
configure:5307: checking whether compiler driver understands Ada
configure:5330: result: no
configure:5339: checking how to compare bootstrapped objects
configure:5364: result: cmp --ignore-initial=16 $$f1 $$f2
configure:5424: checking for objdir
configure:5439: result: .libs
configure:6005: checking for isl 0.15 or later
configure:6018: /usr/bin/gcc -o conftest -O2 -I/home/luyaohan1001/Projects/hack_linux_v5.15/buildroot-2022.02.8/output/host/include   -I/home/luyaohan1001/Projects/hack_linux_v5.15/buildroot-2022.02.8/output/host/include -L/home/luyaohan1001/Projects/hack_linux_v5.15/buildroot-2022.02.8/output/host/lib -Wl,-rpath,/home/luyaohan1001/Projects/hack_linux_v5.15/buildroot-2022.02.8/output/host/lib  -lisl -lmpc -lmpfr -lgmp conftest.c  -lisl -lgmp >&5
conftest.c:10:10: fatal error: isl/schedule.h: No such file or directory
   10 | #include <isl/schedule.h>
      |          ^~~~~~~~~~~~~~~~
compilation terminated.
configure:6018: $? = 1
configure: failed program was:
| /* confdefs.h */
| #define PACKAGE_NAME ""
| #define PACKAGE_TARNAME ""
| #define PACKAGE_VERSION ""
| #define PACKAGE_STRING ""
| #define PACKAGE_BUGREPORT ""
| #define PACKAGE_URL ""
| #define LT_OBJDIR ".libs/"
| /* end confdefs.h.  */
| #include <isl/schedule.h>
| int
| main ()
| {
| isl_options_set_schedule_serialize_sccs (NULL, 0);
|   ;
|   return 0;
| }
configure:6025: result: no
configure:6029: result: required isl version is 0.15 or later
configure:7122: checking for default BUILD_CONFIG
configure:7154: result: 
configure:7159: checking for --enable-vtable-verify
configure:7172: result: no
configure:7784: checking for bison
configure:7800: found /home/luyaohan1001/Projects/hack_linux_v5.15/buildroot-2022.02.8/output/host/bin/bison
configure:7811: result: bison -y
configure:7831: checking for bison
configure:7847: found /home/luyaohan1001/Projects/hack_linux_v5.15/buildroot-2022.02.8/output/host/bin/bison
configure:7858: result: bison
configure:7878: checking for gm4
configure:7908: result: no
configure:7878: checking for gnum4
configure:7908: result: no
configure:7878: checking for m4
configure:7894: found /home/luyaohan1001/Projects/hack_linux_v5.15/buildroot-2022.02.8/output/host/bin/m4
configure:7905: result: m4
configure:7925: checking for flex
configure:7941: found /usr/bin/flex
configure:7952: result: flex
configure:7973: checking for flex
configure:7989: found /usr/bin/flex
configure:8000: result: flex
configure:8020: checking for makeinfo
configure:8047: result: true
configure:8081: checking for expect
configure:8111: result: no
configure:8130: checking for runtest
configure:8160: result: no
configure:8194: checking for ar
configure:8221: result: /usr/bin/ar
configure:8335: checking for as
configure:8362: result: /usr/bin/as
configure:8557: checking for dlltool
configure:8587: result: no
configure:8617: checking for ld
configure:8644: result: /usr/bin/ld
configure:8839: checking for lipo
configure:8869: result: no
configure:8899: checking for nm
configure:8926: result: /usr/bin/nm
configure:9040: checking for ranlib
configure:9067: result: /usr/bin/ranlib
configure:9257: checking for strip
configure:9273: found /usr/bin/strip
configure:9284: result: strip
configure:9393: checking for windres
configure:9423: result: no
configure:9534: checking for windmc
configure:9564: result: no
configure:9594: checking for objcopy
configure:9621: result: /usr/bin/objcopy
configure:9816: checking for objdump
configure:9832: found /usr/bin/objdump
configure:9843: result: objdump
configure:9957: checking for readelf
configure:9973: found /usr/bin/readelf
configure:9984: result: readelf
configure:10098: checking for x86_64-buildroot-linux-gnu-cc
configure:10128: result: no
configure:10098: checking for x86_64-buildroot-linux-gnu-gcc
configure:10128: result: no
configure:10259: checking for x86_64-buildroot-linux-gnu-c++
configure:10289: result: no
configure:10259: checking for x86_64-buildroot-linux-gnu-g++
configure:10289: result: no
configure:10259: checking for x86_64-buildroot-linux-gnu-cxx
configure:10289: result: no
configure:10259: checking for x86_64-buildroot-linux-gnu-gxx
configure:10289: result: no
configure:10420: checking for x86_64-buildroot-linux-gnu-gcc
configure:10450: result: no
configure:10576: checking for x86_64-buildroot-linux-gnu-gfortran
configure:10606: result: no
configure:10737: checking for x86_64-buildroot-linux-gnu-gccgo
configure:10767: result: no
configure:10978: checking for x86_64-buildroot-linux-gnu-ar
configure:11008: result: no
configure:11208: checking for x86_64-buildroot-linux-gnu-as
configure:11238: result: no
configure:11438: checking for x86_64-buildroot-linux-gnu-dlltool
configure:11468: result: no
configure:11668: checking for x86_64-buildroot-linux-gnu-ld
configure:11698: result: no
configure:11898: checking for x86_64-buildroot-linux-gnu-lipo
configure:11928: result: no
configure:12128: checking for x86_64-buildroot-linux-gnu-nm
configure:12158: result: no
configure:12358: checking for x86_64-buildroot-linux-gnu-objcopy
configure:12388: result: no
configure:12588: checking for x86_64-buildroot-linux-gnu-objdump
configure:12618: result: no
configure:12818: checking for x86_64-buildroot-linux-gnu-ranlib
configure:12848: result: no
configure:13048: checking for x86_64-buildroot-linux-gnu-readelf
configure:13078: result: no
configure:13278: checking for x86_64-buildroot-linux-gnu-strip
configure:13308: result: no
configure:13508: checking for x86_64-buildroot-linux-gnu-windres
configure:13538: result: no
configure:13738: checking for x86_64-buildroot-linux-gnu-windmc
configure:13768: result: no
configure:13835: checking where to find the target ar
configure:13858: result: just compiled
configure:13877: checking where to find the target as
configure:13900: result: just compiled
configure:13919: checking where to find the target cc
configure:13956: result: pre-installed
configure:13961: checking where to find the target c++
configure:14001: result: pre-installed
configure:14006: checking where to find the target c++ for libstdc++
configure:14046: result: pre-installed
configure:14051: checking where to find the target dlltool
configure:14074: result: just compiled
configure:14093: checking where to find the target gcc
configure:14130: result: pre-installed
configure:14135: checking where to find the target gfortran
configure:14175: result: pre-installed
configure:14180: checking where to find the target gccgo
configure:14220: result: pre-installed
configure:14225: checking where to find the target ld
configure:14248: result: just compiled
configure:14267: checking where to find the target lipo
configure:14293: result: pre-installed
configure:14298: checking where to find the target nm
configure:14321: result: just compiled
configure:14340: checking where to find the target objcopy
configure:14363: result: just compiled
configure:14382: checking where to find the target objdump
configure:14405: result: just compiled
configure:14424: checking where to find the target ranlib
configure:14447: result: just compiled
configure:14466: checking where to find the target readelf
configure:14489: result: just compiled
configure:14508: checking where to find the target strip
configure:14531: result: just compiled
configure:14550: checking where to find the target windres
configure:14573: result: just compiled
configure:14592: checking where to find the target windmc
configure:14615: result: just compiled
configure:14662: checking whether to enable maintainer-specific portions of Makefiles
configure:14671: result: no
configure:14906: creating ./config.status

## ---------------------- ##
## Running config.status. ##
## ---------------------- ##

This file was extended by config.status, which was
generated by GNU Autoconf 2.69.  Invocation command line was

  CONFIG_FILES    = 
  CONFIG_HEADERS  = 
  CONFIG_LINKS    = 
  CONFIG_COMMANDS = 
  $ ./config.status 

on lyc

config.status:996: creating Makefile

## ---------------- ##
## Cache variables. ##
## ---------------- ##

ac_cv_build=x86_64-pc-linux-gnu
ac_cv_c_compiler_gnu=yes
ac_cv_cxx_compiler_gnu=yes
ac_cv_env_AR_FOR_TARGET_set=
ac_cv_env_AR_FOR_TARGET_value=
ac_cv_env_AR_set=set
ac_cv_env_AR_value=/usr/bin/ar
ac_cv_env_AS_FOR_TARGET_set=
ac_cv_env_AS_FOR_TARGET_value=
ac_cv_env_AS_set=set
ac_cv_env_AS_value=/usr/bin/as
ac_cv_env_CCC_set=
ac_cv_env_CCC_value=
ac_cv_env_CC_FOR_TARGET_set=
ac_cv_env_CC_FOR_TARGET_value=
ac_cv_env_CC_set=set
ac_cv_env_CC_value=/usr/bin/gcc
ac_cv_env_CFLAGS_set=set
ac_cv_env_CFLAGS_value='-O2 -I/home/luyaohan1001/Projects/hack_linux_v5.15/buildroot-2022.02.8/output/host/include'
ac_cv_env_CPPFLAGS_set=set
ac_cv_env_CPPFLAGS_value=-I/home/luyaohan1001/Projects/hack_linux_v5.15/buildroot-2022.02.8/output/host/include
ac_cv_env_CXXFLAGS_set=set
ac_cv_env_CXXFLAGS_value='-O2 -I/home/luyaohan1001/Projects/hack_linux_v5.15/buildroot-2022.02.8/output/host/include'
ac_cv_env_CXX_FOR_TARGET_set=
ac_cv_env_CXX_FOR_TARGET_value=
ac_cv_env_CXX_set=set
ac_cv_env_CXX_value=/usr/bin/g++
ac_cv_env_DLLTOOL_FOR_TARGET_set=
ac_cv_env_DLLTOOL_FOR_TARGET_value=
ac_cv_env_DLLTOOL_set=
ac_cv_env_DLLTOOL_value=
ac_cv_env_GCC_FOR_TARGET_set=
ac_cv_env_GCC_FOR_TARGET_value=
ac_cv_env_GFORTRAN_FOR_TARGET_set=
ac_cv_env_GFORTRAN_FOR_TARGET_value=
ac_cv_env_GOC_FOR_TARGET_set=
ac_cv_env_GOC_FOR_TARGET_value=
ac_cv_env_LDFLAGS_set=set
ac_cv_env_LDFLAGS_value='-L/home/luyaohan1001/Projects/hack_linux_v5.15/buildroot-2022.02.8/output/host/lib -Wl,-rpath,/home/luyaohan1001/Projects/hack_linux_v5.15/buildroot-2022.02.8/output/host/lib'
ac_cv_env_LD_FOR_TARGET_set=
ac_cv_env_LD_FOR_TARGET_value=
ac_cv_env_LD_set=set
ac_cv_env_LD_value=/usr/bin/ld
ac_cv_env_LIBS_set=
ac_cv_env_LIBS_value=
ac_cv_env_LIPO_FOR_TARGET_set=
ac_cv_env_LIPO_FOR_TARGET_value=
ac_cv_env_LIPO_set=
ac_cv_env_LIPO_value=
ac_cv_env_NM_FOR_TARGET_set=
ac_cv_env_NM_FOR_TARGET_value=
ac_cv_env_NM_set=set
ac_cv_env_NM_value=/usr/bin/nm
ac_cv_env_OBJCOPY_FOR_TARGET_set=
ac_cv_env_OBJCOPY_FOR_TARGET_value=
ac_cv_env_OBJCOPY_set=set
ac_cv_env_OBJCOPY_value=/usr/bin/objcopy
ac_cv_env_OBJDUMP_FOR_TARGET_set=
ac_cv_env_OBJDUMP_FOR_TARGET_value=
ac_cv_env_OBJDUMP_set=
ac_cv_env_OBJDUMP_value=
ac_cv_env_RANLIB_FOR_TARGET_set=
ac_cv_env_RANLIB_FOR_TARGET_value=
ac_cv_env_RANLIB_set=set
ac_cv_env_RANLIB_value=/usr/bin/ranlib
ac_cv_env_READELF_FOR_TARGET_set=
ac_cv_env_READELF_FOR_TARGET_value=
ac_cv_env_READELF_set=
ac_cv_env_READELF_value=
ac_cv_env_STRIP_FOR_TARGET_set=
ac_cv_env_STRIP_FOR_TARGET_value=
ac_cv_env_STRIP_set=
ac_cv_env_STRIP_value=
ac_cv_env_WINDMC_FOR_TARGET_set=
ac_cv_env_WINDMC_FOR_TARGET_value=
ac_cv_env_WINDMC_set=
ac_cv_env_WINDMC_value=
ac_cv_env_WINDRES_FOR_TARGET_set=
ac_cv_env_WINDRES_FOR_TARGET_value=
ac_cv_env_WINDRES_set=
ac_cv_env_WINDRES_value=
ac_cv_env_build_alias_set=
ac_cv_env_build_alias_value=
ac_cv_env_build_configargs_set=
ac_cv_env_build_configargs_value=
ac_cv_env_host_alias_set=
ac_cv_env_host_alias_value=
ac_cv_env_host_configargs_set=
ac_cv_env_host_configargs_value=
ac_cv_env_target_alias_set=set
ac_cv_env_target_alias_value=x86_64-buildroot-linux-gnu
ac_cv_env_target_configargs_set=
ac_cv_env_target_configargs_value=
ac_cv_host=x86_64-pc-linux-gnu
ac_cv_objext=o
ac_cv_path_SED=/usr/bin/sed
ac_cv_path_install='/usr/bin/install -c'
ac_cv_prog_AR=/usr/bin/ar
ac_cv_prog_AS=/usr/bin/as
ac_cv_prog_AWK=gawk
ac_cv_prog_BISON=bison
ac_cv_prog_FLEX=flex
ac_cv_prog_LD=/usr/bin/ld
ac_cv_prog_LEX=flex
ac_cv_prog_M4=m4
ac_cv_prog_MAKEINFO=true
ac_cv_prog_NM=/usr/bin/nm
ac_cv_prog_OBJCOPY=/usr/bin/objcopy
ac_cv_prog_OBJDUMP=objdump
ac_cv_prog_RANLIB=/usr/bin/ranlib
ac_cv_prog_READELF=readelf
ac_cv_prog_STRIP=strip
ac_cv_prog_YACC='bison -y'
ac_cv_prog_ac_ct_CC=/usr/bin/gcc
ac_cv_prog_cc_c89=
ac_cv_prog_cc_g=yes
ac_cv_prog_cxx_g=yes
ac_cv_target=x86_64-buildroot-linux-gnu
acx_cv_cc_gcc_supports_ada=no
acx_cv_prog_LN=ln
gcc_cv_isl=no
gcc_cv_prog_cmp_skip='cmp --ignore-initial=16 $$f1 $$f2'
gcc_cv_tool_dirs=
gcc_cv_tool_prefix=/home/luyaohan1001/Projects/hack_linux_v5.15/buildroot-2022.02.8/output/host
lt_cv_objdir=.libs

## ----------------- ##
## Output variables. ##
## ----------------- ##

AR='/usr/bin/ar'
AR_FOR_BUILD='$(AR)'
AR_FOR_TARGET='$$r/$(HOST_SUBDIR)/binutils/ar'
AS='/usr/bin/as'
AS_FOR_BUILD='$(AS)'
AS_FOR_TARGET='$$r/$(HOST_SUBDIR)/gas/as-new'
AWK='gawk'
BISON='bison'
BUILD_CONFIG=''
CC='/usr/bin/gcc'
CC_FOR_BUILD='$(CC)'
CC_FOR_TARGET='x86_64-buildroot-linux-gnu-cc'
CFLAGS='-O2 -I/home/luyaohan1001/Projects/hack_linux_v5.15/buildroot-2022.02.8/output/host/include'
CFLAGS_FOR_BUILD='-O2 -I/home/luyaohan1001/Projects/hack_linux_v5.15/buildroot-2022.02.8/output/host/include'
CFLAGS_FOR_TARGET='-g -O2'
COMPILER_AS_FOR_TARGET='$(AS_FOR_TARGET)'
COMPILER_LD_FOR_TARGET='$(LD_FOR_TARGET)'
COMPILER_NM_FOR_TARGET='$(NM_FOR_TARGET)'
CONFIGURE_GDB_TK=''
CPPFLAGS='-I/home/luyaohan1001/Projects/hack_linux_v5.15/buildroot-2022.02.8/output/host/include'
CXX='/usr/bin/g++'
CXXFLAGS='-O2 -I/home/luyaohan1001/Projects/hack_linux_v5.15/buildroot-2022.02.8/output/host/include'
CXXFLAGS_FOR_BUILD='-O2 -I/home/luyaohan1001/Projects/hack_linux_v5.15/buildroot-2022.02.8/output/host/include'
CXXFLAGS_FOR_TARGET='-g -O2'
CXX_FOR_BUILD='$(CXX)'
CXX_FOR_TARGET='x86_64-buildroot-linux-gnu-c++'
DEBUG_PREFIX_CFLAGS_FOR_TARGET=''
DEFS='-DPACKAGE_NAME=\"\" -DPACKAGE_TARNAME=\"\" -DPACKAGE_VERSION=\"\" -DPACKAGE_STRING=\"\" -DPACKAGE_BUGREPORT=\"\" -DPACKAGE_URL=\"\" -DLT_OBJDIR=\".libs/\"'
DLLTOOL='dlltool'
DLLTOOL_FOR_BUILD='$(DLLTOOL)'
DLLTOOL_FOR_TARGET='$$r/$(HOST_SUBDIR)/binutils/dlltool'
ECHO_C=''
ECHO_N='-n'
ECHO_T=''
EXEEXT=''
EXPECT='expect'
FLAGS_FOR_TARGET=' -L$$r/$(HOST_SUBDIR)/ld'
FLEX='flex'
GCC_FOR_TARGET='x86_64-buildroot-linux-gnu-gcc'
GCC_SHLIB_SUBDIR=''
GDB_TK=''
GFORTRAN_FOR_BUILD='$(GFORTRAN)'
GFORTRAN_FOR_TARGET='x86_64-buildroot-linux-gnu-gfortran'
GNATBIND='no'
GNATMAKE='no'
GOC_FOR_BUILD='$(GOC)'
GOC_FOR_TARGET='x86_64-buildroot-linux-gnu-gccgo'
INSTALL_DATA='${INSTALL} -m 644'
INSTALL_GDB_TK=''
INSTALL_PROGRAM='${INSTALL}'
INSTALL_SCRIPT='${INSTALL}'
LD='/usr/bin/ld'
LDFLAGS='-L/home/luyaohan1001/Projects/hack_linux_v5.15/buildroot-2022.02.8/output/host/lib -Wl,-rpath,/home/luyaohan1001/Projects/hack_linux_v5.15/buildroot-2022.02.8/output/host/lib'
LDFLAGS_FOR_BUILD='-L/home/luyaohan1001/Projects/hack_linux_v5.15/buildroot-2022.02.8/output/host/lib -Wl,-rpath,/home/luyaohan1001/Projects/hack_linux_v5.15/buildroot-2022.02.8/output/host/lib'
LDFLAGS_FOR_TARGET=''
LD_FOR_BUILD='$(LD)'
LD_FOR_TARGET='$$r/$(HOST_SUBDIR)/ld/ld-new'
LEX='flex'
LIBOBJS=''
LIBS=''
LIPO='lipo'
LIPO_FOR_TARGET='x86_64-buildroot-linux-gnu-lipo'
LN='ln'
LN_S='ln -s'
LTLIBOBJS=''
M4='m4'
MAINT='#'
MAINTAINER_MODE_FALSE=''
MAINTAINER_MODE_TRUE='#'
MAKEINFO='/home/luyaohan1001/Projects/hack_linux_v5.15/buildroot-2022.02.8/output/build/host-binutils-2.36.1/missing makeinfo'
NM='/usr/bin/nm'
NM_FOR_BUILD='$(NM)'
NM_FOR_TARGET='$$r/$(HOST_SUBDIR)/binutils/nm-new'
OBJCOPY='/usr/bin/objcopy'
OBJCOPY_FOR_TARGET='$$r/$(HOST_SUBDIR)/binutils/objcopy'
OBJDUMP='objdump'
OBJDUMP_FOR_TARGET='$$r/$(HOST_SUBDIR)/binutils/objdump'
OBJEXT='o'
PACKAGE_BUGREPORT=''
PACKAGE_NAME=''
PACKAGE_STRING=''
PACKAGE_TARNAME=''
PACKAGE_URL=''
PACKAGE_VERSION=''
PATH_SEPARATOR=':'
RANLIB='/usr/bin/ranlib'
RANLIB_FOR_BUILD='$(RANLIB)'
RANLIB_FOR_TARGET='$$r/$(HOST_SUBDIR)/binutils/ranlib'
RAW_CXX_FOR_TARGET='x86_64-buildroot-linux-gnu-c++'
READELF='readelf'
READELF_FOR_TARGET='$$r/$(HOST_SUBDIR)/binutils/readelf'
RPATH_ENVVAR='LD_LIBRARY_PATH'
RUNTEST='runtest'
SED='/usr/bin/sed'
SHELL='/bin/bash'
STRIP='strip'
STRIP_FOR_TARGET='$$r/$(HOST_SUBDIR)/binutils/strip-new'
SYSROOT_CFLAGS_FOR_TARGET=''
TOPLEVEL_CONFIGURE_ARGUMENTS='./configure --prefix=/home/luyaohan1001/Projects/hack_linux_v5.15/buildroot-2022.02.8/output/host --sysconfdir=/home/luyaohan1001/Projects/hack_linux_v5.15/buildroot-2022.02.8/output/host/etc --localstatedir=/home/luyaohan1001/Projects/hack_linux_v5.15/buildroot-2022.02.8/output/host/var --enable-shared --disable-static --disable-gtk-doc --disable-gtk-doc-html --disable-doc --disable-docs --disable-documentation --disable-debug --with-xmlto=no --with-fop=no --disable-nls --disable-dependency-tracking --disable-multilib --disable-werror --target=x86_64-buildroot-linux-gnu --disable-shared --enable-static --with-sysroot=/home/luyaohan1001/Projects/hack_linux_v5.15/buildroot-2022.02.8/output/host/x86_64-buildroot-linux-gnu/sysroot --enable-poison-system-directories --without-debuginfod --disable-sim --disable-gdb'
WINDMC='windmc'
WINDMC_FOR_BUILD='$(WINDMC)'
WINDMC_FOR_TARGET='$$r/$(HOST_SUBDIR)/binutils/windmc'
WINDRES='windres'
WINDRES_FOR_BUILD='$(WINDRES)'
WINDRES_FOR_TARGET='$$r/$(HOST_SUBDIR)/binutils/windres'
YACC='bison -y'
ac_ct_CC='/usr/bin/gcc'
ac_ct_CXX=''
bindir='${exec_prefix}/bin'
build='x86_64-pc-linux-gnu'
build_alias=''
build_configargs=' --cache-file=./config.cache '\''--prefix=/home/luyaohan1001/Projects/hack_linux_v5.15/buildroot-2022.02.8/output/host'\'' '\''--sysconfdir=/home/luyaohan1001/Projects/hack_linux_v5.15/buildroot-2022.02.8/output/host/etc'\'' '\''--localstatedir=/home/luyaohan1001/Projects/hack_linux_v5.15/buildroot-2022.02.8/output/host/var'\'' '\''--enable-shared'\'' '\''--disable-static'\'' '\''--disable-gtk-doc'\'' '\''--disable-gtk-doc-html'\'' '\''--disable-doc'\'' '\''--disable-docs'\'' '\''--disable-documentation'\'' '\''--disable-debug'\'' '\''--with-xmlto=no'\'' '\''--with-fop=no'\'' '\''--disable-nls'\'' '\''--disable-dependency-tracking'\'' '\''--disable-multilib'\'' '\''--disable-werror'\'' '\''--disable-shared'\'' '\''--enable-static'\'' '\''--with-sysroot=/home/luyaohan1001/Projects/hack_linux_v5.15/buildroot-2022.02.8/output/host/x86_64-buildroot-linux-gnu/sysroot'\'' '\''--enable-poison-system-directories'\'' '\''--without-debuginfod'\'' '\''--disable-sim'\'' '\''--disable-gdb'\'' --program-transform-name='\''s&^&x86_64-buildroot-linux-gnu-&'\'' --disable-option-checking'
build_configdirs=' libiberty'
build_cpu='x86_64'
build_libsubdir='build-x86_64-pc-linux-gnu'
build_noncanonical='x86_64-pc-linux-gnu'
build_os='linux-gnu'
build_subdir='build-x86_64-pc-linux-gnu'
build_tooldir='${exec_prefix}/x86_64-buildroot-linux-gnu'
build_vendor='pc'
compare_exclusions='gcc/cc*-checksum$(objext) | gcc/ada/*tools/*'
configdirs=' intl libiberty opcodes bfd zlib libctf binutils gas ld gprof etc'
datadir='${datarootdir}'
datarootdir='${prefix}/share'
do_compare='cmp --ignore-initial=16 $$f1 $$f2'
docdir='${datarootdir}/doc/${PACKAGE}'
dvidir='${docdir}'
exec_prefix='${prefix}'
extra_host_libiberty_configure_flags=''
extra_host_zlib_configure_flags=''
extra_isl_gmp_configure_flags=''
extra_liboffloadmic_configure_flags=''
extra_linker_plugin_configure_flags=''
extra_linker_plugin_flags=''
extra_mpc_gmp_configure_flags=''
extra_mpc_mpfr_configure_flags=''
extra_mpfr_configure_flags=''
get_gcc_base_ver='cat'
gmpinc=''
gmplibs='-lmpc -lmpfr -lgmp'
host='x86_64-pc-linux-gnu'
host_alias=''
host_configargs=' --cache-file=./config.cache  --with-gnu-as --with-gnu-ld '\''--prefix=/home/luyaohan1001/Projects/hack_linux_v5.15/buildroot-2022.02.8/output/host'\'' '\''--sysconfdir=/home/luyaohan1001/Projects/hack_linux_v5.15/buildroot-2022.02.8/output/host/etc'\'' '\''--localstatedir=/home/luyaohan1001/Projects/hack_linux_v5.15/buildroot-2022.02.8/output/host/var'\'' '\''--enable-shared'\'' '\''--disable-static'\'' '\''--disable-gtk-doc'\'' '\''--disable-gtk-doc-html'\'' '\''--disable-doc'\'' '\''--disable-docs'\'' '\''--disable-documentation'\'' '\''--disable-debug'\'' '\''--with-xmlto=no'\'' '\''--with-fop=no'\'' '\''--disable-nls'\'' '\''--disable-dependency-tracking'\'' '\''--disable-multilib'\'' '\''--disable-werror'\'' '\''--disable-shared'\'' '\''--enable-static'\'' '\''--with-sysroot=/home/luyaohan1001/Projects/hack_linux_v5.15/buildroot-2022.02.8/output/host/x86_64-buildroot-linux-gnu/sysroot'\'' '\''--enable-poison-system-directories'\'' '\''--without-debuginfod'\'' '\''--disable-sim'\'' '\''--disable-gdb'\'' --program-transform-name='\''s&^&x86_64-buildroot-linux-gnu-&'\'' --disable-option-checking'
host_cpu='x86_64'
host_noncanonical='x86_64-pc-linux-gnu'
host_os='linux-gnu'
host_shared='no'
host_subdir='.'
host_vendor='pc'
htmldir='${docdir}'
includedir='${prefix}/include'
infodir='${datarootdir}/info'
islinc=''
isllibs=''
libdir='${exec_prefix}/lib'
libexecdir='${exec_prefix}/libexec'
localedir='${datarootdir}/locale'
localstatedir='/home/luyaohan1001/Projects/hack_linux_v5.15/buildroot-2022.02.8/output/host/var'
mandir='${datarootdir}/man'
oldincludedir='/usr/include'
pdfdir='${docdir}'
poststage1_ldflags='-static-libstdc++ -static-libgcc'
poststage1_libs=''
prefix='/home/luyaohan1001/Projects/hack_linux_v5.15/buildroot-2022.02.8/output/host'
program_transform_name='s&^&x86_64-buildroot-linux-gnu-&'
psdir='${docdir}'
sbindir='${exec_prefix}/sbin'
sharedstatedir='${prefix}/com'
stage1_cflags='-g'
stage1_checking='--enable-checking=yes,types'
stage1_languages=',c,'
stage1_ldflags=''
stage1_libs=''
stage2_werror_flag=''
sysconfdir='/home/luyaohan1001/Projects/hack_linux_v5.15/buildroot-2022.02.8/output/host/etc'
target='x86_64-buildroot-linux-gnu'
target_alias='x86_64-buildroot-linux-gnu'
target_configargs='--cache-file=./config.cache --with-cross-host=x86_64-pc-linux-gnu   '\''--prefix=/home/luyaohan1001/Projects/hack_linux_v5.15/buildroot-2022.02.8/output/host'\'' '\''--sysconfdir=/home/luyaohan1001/Projects/hack_linux_v5.15/buildroot-2022.02.8/output/host/etc'\'' '\''--localstatedir=/home/luyaohan1001/Projects/hack_linux_v5.15/buildroot-2022.02.8/output/host/var'\'' '\''--enable-shared'\'' '\''--disable-static'\'' '\''--disable-gtk-doc'\'' '\''--disable-gtk-doc-html'\'' '\''--disable-doc'\'' '\''--disable-docs'\'' '\''--disable-documentation'\'' '\''--disable-debug'\'' '\''--with-xmlto=no'\'' '\''--with-fop=no'\'' '\''--disable-nls'\'' '\''--disable-dependency-tracking'\'' '\''--disable-multilib'\'' '\''--disable-werror'\'' '\''--disable-shared'\'' '\''--enable-static'\'' '\''--with-sysroot=/home/luyaohan1001/Projects/hack_linux_v5.15/buildroot-2022.02.8/output/host/x86_64-buildroot-linux-gnu/sysroot'\'' '\''--enable-poison-system-directories'\'' '\''--without-debuginfod'\'' '\''--disable-sim'\'' '\''--disable-gdb'\'' --program-transform-name='\''s&^&x86_64-buildroot-linux-gnu-&'\'' --disable-option-checking'
target_configdirs=''
target_cpu='x86_64'
target_noncanonical='x86_64-buildroot-linux-gnu'
target_os='linux-gnu'
target_subdir='x86_64-buildroot-linux-gnu'
target_vendor='buildroot'
tooldir='${exec_prefix}/x86_64-buildroot-linux-gnu'

## ------------------- ##
## File substitutions. ##
## ------------------- ##

alphaieee_frag='/dev/null'
host_makefile_frag='/dev/null'
ospace_frag='/dev/null'
serialization_dependencies='serdep.tmp'
target_makefile_frag='./config/mt-gnu'

## ----------- ##
## confdefs.h. ##
## ----------- ##

/* confdefs.h */
#define PACKAGE_NAME ""
#define PACKAGE_TARNAME ""
#define PACKAGE_VERSION ""
#define PACKAGE_STRING ""
#define PACKAGE_BUGREPORT ""
#define PACKAGE_URL ""
#define LT_OBJDIR ".libs/"

configure: exit 0
