This file contains any messages produced by compilers while
running configure, to aid debugging if configure makes a mistake.

It was created by zlib configure 1.1.4, which was
generated by GNU Autoconf 2.69.  Invocation command line was

  $ /home/luyaohan1001/Projects/hack_linux_v5.15/buildroot-2022.02.8/output/build/host-binutils-2.36.1/zlib/configure --srcdir=.././zlib --cache-file=./config.cache --with-gnu-as --with-gnu-ld --prefix=/home/luyaohan1001/Projects/hack_linux_v5.15/buildroot-2022.02.8/output/host --sysconfdir=/home/luyaohan1001/Projects/hack_linux_v5.15/buildroot-2022.02.8/output/host/etc --localstatedir=/home/luyaohan1001/Projects/hack_linux_v5.15/buildroot-2022.02.8/output/host/var --enable-shared --disable-static --disable-gtk-doc --disable-gtk-doc-html --disable-doc --disable-docs --disable-documentation --disable-debug --with-xmlto=no --with-fop=no --disable-nls --disable-dependency-tracking --disable-multilib --disable-werror --disable-shared --enable-static --with-sysroot=/home/luyaohan1001/Projects/hack_linux_v5.15/buildroot-2022.02.8/output/host/x86_64-buildroot-linux-gnu/sysroot --enable-poison-system-directories --without-debuginfod --disable-sim --disable-gdb --program-transform-name=s&^&x86_64-buildroot-linux-gnu-& --disable-option-checking --build=x86_64-pc-linux-gnu --host=x86_64-pc-linux-gnu --target=x86_64-buildroot-linux-gnu

## --------- ##
## Platform. ##
## --------- ##

hostname = lyc
uname -m = x86_64
uname -r = 5.15.0-57-generic
uname -s = Linux
uname -v = #63-Ubuntu SMP Thu Nov 24 13:43:17 UTC 2022

/usr/bin/uname -p = x86_64
/bin/uname -X     = unknown

/bin/arch              = x86_64
/usr/bin/arch -k       = unknown
/usr/convex/getsysinfo = unknown
/usr/bin/hostinfo      = unknown
/bin/machine           = unknown
/usr/bin/oslevel       = unknown
/bin/universe          = unknown

PATH: /home/luyaohan1001/Projects/hack_linux_v5.15/buildroot-2022.02.8/output/host/bin
PATH: /home/luyaohan1001/Projects/hack_linux_v5.15/buildroot-2022.02.8/output/host/sbin
PATH: /home/luyaohan1001/bin
PATH: /home/luyaohan1001/.local/bin
PATH: /home/luyaohan1001/bin
PATH: /usr/local/sbin
PATH: /usr/local/bin
PATH: /usr/sbin
PATH: /usr/bin
PATH: /sbin
PATH: /bin
PATH: /usr/games
PATH: /usr/local/games
PATH: /snap/bin
PATH: /snap/bin


## ----------- ##
## Core tests. ##
## ----------- ##

configure:2151: creating cache ./config.cache
configure:2305: checking build system type
configure:2319: result: x86_64-pc-linux-gnu
configure:2339: checking host system type
configure:2352: result: x86_64-pc-linux-gnu
configure:2372: checking target system type
configure:2385: result: x86_64-buildroot-linux-gnu
configure:2433: checking for a BSD-compatible install
configure:2501: result: /usr/bin/install -c
configure:2512: checking whether build environment is sane
configure:2567: result: yes
configure:2718: checking for a thread-safe mkdir -p
configure:2757: result: /usr/bin/mkdir -p
configure:2764: checking for gawk
configure:2791: result: gawk
configure:2802: checking whether /usr/bin/make sets $(MAKE)
configure:2824: result: yes
configure:2853: checking whether /usr/bin/make supports nested variables
configure:2870: result: yes
configure:2998: checking whether to enable maintainer-specific portions of Makefiles
configure:3007: result: no
configure:3078: checking for x86_64-pc-linux-gnu-gcc
configure:3105: result: /usr/bin/gcc
configure:3374: checking for C compiler version
configure:3383: /usr/bin/gcc --version >&5
gcc (Ubuntu 11.3.0-1ubuntu1~22.04) 11.3.0
Copyright (C) 2021 Free Software Foundation, Inc.
This is free software; see the source for copying conditions.  There is NO
warranty; not even for MERCHANTABILITY or FITNESS FOR A PARTICULAR PURPOSE.

configure:3394: $? = 0
configure:3383: /usr/bin/gcc -v >&5
Using built-in specs.
COLLECT_GCC=/usr/bin/gcc
COLLECT_LTO_WRAPPER=/usr/lib/gcc/x86_64-linux-gnu/11/lto-wrapper
OFFLOAD_TARGET_NAMES=nvptx-none:amdgcn-amdhsa
OFFLOAD_TARGET_DEFAULT=1
Target: x86_64-linux-gnu
Configured with: ../src/configure -v --with-pkgversion='Ubuntu 11.3.0-1ubuntu1~22.04' --with-bugurl=file:///usr/share/doc/gcc-11/README.Bugs --enable-languages=c,ada,c++,go,brig,d,fortran,objc,obj-c++,m2 --prefix=/usr --with-gcc-major-version-only --program-suffix=-11 --program-prefix=x86_64-linux-gnu- --enable-shared --enable-linker-build-id --libexecdir=/usr/lib --without-included-gettext --enable-threads=posix --libdir=/usr/lib --enable-nls --enable-bootstrap --enable-clocale=gnu --enable-libstdcxx-debug --enable-libstdcxx-time=yes --with-default-libstdcxx-abi=new --enable-gnu-unique-object --disable-vtable-verify --enable-plugin --enable-default-pie --with-system-zlib --enable-libphobos-checking=release --with-target-system-zlib=auto --enable-objc-gc=auto --enable-multiarch --disable-werror --enable-cet --with-arch-32=i686 --with-abi=m64 --with-multilib-list=m32,m64,mx32 --enable-multilib --with-tune=generic --enable-offload-targets=nvptx-none=/build/gcc-11-xKiWfi/gcc-11-11.3.0/debian/tmp-nvptx/usr,amdgcn-amdhsa=/build/gcc-11-xKiWfi/gcc-11-11.3.0/debian/tmp-gcn/usr --without-cuda-driver --enable-checking=release --build=x86_64-linux-gnu --host=x86_64-linux-gnu --target=x86_64-linux-gnu --with-build-config=bootstrap-lto-lean --enable-link-serialization=2
Thread model: posix
Supported LTO compression algorithms: zlib zstd
gcc version 11.3.0 (Ubuntu 11.3.0-1ubuntu1~22.04) 
... rest of stderr output deleted ...
configure:3394: $? = 0
configure:3383: /usr/bin/gcc -V >&5
gcc: error: unrecognized command-line option '-V'
gcc: fatal error: no input files
compilation terminated.
configure:3394: $? = 1
configure:3383: /usr/bin/gcc -qversion >&5
gcc: error: unrecognized command-line option '-qversion'; did you mean '--version'?
gcc: fatal error: no input files
compilation terminated.
configure:3394: $? = 1
configure:3410: /usr/bin/gcc -o conftest -O2 -I/home/luyaohan1001/Projects/hack_linux_v5.15/buildroot-2022.02.8/output/host/include   -L/home/luyaohan1001/Projects/hack_linux_v5.15/buildroot-2022.02.8/output/host/lib -Wl,-rpath,/home/luyaohan1001/Projects/hack_linux_v5.15/buildroot-2022.02.8/output/host/lib conftest.c  >&5
configure:3413: $? = 0
configure:3442: checking whether the C compiler works
configure:3464: /usr/bin/gcc -O2 -I/home/luyaohan1001/Projects/hack_linux_v5.15/buildroot-2022.02.8/output/host/include   -L/home/luyaohan1001/Projects/hack_linux_v5.15/buildroot-2022.02.8/output/host/lib -Wl,-rpath,/home/luyaohan1001/Projects/hack_linux_v5.15/buildroot-2022.02.8/output/host/lib conftest.c  >&5
configure:3468: $? = 0
configure:3516: result: yes
configure:3519: checking for C compiler default output file name
configure:3521: result: a.out
configure:3527: checking for suffix of executables
configure:3534: /usr/bin/gcc -o conftest -O2 -I/home/luyaohan1001/Projects/hack_linux_v5.15/buildroot-2022.02.8/output/host/include   -L/home/luyaohan1001/Projects/hack_linux_v5.15/buildroot-2022.02.8/output/host/lib -Wl,-rpath,/home/luyaohan1001/Projects/hack_linux_v5.15/buildroot-2022.02.8/output/host/lib conftest.c  >&5
configure:3538: $? = 0
configure:3560: result: 
configure:3582: checking whether we are cross compiling
configure:3590: /usr/bin/gcc -o conftest -O2 -I/home/luyaohan1001/Projects/hack_linux_v5.15/buildroot-2022.02.8/output/host/include   -L/home/luyaohan1001/Projects/hack_linux_v5.15/buildroot-2022.02.8/output/host/lib -Wl,-rpath,/home/luyaohan1001/Projects/hack_linux_v5.15/buildroot-2022.02.8/output/host/lib conftest.c  >&5
configure:3594: $? = 0
configure:3601: ./conftest
configure:3605: $? = 0
configure:3620: result: no
configure:3626: checking for suffix of object files
configure:3648: /usr/bin/gcc -c -O2 -I/home/luyaohan1001/Projects/hack_linux_v5.15/buildroot-2022.02.8/output/host/include  conftest.c >&5
configure:3652: $? = 0
configure:3673: result: o
configure:3677: checking whether we are using the GNU C compiler
configure:3696: /usr/bin/gcc -c -O2 -I/home/luyaohan1001/Projects/hack_linux_v5.15/buildroot-2022.02.8/output/host/include  conftest.c >&5
configure:3696: $? = 0
configure:3705: result: yes
configure:3714: checking whether /usr/bin/gcc accepts -g
configure:3734: /usr/bin/gcc -c -g  conftest.c >&5
configure:3734: $? = 0
configure:3775: result: yes
configure:3792: checking for /usr/bin/gcc option to accept ISO C89
configure:3855: /usr/bin/gcc  -c -O2 -I/home/luyaohan1001/Projects/hack_linux_v5.15/buildroot-2022.02.8/output/host/include  conftest.c >&5
configure:3855: $? = 0
configure:3868: result: none needed
configure:3893: checking whether /usr/bin/gcc understands -c and -o together
configure:3915: /usr/bin/gcc -c conftest.c -o conftest2.o
configure:3918: $? = 0
configure:3915: /usr/bin/gcc -c conftest.c -o conftest2.o
configure:3918: $? = 0
configure:3930: result: yes
configure:3958: checking for style of include used by /usr/bin/make
configure:3986: result: GNU
configure:4012: checking dependency style of /usr/bin/gcc
configure:4123: result: none
configure:4188: checking how to print strings
configure:4215: result: printf
configure:4236: checking for a sed that does not truncate output
configure:4300: result: /usr/bin/sed
configure:4318: checking for grep that handles long lines and -e
configure:4376: result: /usr/bin/grep
configure:4381: checking for egrep
configure:4443: result: /usr/bin/grep -E
configure:4448: checking for fgrep
configure:4510: result: /usr/bin/grep -F
configure:4545: checking for ld used by /usr/bin/gcc
configure:4612: result: /usr/bin/ld
configure:4619: checking if the linker (/usr/bin/ld) is GNU ld
configure:4634: result: yes
configure:4646: checking for BSD- or MS-compatible name lister (nm)
configure:4695: result: /usr/bin/nm
configure:4825: checking the name lister (/usr/bin/nm) interface
configure:4832: /usr/bin/gcc -c -O2 -I/home/luyaohan1001/Projects/hack_linux_v5.15/buildroot-2022.02.8/output/host/include  conftest.c >&5
configure:4835: /usr/bin/nm "conftest.o"
configure:4838: output
0000000000000000 B some_variable
configure:4845: result: BSD nm
configure:4848: checking whether ln -s works
configure:4852: result: yes
configure:4860: checking the maximum length of command line arguments
configure:4985: result: 1572864
configure:5002: checking whether the shell understands some XSI constructs
configure:5012: result: yes
configure:5016: checking whether the shell understands "+="
configure:5022: result: yes
configure:5057: checking for /usr/bin/ld option to reload object files
configure:5064: result: -r
configure:5093: checking for x86_64-pc-linux-gnu-objdump
configure:5120: result: objdump
configure:5192: checking how to recognize dependent libraries
configure:5393: result: pass_all
configure:5413: checking for x86_64-pc-linux-gnu-ar
configure:5440: result: /usr/bin/ar
configure:5518: checking for x86_64-pc-linux-gnu-strip
configure:5548: result: no
configure:5558: checking for strip
configure:5574: found /usr/bin/strip
configure:5585: result: strip
configure:5617: checking for x86_64-pc-linux-gnu-ranlib
configure:5644: result: /usr/bin/ranlib
configure:5786: checking command to parse /usr/bin/nm output from /usr/bin/gcc object
configure:5904: /usr/bin/gcc -c -O2 -I/home/luyaohan1001/Projects/hack_linux_v5.15/buildroot-2022.02.8/output/host/include  conftest.c >&5
configure:5907: $? = 0
configure:5911: /usr/bin/nm conftest.o \| sed -n -e 's/^.*[ ]\([ABCDGIRSTW][ABCDGIRSTW]*\)[ ][ ]*\([_A-Za-z][_A-Za-z0-9]*\)$/\1 \2 \2/p' \> conftest.nm
configure:5914: $? = 0
configure:5968: /usr/bin/gcc -o conftest -O2 -I/home/luyaohan1001/Projects/hack_linux_v5.15/buildroot-2022.02.8/output/host/include   -L/home/luyaohan1001/Projects/hack_linux_v5.15/buildroot-2022.02.8/output/host/lib -Wl,-rpath,/home/luyaohan1001/Projects/hack_linux_v5.15/buildroot-2022.02.8/output/host/lib conftest.c conftstm.o >&5
configure:5971: $? = 0
configure:6009: result: ok
configure:6105: /usr/bin/gcc -c -O2 -I/home/luyaohan1001/Projects/hack_linux_v5.15/buildroot-2022.02.8/output/host/include  conftest.c >&5
configure:6108: $? = 0
configure:6867: checking how to run the C preprocessor
configure:6898: /usr/bin/gcc -E  conftest.c
configure:6898: $? = 0
configure:6912: /usr/bin/gcc -E  conftest.c
conftest.c:11:10: fatal error: ac_nonexistent.h: No such file or directory
   11 | #include <ac_nonexistent.h>
      |          ^~~~~~~~~~~~~~~~~~
compilation terminated.
configure:6912: $? = 1
configure: failed program was:
| /* confdefs.h */
| #define PACKAGE_NAME "zlib"
| #define PACKAGE_TARNAME "zlib"
| #define PACKAGE_VERSION "1.1.4"
| #define PACKAGE_STRING "zlib 1.1.4"
| #define PACKAGE_BUGREPORT ""
| #define PACKAGE_URL ""
| #define PACKAGE "zlib"
| #define VERSION "1.1.4"
| /* end confdefs.h.  */
| #include <ac_nonexistent.h>
configure:6937: result: /usr/bin/gcc -E
configure:6957: /usr/bin/gcc -E  conftest.c
configure:6957: $? = 0
configure:6971: /usr/bin/gcc -E  conftest.c
conftest.c:11:10: fatal error: ac_nonexistent.h: No such file or directory
   11 | #include <ac_nonexistent.h>
      |          ^~~~~~~~~~~~~~~~~~
compilation terminated.
configure:6971: $? = 1
configure: failed program was:
| /* confdefs.h */
| #define PACKAGE_NAME "zlib"
| #define PACKAGE_TARNAME "zlib"
| #define PACKAGE_VERSION "1.1.4"
| #define PACKAGE_STRING "zlib 1.1.4"
| #define PACKAGE_BUGREPORT ""
| #define PACKAGE_URL ""
| #define PACKAGE "zlib"
| #define VERSION "1.1.4"
| /* end confdefs.h.  */
| #include <ac_nonexistent.h>
configure:7000: checking for ANSI C header files
configure:7020: /usr/bin/gcc -c -O2 -I/home/luyaohan1001/Projects/hack_linux_v5.15/buildroot-2022.02.8/output/host/include  conftest.c >&5
configure:7020: $? = 0
configure:7093: /usr/bin/gcc -o conftest -O2 -I/home/luyaohan1001/Projects/hack_linux_v5.15/buildroot-2022.02.8/output/host/include   -L/home/luyaohan1001/Projects/hack_linux_v5.15/buildroot-2022.02.8/output/host/lib -Wl,-rpath,/home/luyaohan1001/Projects/hack_linux_v5.15/buildroot-2022.02.8/output/host/lib conftest.c  >&5
configure:7093: $? = 0
configure:7093: ./conftest
configure:7093: $? = 0
configure:7104: result: yes
configure:7117: checking for sys/types.h
configure:7117: /usr/bin/gcc -c -O2 -I/home/luyaohan1001/Projects/hack_linux_v5.15/buildroot-2022.02.8/output/host/include  conftest.c >&5
configure:7117: $? = 0
configure:7117: result: yes
configure:7117: checking for sys/stat.h
configure:7117: /usr/bin/gcc -c -O2 -I/home/luyaohan1001/Projects/hack_linux_v5.15/buildroot-2022.02.8/output/host/include  conftest.c >&5
configure:7117: $? = 0
configure:7117: result: yes
configure:7117: checking for stdlib.h
configure:7117: /usr/bin/gcc -c -O2 -I/home/luyaohan1001/Projects/hack_linux_v5.15/buildroot-2022.02.8/output/host/include  conftest.c >&5
configure:7117: $? = 0
configure:7117: result: yes
configure:7117: checking for string.h
configure:7117: /usr/bin/gcc -c -O2 -I/home/luyaohan1001/Projects/hack_linux_v5.15/buildroot-2022.02.8/output/host/include  conftest.c >&5
configure:7117: $? = 0
configure:7117: result: yes
configure:7117: checking for memory.h
configure:7117: /usr/bin/gcc -c -O2 -I/home/luyaohan1001/Projects/hack_linux_v5.15/buildroot-2022.02.8/output/host/include  conftest.c >&5
configure:7117: $? = 0
configure:7117: result: yes
configure:7117: checking for strings.h
configure:7117: /usr/bin/gcc -c -O2 -I/home/luyaohan1001/Projects/hack_linux_v5.15/buildroot-2022.02.8/output/host/include  conftest.c >&5
configure:7117: $? = 0
configure:7117: result: yes
configure:7117: checking for inttypes.h
configure:7117: /usr/bin/gcc -c -O2 -I/home/luyaohan1001/Projects/hack_linux_v5.15/buildroot-2022.02.8/output/host/include  conftest.c >&5
configure:7117: $? = 0
configure:7117: result: yes
configure:7117: checking for stdint.h
configure:7117: /usr/bin/gcc -c -O2 -I/home/luyaohan1001/Projects/hack_linux_v5.15/buildroot-2022.02.8/output/host/include  conftest.c >&5
configure:7117: $? = 0
configure:7117: result: yes
configure:7117: checking for unistd.h
configure:7117: /usr/bin/gcc -c -O2 -I/home/luyaohan1001/Projects/hack_linux_v5.15/buildroot-2022.02.8/output/host/include  conftest.c >&5
configure:7117: $? = 0
configure:7117: result: yes
configure:7131: checking for dlfcn.h
configure:7131: /usr/bin/gcc -c -O2 -I/home/luyaohan1001/Projects/hack_linux_v5.15/buildroot-2022.02.8/output/host/include  conftest.c >&5
configure:7131: $? = 0
configure:7131: result: yes
configure:7318: checking for objdir
configure:7333: result: .libs
configure:7604: checking if /usr/bin/gcc supports -fno-rtti -fno-exceptions
configure:7622: /usr/bin/gcc -c -O2 -I/home/luyaohan1001/Projects/hack_linux_v5.15/buildroot-2022.02.8/output/host/include  -fno-rtti -fno-exceptions conftest.c >&5
cc1: warning: command-line option '-fno-rtti' is valid for C++/D/ObjC++ but not for C
configure:7626: $? = 0
configure:7639: result: no
configure:7659: checking for /usr/bin/gcc option to produce PIC
configure:7945: result: -fPIC -DPIC
configure:7957: checking if /usr/bin/gcc PIC flag -fPIC -DPIC works
configure:7975: /usr/bin/gcc -c -O2 -I/home/luyaohan1001/Projects/hack_linux_v5.15/buildroot-2022.02.8/output/host/include  -fPIC -DPIC -DPIC conftest.c >&5
configure:7979: $? = 0
configure:7992: result: yes
configure:8016: checking if /usr/bin/gcc static flag -static works
configure:8044: result: yes
configure:8059: checking if /usr/bin/gcc supports -c -o file.o
configure:8080: /usr/bin/gcc -c -O2 -I/home/luyaohan1001/Projects/hack_linux_v5.15/buildroot-2022.02.8/output/host/include  -o out/conftest2.o conftest.c >&5
configure:8084: $? = 0
configure:8106: result: yes
configure:8114: checking if /usr/bin/gcc supports -c -o file.o
configure:8161: result: yes
configure:8194: checking whether the /usr/bin/gcc linker (/usr/bin/ld -m elf_x86_64) supports shared libraries
configure:9274: result: yes
configure:9519: checking dynamic linker characteristics
configure:9963: /usr/bin/gcc -o conftest -O2 -I/home/luyaohan1001/Projects/hack_linux_v5.15/buildroot-2022.02.8/output/host/include   -L/home/luyaohan1001/Projects/hack_linux_v5.15/buildroot-2022.02.8/output/host/lib -Wl,-rpath,/home/luyaohan1001/Projects/hack_linux_v5.15/buildroot-2022.02.8/output/host/lib -Wl,-rpath -Wl,/foo conftest.c  >&5
configure:9963: $? = 0
configure:10185: result: GNU/Linux ld.so
configure:10292: checking how to hardcode library paths into programs
configure:10317: result: immediate
configure:10872: checking whether stripping libraries is possible
configure:10877: result: yes
configure:10912: checking if libtool supports shared libraries
configure:10914: result: yes
configure:10917: checking whether to build shared libraries
configure:10938: result: no
configure:10941: checking whether to build static libraries
configure:10945: result: yes
configure:10988: checking how to run the C preprocessor
configure:11058: result: /usr/bin/gcc -E
configure:11078: /usr/bin/gcc -E  conftest.c
configure:11078: $? = 0
configure:11092: /usr/bin/gcc -E  conftest.c
conftest.c:23:10: fatal error: ac_nonexistent.h: No such file or directory
   23 | #include <ac_nonexistent.h>
      |          ^~~~~~~~~~~~~~~~~~
compilation terminated.
configure:11092: $? = 1
configure: failed program was:
| /* confdefs.h */
| #define PACKAGE_NAME "zlib"
| #define PACKAGE_TARNAME "zlib"
| #define PACKAGE_VERSION "1.1.4"
| #define PACKAGE_STRING "zlib 1.1.4"
| #define PACKAGE_BUGREPORT ""
| #define PACKAGE_URL ""
| #define PACKAGE "zlib"
| #define VERSION "1.1.4"
| #define STDC_HEADERS 1
| #define HAVE_SYS_TYPES_H 1
| #define HAVE_SYS_STAT_H 1
| #define HAVE_STDLIB_H 1
| #define HAVE_STRING_H 1
| #define HAVE_MEMORY_H 1
| #define HAVE_STRINGS_H 1
| #define HAVE_INTTYPES_H 1
| #define HAVE_STDINT_H 1
| #define HAVE_UNISTD_H 1
| #define HAVE_DLFCN_H 1
| #define LT_OBJDIR ".libs/"
| /* end confdefs.h.  */
| #include <ac_nonexistent.h>
configure:11148: checking for stdlib.h
configure:11148: result: yes
configure:11148: checking for unistd.h
configure:11148: result: yes
configure:11148: checking for sys/param.h
configure:11148: /usr/bin/gcc -c -O2 -I/home/luyaohan1001/Projects/hack_linux_v5.15/buildroot-2022.02.8/output/host/include  conftest.c >&5
configure:11148: $? = 0
configure:11148: result: yes
configure:11168: checking for getpagesize
configure:11168: /usr/bin/gcc -o conftest -O2 -I/home/luyaohan1001/Projects/hack_linux_v5.15/buildroot-2022.02.8/output/host/include   -L/home/luyaohan1001/Projects/hack_linux_v5.15/buildroot-2022.02.8/output/host/lib -Wl,-rpath,/home/luyaohan1001/Projects/hack_linux_v5.15/buildroot-2022.02.8/output/host/lib conftest.c  >&5
configure:11168: $? = 0
configure:11168: result: yes
configure:11177: checking for working mmap
configure:11324: /usr/bin/gcc -o conftest -O2 -I/home/luyaohan1001/Projects/hack_linux_v5.15/buildroot-2022.02.8/output/host/include   -L/home/luyaohan1001/Projects/hack_linux_v5.15/buildroot-2022.02.8/output/host/lib -Wl,-rpath,/home/luyaohan1001/Projects/hack_linux_v5.15/buildroot-2022.02.8/output/host/lib conftest.c  >&5
configure:11324: $? = 0
configure:11324: ./conftest
configure:11324: $? = 0
configure:11334: result: yes
configure:11347: checking for memcpy
configure:11347: /usr/bin/gcc -o conftest -O2 -I/home/luyaohan1001/Projects/hack_linux_v5.15/buildroot-2022.02.8/output/host/include   -L/home/luyaohan1001/Projects/hack_linux_v5.15/buildroot-2022.02.8/output/host/lib -Wl,-rpath,/home/luyaohan1001/Projects/hack_linux_v5.15/buildroot-2022.02.8/output/host/lib conftest.c  >&5
conftest.c:51:6: warning: conflicting types for built-in function 'memcpy'; expected 'void *(void *, const void *, long unsigned int)' [-Wbuiltin-declaration-mismatch]
   51 | char memcpy ();
      |      ^~~~~~
conftest.c:39:1: note: 'memcpy' is declared in header '<string.h>'
   38 | # include <limits.h>
   39 | #else
configure:11347: $? = 0
configure:11347: result: yes
configure:11347: checking for strerror
configure:11347: /usr/bin/gcc -o conftest -O2 -I/home/luyaohan1001/Projects/hack_linux_v5.15/buildroot-2022.02.8/output/host/include   -L/home/luyaohan1001/Projects/hack_linux_v5.15/buildroot-2022.02.8/output/host/lib -Wl,-rpath,/home/luyaohan1001/Projects/hack_linux_v5.15/buildroot-2022.02.8/output/host/lib conftest.c  >&5
configure:11347: $? = 0
configure:11347: result: yes
configure:11412: checking for unistd.h
configure:11412: result: yes
configure:11526: updating cache ./config.cache
configure:11606: checking that generated files are newer than configure
configure:11612: result: done
configure:11643: creating ./config.status

## ---------------------- ##
## Running config.status. ##
## ---------------------- ##

This file was extended by zlib config.status 1.1.4, which was
generated by GNU Autoconf 2.69.  Invocation command line was

  CONFIG_FILES    = 
  CONFIG_HEADERS  = 
  CONFIG_LINKS    = 
  CONFIG_COMMANDS = 
  $ ./config.status 

on lyc

config.status:1022: creating Makefile
config.status:1194: executing depfiles commands
config.status:1194: executing libtool commands

## ---------------- ##
## Cache variables. ##
## ---------------- ##

ac_cv_build=x86_64-pc-linux-gnu
ac_cv_c_compiler_gnu=yes
ac_cv_env_CPPFLAGS_set=
ac_cv_env_CPPFLAGS_value=
ac_cv_env_CPP_set=
ac_cv_env_CPP_value=
ac_cv_env_build_alias_set=set
ac_cv_env_build_alias_value=x86_64-pc-linux-gnu
ac_cv_env_host_alias_set=set
ac_cv_env_host_alias_value=x86_64-pc-linux-gnu
ac_cv_env_target_alias_set=set
ac_cv_env_target_alias_value=x86_64-buildroot-linux-gnu
ac_cv_func_getpagesize=yes
ac_cv_func_memcpy=yes
ac_cv_func_mmap_fixed_mapped=yes
ac_cv_func_strerror=yes
ac_cv_header_dlfcn_h=yes
ac_cv_header_inttypes_h=yes
ac_cv_header_memory_h=yes
ac_cv_header_stdc=yes
ac_cv_header_stdint_h=yes
ac_cv_header_stdlib_h=yes
ac_cv_header_string_h=yes
ac_cv_header_strings_h=yes
ac_cv_header_sys_param_h=yes
ac_cv_header_sys_stat_h=yes
ac_cv_header_sys_types_h=yes
ac_cv_header_unistd_h=yes
ac_cv_host=x86_64-pc-linux-gnu
ac_cv_objext=o
ac_cv_path_EGREP='/usr/bin/grep -E'
ac_cv_path_FGREP='/usr/bin/grep -F'
ac_cv_path_GREP=/usr/bin/grep
ac_cv_path_SED=/usr/bin/sed
ac_cv_path_mkdir=/usr/bin/mkdir
ac_cv_prog_AR=/usr/bin/ar
ac_cv_prog_AWK=gawk
ac_cv_prog_CC=/usr/bin/gcc
ac_cv_prog_CPP='/usr/bin/gcc -E'
ac_cv_prog_OBJDUMP=objdump
ac_cv_prog_RANLIB=/usr/bin/ranlib
ac_cv_prog_ac_ct_STRIP=strip
ac_cv_prog_cc_c89=
ac_cv_prog_cc_g=yes
ac_cv_prog_make__usr_bin_make_set=yes
ac_cv_target=x86_64-buildroot-linux-gnu
am_cv_CC_dependencies_compiler_type=none
am_cv_make_support_nested_variables=yes
am_cv_prog_cc_c_o=yes
lt_cv_deplibs_check_method=pass_all
lt_cv_file_magic_cmd='$MAGIC_CMD'
lt_cv_file_magic_test_file=
lt_cv_ld_reload_flag=-r
lt_cv_nm_interface='BSD nm'
lt_cv_objdir=.libs
lt_cv_path_LD=/usr/bin/ld
lt_cv_path_NM=/usr/bin/nm
lt_cv_prog_compiler_c_o=yes
lt_cv_prog_compiler_pic_works=yes
lt_cv_prog_compiler_rtti_exceptions=no
lt_cv_prog_compiler_static_works=yes
lt_cv_prog_gnu_ld=yes
lt_cv_shlibpath_overrides_runpath=yes
lt_cv_sys_global_symbol_pipe='sed -n -e '\''s/^.*[	 ]\([ABCDGIRSTW][ABCDGIRSTW]*\)[	 ][	 ]*\([_A-Za-z][_A-Za-z0-9]*\)$/\1 \2 \2/p'\'''
lt_cv_sys_global_symbol_to_c_name_address='sed -n -e '\''s/^: \([^ ]*\) $/  {\"\1\", (void *) 0},/p'\'' -e '\''s/^[ABCDGIRSTW]* \([^ ]*\) \([^ ]*\)$/  {"\2", (void *) \&\2},/p'\'''
lt_cv_sys_global_symbol_to_c_name_address_lib_prefix='sed -n -e '\''s/^: \([^ ]*\) $/  {\"\1\", (void *) 0},/p'\'' -e '\''s/^[ABCDGIRSTW]* \([^ ]*\) \(lib[^ ]*\)$/  {"\2", (void *) \&\2},/p'\'' -e '\''s/^[ABCDGIRSTW]* \([^ ]*\) \([^ ]*\)$/  {"lib\2", (void *) \&\2},/p'\'''
lt_cv_sys_global_symbol_to_cdecl='sed -n -e '\''s/^T .* \(.*\)$/extern int \1();/p'\'' -e '\''s/^[ABCDGIRSTW]* .* \(.*\)$/extern char \1;/p'\'''
lt_cv_sys_max_cmd_len=1572864

## ----------------- ##
## Output variables. ##
## ----------------- ##

ACLOCAL='${SHELL} /home/luyaohan1001/Projects/hack_linux_v5.15/buildroot-2022.02.8/output/build/host-binutils-2.36.1/missing aclocal-1.15'
AMDEPBACKSLASH=''
AMDEP_FALSE=''
AMDEP_TRUE='#'
AMTAR='$${TAR-tar}'
AM_BACKSLASH='\'
AM_DEFAULT_V='$(AM_DEFAULT_VERBOSITY)'
AM_DEFAULT_VERBOSITY='1'
AM_V='$(V)'
AR='/usr/bin/ar'
AUTOCONF='${SHELL} /home/luyaohan1001/Projects/hack_linux_v5.15/buildroot-2022.02.8/output/build/host-binutils-2.36.1/missing autoconf'
AUTOHEADER='${SHELL} /home/luyaohan1001/Projects/hack_linux_v5.15/buildroot-2022.02.8/output/build/host-binutils-2.36.1/missing autoheader'
AUTOMAKE='${SHELL} /home/luyaohan1001/Projects/hack_linux_v5.15/buildroot-2022.02.8/output/build/host-binutils-2.36.1/missing automake-1.15'
AWK='gawk'
CC='/usr/bin/gcc'
CCDEPMODE='depmode=none'
CFLAGS='-O2 -I/home/luyaohan1001/Projects/hack_linux_v5.15/buildroot-2022.02.8/output/host/include'
COMPPATH='.'
CPP='/usr/bin/gcc -E'
CPPFLAGS=''
CYGPATH_W='echo'
DEFS='-DPACKAGE_NAME=\"zlib\" -DPACKAGE_TARNAME=\"zlib\" -DPACKAGE_VERSION=\"1.1.4\" -DPACKAGE_STRING=\"zlib\ 1.1.4\" -DPACKAGE_BUGREPORT=\"\" -DPACKAGE_URL=\"\" -DPACKAGE=\"zlib\" -DVERSION=\"1.1.4\" -DSTDC_HEADERS=1 -DHAVE_SYS_TYPES_H=1 -DHAVE_SYS_STAT_H=1 -DHAVE_STDLIB_H=1 -DHAVE_STRING_H=1 -DHAVE_MEMORY_H=1 -DHAVE_STRINGS_H=1 -DHAVE_INTTYPES_H=1 -DHAVE_STDINT_H=1 -DHAVE_UNISTD_H=1 -DHAVE_DLFCN_H=1 -DLT_OBJDIR=\".libs/\" -DHAVE_STDLIB_H=1 -DHAVE_UNISTD_H=1 -DHAVE_SYS_PARAM_H=1 -DHAVE_GETPAGESIZE=1 -DHAVE_MMAP=1 -DHAVE_MEMCPY=1 -DHAVE_STRERROR=1 -DHAVE_UNISTD_H=1'
DEPDIR='.deps'
DSYMUTIL=''
DUMPBIN=''
ECHO_C=''
ECHO_N='-n'
ECHO_T=''
EGREP='/usr/bin/grep -E'
EXEEXT=''
FGREP='/usr/bin/grep -F'
GREP='/usr/bin/grep'
INSTALL_DATA='/usr/bin/install -c -m 644'
INSTALL_PROGRAM='/usr/bin/install -c'
INSTALL_SCRIPT='/usr/bin/install -c'
INSTALL_STRIP_PROGRAM='$(install_sh) -c -s'
LD='/usr/bin/ld -m elf_x86_64'
LDFLAGS=' -L/home/luyaohan1001/Projects/hack_linux_v5.15/buildroot-2022.02.8/output/host/lib -Wl,-rpath,/home/luyaohan1001/Projects/hack_linux_v5.15/buildroot-2022.02.8/output/host/lib'
LIBOBJS=''
LIBS=''
LIBTOOL='$(SHELL) $(top_builddir)/libtool'
LIPO=''
LN_S='ln -s'
LTLIBOBJS=''
MAINT='#'
MAINTAINER_MODE_FALSE=''
MAINTAINER_MODE_TRUE='#'
MAKEINFO='true --split-size=5000000'
MKDIR_P='/usr/bin/mkdir -p'
NM='/usr/bin/nm'
NMEDIT=''
OBJDUMP='objdump'
OBJEXT='o'
OTOOL64=''
OTOOL=''
PACKAGE='zlib'
PACKAGE_BUGREPORT=''
PACKAGE_NAME='zlib'
PACKAGE_STRING='zlib 1.1.4'
PACKAGE_TARNAME='zlib'
PACKAGE_URL=''
PACKAGE_VERSION='1.1.4'
PATH_SEPARATOR=':'
PICFLAG=''
RANLIB='/usr/bin/ranlib'
SED='/usr/bin/sed'
SET_MAKE=''
SHELL='/bin/bash'
STRIP='strip'
TARGET_LIBRARY_FALSE=''
TARGET_LIBRARY_TRUE='#'
VERSION='1.1.4'
ac_ct_CC=''
ac_ct_DUMPBIN=''
am__EXEEXT_FALSE=''
am__EXEEXT_TRUE='#'
am__fastdepCC_FALSE=''
am__fastdepCC_TRUE='#'
am__include='include'
am__isrc=''
am__leading_dot='.'
am__nodep=''
am__quote=''
am__tar='$${TAR-tar} chof - "$$tardir"'
am__untar='$${TAR-tar} xf -'
bindir='${exec_prefix}/bin'
build='x86_64-pc-linux-gnu'
build_alias='x86_64-pc-linux-gnu'
build_cpu='x86_64'
build_os='linux-gnu'
build_vendor='pc'
datadir='${datarootdir}'
datarootdir='${prefix}/share'
docdir='${datarootdir}/doc/${PACKAGE_TARNAME}'
dvidir='${docdir}'
exec_prefix='${prefix}'
host='x86_64-pc-linux-gnu'
host_alias='x86_64-pc-linux-gnu'
host_cpu='x86_64'
host_os='linux-gnu'
host_vendor='pc'
htmldir='${docdir}'
includedir='${prefix}/include'
infodir='${datarootdir}/info'
install_sh='${SHELL} /home/luyaohan1001/Projects/hack_linux_v5.15/buildroot-2022.02.8/output/build/host-binutils-2.36.1/install-sh'
libdir='${exec_prefix}/lib'
libexecdir='${exec_prefix}/libexec'
localedir='${datarootdir}/locale'
localstatedir='/home/luyaohan1001/Projects/hack_linux_v5.15/buildroot-2022.02.8/output/host/var'
mandir='${datarootdir}/man'
mkdir_p='$(MKDIR_P)'
mkinstalldirs='/home/luyaohan1001/Projects/hack_linux_v5.15/buildroot-2022.02.8/output/build/host-binutils-2.36.1/mkinstalldirs'
multi_basedir=''
oldincludedir='/usr/include'
pdfdir='${docdir}'
prefix='/home/luyaohan1001/Projects/hack_linux_v5.15/buildroot-2022.02.8/output/host'
program_transform_name='s&^&x86_64-buildroot-linux-gnu-&'
psdir='${docdir}'
sbindir='${exec_prefix}/sbin'
sharedstatedir='${prefix}/com'
sysconfdir='/home/luyaohan1001/Projects/hack_linux_v5.15/buildroot-2022.02.8/output/host/etc'
target='x86_64-buildroot-linux-gnu'
target_alias='x86_64-buildroot-linux-gnu'
target_all='libzgcj.la'
target_cpu='x86_64'
target_os='linux-gnu'
target_vendor='buildroot'
toolexecdir='$(libdir)/gcc-lib/$(target_alias)'
toolexeclibdir='$(libdir)/../lib'

## ----------- ##
## confdefs.h. ##
## ----------- ##

/* confdefs.h */
#define PACKAGE_NAME "zlib"
#define PACKAGE_TARNAME "zlib"
#define PACKAGE_VERSION "1.1.4"
#define PACKAGE_STRING "zlib 1.1.4"
#define PACKAGE_BUGREPORT ""
#define PACKAGE_URL ""
#define PACKAGE "zlib"
#define VERSION "1.1.4"
#define STDC_HEADERS 1
#define HAVE_SYS_TYPES_H 1
#define HAVE_SYS_STAT_H 1
#define HAVE_STDLIB_H 1
#define HAVE_STRING_H 1
#define HAVE_MEMORY_H 1
#define HAVE_STRINGS_H 1
#define HAVE_INTTYPES_H 1
#define HAVE_STDINT_H 1
#define HAVE_UNISTD_H 1
#define HAVE_DLFCN_H 1
#define LT_OBJDIR ".libs/"
#define HAVE_STDLIB_H 1
#define HAVE_UNISTD_H 1
#define HAVE_SYS_PARAM_H 1
#define HAVE_GETPAGESIZE 1
#define HAVE_MMAP 1
#define HAVE_MEMCPY 1
#define HAVE_STRERROR 1
#define HAVE_UNISTD_H 1

configure: exit 0
